<?xml version="1.0" encoding="utf-8" standalone="no"?>
<test-results xmlns:xsi="http://www.w3.org/2001/XMLSchema-instance" xsi:noNamespaceSchemaLocation="nunit_schema_2.5.xsd" name="Pester" total="372" errors="0" failures="0" not-run="0" inconclusive="0" ignored="0" skipped="0" invalid="0" date="2018-09-21" time="17:47:39">
  <environment os-version="0.0.0.0" cwd="/home/mark/Documents/Projects/GogsPS" machine-name="" clr-version="Unknown" platform="Unknown" user-domain="" nunit-version="2.5.8.0" user="" />
  <culture-info current-culture="en-US" current-uiculture="en-US" />
  <test-suite type="TestFixture" name="Pester" executed="True" result="Success" success="True" time="19.5927" asserts="0" description="Pester">
    <results>
      <test-suite type="TestFixture" name="/home/mark/Documents/Projects/GogsPS/Tests/Project.Tests.ps1" executed="True" result="Success" success="True" time="19.5927" asserts="0" description="/home/mark/Documents/Projects/GogsPS/Tests/Project.Tests.ps1">
        <results>
          <test-suite type="TestFixture" name="PSScriptAnalyzer rule-sets" executed="True" result="Success" success="True" time="19.4354" asserts="0" description="PSScriptAnalyzer rule-sets">
            <results>
              <test-suite type="TestFixture" name="Script '/home/mark/Documents/Projects/GogsPS/GogsPS/Private/ConvertFrom-SecureString.ps1'" executed="True" result="Success" success="True" time="3.1123" asserts="0" description="Script '/home/mark/Documents/Projects/GogsPS/GogsPS/Private/ConvertFrom-SecureString.ps1'">
                <results>
                  <test-case description="Rule [PSAlignAssignmentStatement]" name="PSScriptAnalyzer rule-sets.Script '/home/mark/Documents/Projects/GogsPS/GogsPS/Private/ConvertFrom-SecureString.ps1'.Rule [PSAlignAssignmentStatement]" time="0.2816" asserts="0" success="True" result="Success" executed="True" />
                  <test-case description="Rule [PSAvoidUsingCmdletAliases]" name="PSScriptAnalyzer rule-sets.Script '/home/mark/Documents/Projects/GogsPS/GogsPS/Private/ConvertFrom-SecureString.ps1'.Rule [PSAvoidUsingCmdletAliases]" time="0.0718" asserts="0" success="True" result="Success" executed="True" />
                  <test-case description="Rule [PSAvoidAssignmentToAutomaticVariable]" name="PSScriptAnalyzer rule-sets.Script '/home/mark/Documents/Projects/GogsPS/GogsPS/Private/ConvertFrom-SecureString.ps1'.Rule [PSAvoidAssignmentToAutomaticVariable]" time="0.0393" asserts="0" success="True" result="Success" executed="True" />
                  <test-case description="Rule [PSAvoidDefaultValueSwitchParameter]" name="PSScriptAnalyzer rule-sets.Script '/home/mark/Documents/Projects/GogsPS/GogsPS/Private/ConvertFrom-SecureString.ps1'.Rule [PSAvoidDefaultValueSwitchParameter]" time="0.0572" asserts="0" success="True" result="Success" executed="True" />
                  <test-case description="Rule [PSAvoidDefaultValueForMandatoryParameter]" name="PSScriptAnalyzer rule-sets.Script '/home/mark/Documents/Projects/GogsPS/GogsPS/Private/ConvertFrom-SecureString.ps1'.Rule [PSAvoidDefaultValueForMandatoryParameter]" time="0.0369" asserts="0" success="True" result="Success" executed="True" />
                  <test-case description="Rule [PSAvoidUsingEmptyCatchBlock]" name="PSScriptAnalyzer rule-sets.Script '/home/mark/Documents/Projects/GogsPS/GogsPS/Private/ConvertFrom-SecureString.ps1'.Rule [PSAvoidUsingEmptyCatchBlock]" time="0.0581" asserts="0" success="True" result="Success" executed="True" />
                  <test-case description="Rule [PSAvoidGlobalAliases]" name="PSScriptAnalyzer rule-sets.Script '/home/mark/Documents/Projects/GogsPS/GogsPS/Private/ConvertFrom-SecureString.ps1'.Rule [PSAvoidGlobalAliases]" time="0.0332" asserts="0" success="True" result="Success" executed="True" />
                  <test-case description="Rule [PSAvoidGlobalFunctions]" name="PSScriptAnalyzer rule-sets.Script '/home/mark/Documents/Projects/GogsPS/GogsPS/Private/ConvertFrom-SecureString.ps1'.Rule [PSAvoidGlobalFunctions]" time="0.0605" asserts="0" success="True" result="Success" executed="True" />
                  <test-case description="Rule [PSAvoidGlobalVars]" name="PSScriptAnalyzer rule-sets.Script '/home/mark/Documents/Projects/GogsPS/GogsPS/Private/ConvertFrom-SecureString.ps1'.Rule [PSAvoidGlobalVars]" time="0.0481" asserts="0" success="True" result="Success" executed="True" />
                  <test-case description="Rule [PSAvoidInvokingEmptyMembers]" name="PSScriptAnalyzer rule-sets.Script '/home/mark/Documents/Projects/GogsPS/GogsPS/Private/ConvertFrom-SecureString.ps1'.Rule [PSAvoidInvokingEmptyMembers]" time="0.0553" asserts="0" success="True" result="Success" executed="True" />
                  <test-case description="Rule [PSAvoidNullOrEmptyHelpMessageAttribute]" name="PSScriptAnalyzer rule-sets.Script '/home/mark/Documents/Projects/GogsPS/GogsPS/Private/ConvertFrom-SecureString.ps1'.Rule [PSAvoidNullOrEmptyHelpMessageAttribute]" time="0.0457" asserts="0" success="True" result="Success" executed="True" />
                  <test-case description="Rule [PSAvoidUsingPositionalParameters]" name="PSScriptAnalyzer rule-sets.Script '/home/mark/Documents/Projects/GogsPS/GogsPS/Private/ConvertFrom-SecureString.ps1'.Rule [PSAvoidUsingPositionalParameters]" time="0.0749" asserts="0" success="True" result="Success" executed="True" />
                  <test-case description="Rule [PSReservedCmdletChar]" name="PSScriptAnalyzer rule-sets.Script '/home/mark/Documents/Projects/GogsPS/GogsPS/Private/ConvertFrom-SecureString.ps1'.Rule [PSReservedCmdletChar]" time="0.0638" asserts="0" success="True" result="Success" executed="True" />
                  <test-case description="Rule [PSReservedParams]" name="PSScriptAnalyzer rule-sets.Script '/home/mark/Documents/Projects/GogsPS/GogsPS/Private/ConvertFrom-SecureString.ps1'.Rule [PSReservedParams]" time="0.0337" asserts="0" success="True" result="Success" executed="True" />
                  <test-case description="Rule [PSAvoidShouldContinueWithoutForce]" name="PSScriptAnalyzer rule-sets.Script '/home/mark/Documents/Projects/GogsPS/GogsPS/Private/ConvertFrom-SecureString.ps1'.Rule [PSAvoidShouldContinueWithoutForce]" time="0.0648" asserts="0" success="True" result="Success" executed="True" />
                  <test-case description="Rule [PSAvoidTrailingWhitespace]" name="PSScriptAnalyzer rule-sets.Script '/home/mark/Documents/Projects/GogsPS/GogsPS/Private/ConvertFrom-SecureString.ps1'.Rule [PSAvoidTrailingWhitespace]" time="0.0512" asserts="0" success="True" result="Success" executed="True" />
                  <test-case description="Rule [PSAvoidUsingUserNameAndPassWordParams]" name="PSScriptAnalyzer rule-sets.Script '/home/mark/Documents/Projects/GogsPS/GogsPS/Private/ConvertFrom-SecureString.ps1'.Rule [PSAvoidUsingUserNameAndPassWordParams]" time="0.0445" asserts="0" success="True" result="Success" executed="True" />
                  <test-case description="Rule [PSAvoidUsingComputerNameHardcoded]" name="PSScriptAnalyzer rule-sets.Script '/home/mark/Documents/Projects/GogsPS/GogsPS/Private/ConvertFrom-SecureString.ps1'.Rule [PSAvoidUsingComputerNameHardcoded]" time="0.0613" asserts="0" success="True" result="Success" executed="True" />
                  <test-case description="Rule [PSAvoidUsingConvertToSecureStringWithPlainText]" name="PSScriptAnalyzer rule-sets.Script '/home/mark/Documents/Projects/GogsPS/GogsPS/Private/ConvertFrom-SecureString.ps1'.Rule [PSAvoidUsingConvertToSecureStringWithPlainText]" time="0.0653" asserts="0" success="True" result="Success" executed="True" />
                  <test-case description="Rule [PSAvoidUsingDeprecatedManifestFields]" name="PSScriptAnalyzer rule-sets.Script '/home/mark/Documents/Projects/GogsPS/GogsPS/Private/ConvertFrom-SecureString.ps1'.Rule [PSAvoidUsingDeprecatedManifestFields]" time="0.0466" asserts="0" success="True" result="Success" executed="True" />
                  <test-case description="Rule [PSAvoidUsingInvokeExpression]" name="PSScriptAnalyzer rule-sets.Script '/home/mark/Documents/Projects/GogsPS/GogsPS/Private/ConvertFrom-SecureString.ps1'.Rule [PSAvoidUsingInvokeExpression]" time="0.0826" asserts="0" success="True" result="Success" executed="True" />
                  <test-case description="Rule [PSAvoidUsingPlainTextForPassword]" name="PSScriptAnalyzer rule-sets.Script '/home/mark/Documents/Projects/GogsPS/GogsPS/Private/ConvertFrom-SecureString.ps1'.Rule [PSAvoidUsingPlainTextForPassword]" time="0.0774" asserts="0" success="True" result="Success" executed="True" />
                  <test-case description="Rule [PSAvoidUsingWMICmdlet]" name="PSScriptAnalyzer rule-sets.Script '/home/mark/Documents/Projects/GogsPS/GogsPS/Private/ConvertFrom-SecureString.ps1'.Rule [PSAvoidUsingWMICmdlet]" time="0.063" asserts="0" success="True" result="Success" executed="True" />
                  <test-case description="Rule [PSAvoidUsingWriteHost]" name="PSScriptAnalyzer rule-sets.Script '/home/mark/Documents/Projects/GogsPS/GogsPS/Private/ConvertFrom-SecureString.ps1'.Rule [PSAvoidUsingWriteHost]" time="0.0776" asserts="0" success="True" result="Success" executed="True" />
                  <test-case description="Rule [PSMisleadingBacktick]" name="PSScriptAnalyzer rule-sets.Script '/home/mark/Documents/Projects/GogsPS/GogsPS/Private/ConvertFrom-SecureString.ps1'.Rule [PSMisleadingBacktick]" time="0.0555" asserts="0" success="True" result="Success" executed="True" />
                  <test-case description="Rule [PSMissingModuleManifestField]" name="PSScriptAnalyzer rule-sets.Script '/home/mark/Documents/Projects/GogsPS/GogsPS/Private/ConvertFrom-SecureString.ps1'.Rule [PSMissingModuleManifestField]" time="0.0729" asserts="0" success="True" result="Success" executed="True" />
                  <test-case description="Rule [PSPlaceCloseBrace]" name="PSScriptAnalyzer rule-sets.Script '/home/mark/Documents/Projects/GogsPS/GogsPS/Private/ConvertFrom-SecureString.ps1'.Rule [PSPlaceCloseBrace]" time="0.0611" asserts="0" success="True" result="Success" executed="True" />
                  <test-case description="Rule [PSPlaceOpenBrace]" name="PSScriptAnalyzer rule-sets.Script '/home/mark/Documents/Projects/GogsPS/GogsPS/Private/ConvertFrom-SecureString.ps1'.Rule [PSPlaceOpenBrace]" time="0.0805" asserts="0" success="True" result="Success" executed="True" />
                  <test-case description="Rule [PSPossibleIncorrectComparisonWithNull]" name="PSScriptAnalyzer rule-sets.Script '/home/mark/Documents/Projects/GogsPS/GogsPS/Private/ConvertFrom-SecureString.ps1'.Rule [PSPossibleIncorrectComparisonWithNull]" time="0.0805" asserts="0" success="True" result="Success" executed="True" />
                  <test-case description="Rule [PSPossibleIncorrectUsageOfAssignmentOperator]" name="PSScriptAnalyzer rule-sets.Script '/home/mark/Documents/Projects/GogsPS/GogsPS/Private/ConvertFrom-SecureString.ps1'.Rule [PSPossibleIncorrectUsageOfAssignmentOperator]" time="0.0441" asserts="0" success="True" result="Success" executed="True" />
                  <test-case description="Rule [PSPossibleIncorrectUsageOfRedirectionOperator]" name="PSScriptAnalyzer rule-sets.Script '/home/mark/Documents/Projects/GogsPS/GogsPS/Private/ConvertFrom-SecureString.ps1'.Rule [PSPossibleIncorrectUsageOfRedirectionOperator]" time="0.0456" asserts="0" success="True" result="Success" executed="True" />
                  <test-case description="Rule [PSProvideCommentHelp]" name="PSScriptAnalyzer rule-sets.Script '/home/mark/Documents/Projects/GogsPS/GogsPS/Private/ConvertFrom-SecureString.ps1'.Rule [PSProvideCommentHelp]" time="0.0501" asserts="0" success="True" result="Success" executed="True" />
                  <test-case description="Rule [PSUseApprovedVerbs]" name="PSScriptAnalyzer rule-sets.Script '/home/mark/Documents/Projects/GogsPS/GogsPS/Private/ConvertFrom-SecureString.ps1'.Rule [PSUseApprovedVerbs]" time="0.0539" asserts="0" success="True" result="Success" executed="True" />
                  <test-case description="Rule [PSUseBOMForUnicodeEncodedFile]" name="PSScriptAnalyzer rule-sets.Script '/home/mark/Documents/Projects/GogsPS/GogsPS/Private/ConvertFrom-SecureString.ps1'.Rule [PSUseBOMForUnicodeEncodedFile]" time="0.0536" asserts="0" success="True" result="Success" executed="True" />
                  <test-case description="Rule [PSUseCmdletCorrectly]" name="PSScriptAnalyzer rule-sets.Script '/home/mark/Documents/Projects/GogsPS/GogsPS/Private/ConvertFrom-SecureString.ps1'.Rule [PSUseCmdletCorrectly]" time="0.0544" asserts="0" success="True" result="Success" executed="True" />
                  <test-case description="Rule [PSUseCompatibleCmdlets]" name="PSScriptAnalyzer rule-sets.Script '/home/mark/Documents/Projects/GogsPS/GogsPS/Private/ConvertFrom-SecureString.ps1'.Rule [PSUseCompatibleCmdlets]" time="0.0363" asserts="0" success="True" result="Success" executed="True" />
                  <test-case description="Rule [PSUseConsistentIndentation]" name="PSScriptAnalyzer rule-sets.Script '/home/mark/Documents/Projects/GogsPS/GogsPS/Private/ConvertFrom-SecureString.ps1'.Rule [PSUseConsistentIndentation]" time="0.0562" asserts="0" success="True" result="Success" executed="True" />
                  <test-case description="Rule [PSUseConsistentWhitespace]" name="PSScriptAnalyzer rule-sets.Script '/home/mark/Documents/Projects/GogsPS/GogsPS/Private/ConvertFrom-SecureString.ps1'.Rule [PSUseConsistentWhitespace]" time="0.0553" asserts="0" success="True" result="Success" executed="True" />
                  <test-case description="Rule [PSUseDeclaredVarsMoreThanAssignments]" name="PSScriptAnalyzer rule-sets.Script '/home/mark/Documents/Projects/GogsPS/GogsPS/Private/ConvertFrom-SecureString.ps1'.Rule [PSUseDeclaredVarsMoreThanAssignments]" time="0.0464" asserts="0" success="True" result="Success" executed="True" />
                  <test-case description="Rule [PSUseLiteralInitializerForHashtable]" name="PSScriptAnalyzer rule-sets.Script '/home/mark/Documents/Projects/GogsPS/GogsPS/Private/ConvertFrom-SecureString.ps1'.Rule [PSUseLiteralInitializerForHashtable]" time="0.0433" asserts="0" success="True" result="Success" executed="True" />
                  <test-case description="Rule [PSUseOutputTypeCorrectly]" name="PSScriptAnalyzer rule-sets.Script '/home/mark/Documents/Projects/GogsPS/GogsPS/Private/ConvertFrom-SecureString.ps1'.Rule [PSUseOutputTypeCorrectly]" time="0.0457" asserts="0" success="True" result="Success" executed="True" />
                  <test-case description="Rule [PSUsePSCredentialType]" name="PSScriptAnalyzer rule-sets.Script '/home/mark/Documents/Projects/GogsPS/GogsPS/Private/ConvertFrom-SecureString.ps1'.Rule [PSUsePSCredentialType]" time="0.0488" asserts="0" success="True" result="Success" executed="True" />
                  <test-case description="Rule [PSShouldProcess]" name="PSScriptAnalyzer rule-sets.Script '/home/mark/Documents/Projects/GogsPS/GogsPS/Private/ConvertFrom-SecureString.ps1'.Rule [PSShouldProcess]" time="0.0467" asserts="0" success="True" result="Success" executed="True" />
                  <test-case description="Rule [PSUseShouldProcessForStateChangingFunctions]" name="PSScriptAnalyzer rule-sets.Script '/home/mark/Documents/Projects/GogsPS/GogsPS/Private/ConvertFrom-SecureString.ps1'.Rule [PSUseShouldProcessForStateChangingFunctions]" time="0.0533" asserts="0" success="True" result="Success" executed="True" />
                  <test-case description="Rule [PSUseSupportsShouldProcess]" name="PSScriptAnalyzer rule-sets.Script '/home/mark/Documents/Projects/GogsPS/GogsPS/Private/ConvertFrom-SecureString.ps1'.Rule [PSUseSupportsShouldProcess]" time="0.0465" asserts="0" success="True" result="Success" executed="True" />
                  <test-case description="Rule [PSUseUTF8EncodingForHelpFile]" name="PSScriptAnalyzer rule-sets.Script '/home/mark/Documents/Projects/GogsPS/GogsPS/Private/ConvertFrom-SecureString.ps1'.Rule [PSUseUTF8EncodingForHelpFile]" time="0.0427" asserts="0" success="True" result="Success" executed="True" />
                  <test-case description="Rule [PSDSCDscExamplesPresent]" name="PSScriptAnalyzer rule-sets.Script '/home/mark/Documents/Projects/GogsPS/GogsPS/Private/ConvertFrom-SecureString.ps1'.Rule [PSDSCDscExamplesPresent]" time="0.058" asserts="0" success="True" result="Success" executed="True" />
                  <test-case description="Rule [PSDSCDscTestsPresent]" name="PSScriptAnalyzer rule-sets.Script '/home/mark/Documents/Projects/GogsPS/GogsPS/Private/ConvertFrom-SecureString.ps1'.Rule [PSDSCDscTestsPresent]" time="0.0449" asserts="0" success="True" result="Success" executed="True" />
                  <test-case description="Rule [PSDSCReturnCorrectTypesForDSCFunctions]" name="PSScriptAnalyzer rule-sets.Script '/home/mark/Documents/Projects/GogsPS/GogsPS/Private/ConvertFrom-SecureString.ps1'.Rule [PSDSCReturnCorrectTypesForDSCFunctions]" time="0.0552" asserts="0" success="True" result="Success" executed="True" />
                  <test-case description="Rule [PSDSCUseIdenticalMandatoryParametersForDSC]" name="PSScriptAnalyzer rule-sets.Script '/home/mark/Documents/Projects/GogsPS/GogsPS/Private/ConvertFrom-SecureString.ps1'.Rule [PSDSCUseIdenticalMandatoryParametersForDSC]" time="0.0558" asserts="0" success="True" result="Success" executed="True" />
                  <test-case description="Rule [PSDSCUseIdenticalParametersForDSC]" name="PSScriptAnalyzer rule-sets.Script '/home/mark/Documents/Projects/GogsPS/GogsPS/Private/ConvertFrom-SecureString.ps1'.Rule [PSDSCUseIdenticalParametersForDSC]" time="0.0418" asserts="0" success="True" result="Success" executed="True" />
                  <test-case description="Rule [PSDSCStandardDSCFunctionsInResource]" name="PSScriptAnalyzer rule-sets.Script '/home/mark/Documents/Projects/GogsPS/GogsPS/Private/ConvertFrom-SecureString.ps1'.Rule [PSDSCStandardDSCFunctionsInResource]" time="0.043" asserts="0" success="True" result="Success" executed="True" />
                  <test-case description="Rule [PSDSCUseVerboseMessageInDSCResource]" name="PSScriptAnalyzer rule-sets.Script '/home/mark/Documents/Projects/GogsPS/GogsPS/Private/ConvertFrom-SecureString.ps1'.Rule [PSDSCUseVerboseMessageInDSCResource]" time="0.0459" asserts="0" success="True" result="Success" executed="True" />
                </results>
              </test-suite>
              <test-suite type="TestFixture" name="Script '/home/mark/Documents/Projects/GogsPS/GogsPS/Private/Invoke-GogsApi.ps1'" executed="True" result="Success" success="True" time="2.6403" asserts="0" description="Script '/home/mark/Documents/Projects/GogsPS/GogsPS/Private/Invoke-GogsApi.ps1'">
                <results>
                  <test-case description="Rule [PSAlignAssignmentStatement]" name="PSScriptAnalyzer rule-sets.Script '/home/mark/Documents/Projects/GogsPS/GogsPS/Private/Invoke-GogsApi.ps1'.Rule [PSAlignAssignmentStatement]" time="0.1138" asserts="0" success="True" result="Success" executed="True" />
                  <test-case description="Rule [PSAvoidUsingCmdletAliases]" name="PSScriptAnalyzer rule-sets.Script '/home/mark/Documents/Projects/GogsPS/GogsPS/Private/Invoke-GogsApi.ps1'.Rule [PSAvoidUsingCmdletAliases]" time="0.0553" asserts="0" success="True" result="Success" executed="True" />
                  <test-case description="Rule [PSAvoidAssignmentToAutomaticVariable]" name="PSScriptAnalyzer rule-sets.Script '/home/mark/Documents/Projects/GogsPS/GogsPS/Private/Invoke-GogsApi.ps1'.Rule [PSAvoidAssignmentToAutomaticVariable]" time="0.044" asserts="0" success="True" result="Success" executed="True" />
                  <test-case description="Rule [PSAvoidDefaultValueSwitchParameter]" name="PSScriptAnalyzer rule-sets.Script '/home/mark/Documents/Projects/GogsPS/GogsPS/Private/Invoke-GogsApi.ps1'.Rule [PSAvoidDefaultValueSwitchParameter]" time="0.0468" asserts="0" success="True" result="Success" executed="True" />
                  <test-case description="Rule [PSAvoidDefaultValueForMandatoryParameter]" name="PSScriptAnalyzer rule-sets.Script '/home/mark/Documents/Projects/GogsPS/GogsPS/Private/Invoke-GogsApi.ps1'.Rule [PSAvoidDefaultValueForMandatoryParameter]" time="0.053" asserts="0" success="True" result="Success" executed="True" />
                  <test-case description="Rule [PSAvoidUsingEmptyCatchBlock]" name="PSScriptAnalyzer rule-sets.Script '/home/mark/Documents/Projects/GogsPS/GogsPS/Private/Invoke-GogsApi.ps1'.Rule [PSAvoidUsingEmptyCatchBlock]" time="0.0454" asserts="0" success="True" result="Success" executed="True" />
                  <test-case description="Rule [PSAvoidGlobalAliases]" name="PSScriptAnalyzer rule-sets.Script '/home/mark/Documents/Projects/GogsPS/GogsPS/Private/Invoke-GogsApi.ps1'.Rule [PSAvoidGlobalAliases]" time="0.0578" asserts="0" success="True" result="Success" executed="True" />
                  <test-case description="Rule [PSAvoidGlobalFunctions]" name="PSScriptAnalyzer rule-sets.Script '/home/mark/Documents/Projects/GogsPS/GogsPS/Private/Invoke-GogsApi.ps1'.Rule [PSAvoidGlobalFunctions]" time="0.0481" asserts="0" success="True" result="Success" executed="True" />
                  <test-case description="Rule [PSAvoidGlobalVars]" name="PSScriptAnalyzer rule-sets.Script '/home/mark/Documents/Projects/GogsPS/GogsPS/Private/Invoke-GogsApi.ps1'.Rule [PSAvoidGlobalVars]" time="0.0466" asserts="0" success="True" result="Success" executed="True" />
                  <test-case description="Rule [PSAvoidInvokingEmptyMembers]" name="PSScriptAnalyzer rule-sets.Script '/home/mark/Documents/Projects/GogsPS/GogsPS/Private/Invoke-GogsApi.ps1'.Rule [PSAvoidInvokingEmptyMembers]" time="0.0465" asserts="0" success="True" result="Success" executed="True" />
                  <test-case description="Rule [PSAvoidNullOrEmptyHelpMessageAttribute]" name="PSScriptAnalyzer rule-sets.Script '/home/mark/Documents/Projects/GogsPS/GogsPS/Private/Invoke-GogsApi.ps1'.Rule [PSAvoidNullOrEmptyHelpMessageAttribute]" time="0.0487" asserts="0" success="True" result="Success" executed="True" />
                  <test-case description="Rule [PSAvoidUsingPositionalParameters]" name="PSScriptAnalyzer rule-sets.Script '/home/mark/Documents/Projects/GogsPS/GogsPS/Private/Invoke-GogsApi.ps1'.Rule [PSAvoidUsingPositionalParameters]" time="0.0354" asserts="0" success="True" result="Success" executed="True" />
                  <test-case description="Rule [PSReservedCmdletChar]" name="PSScriptAnalyzer rule-sets.Script '/home/mark/Documents/Projects/GogsPS/GogsPS/Private/Invoke-GogsApi.ps1'.Rule [PSReservedCmdletChar]" time="0.0473" asserts="0" success="True" result="Success" executed="True" />
                  <test-case description="Rule [PSReservedParams]" name="PSScriptAnalyzer rule-sets.Script '/home/mark/Documents/Projects/GogsPS/GogsPS/Private/Invoke-GogsApi.ps1'.Rule [PSReservedParams]" time="0.0557" asserts="0" success="True" result="Success" executed="True" />
                  <test-case description="Rule [PSAvoidShouldContinueWithoutForce]" name="PSScriptAnalyzer rule-sets.Script '/home/mark/Documents/Projects/GogsPS/GogsPS/Private/Invoke-GogsApi.ps1'.Rule [PSAvoidShouldContinueWithoutForce]" time="0.0462" asserts="0" success="True" result="Success" executed="True" />
                  <test-case description="Rule [PSAvoidTrailingWhitespace]" name="PSScriptAnalyzer rule-sets.Script '/home/mark/Documents/Projects/GogsPS/GogsPS/Private/Invoke-GogsApi.ps1'.Rule [PSAvoidTrailingWhitespace]" time="0.055" asserts="0" success="True" result="Success" executed="True" />
                  <test-case description="Rule [PSAvoidUsingUserNameAndPassWordParams]" name="PSScriptAnalyzer rule-sets.Script '/home/mark/Documents/Projects/GogsPS/GogsPS/Private/Invoke-GogsApi.ps1'.Rule [PSAvoidUsingUserNameAndPassWordParams]" time="0.0648" asserts="0" success="True" result="Success" executed="True" />
                  <test-case description="Rule [PSAvoidUsingComputerNameHardcoded]" name="PSScriptAnalyzer rule-sets.Script '/home/mark/Documents/Projects/GogsPS/GogsPS/Private/Invoke-GogsApi.ps1'.Rule [PSAvoidUsingComputerNameHardcoded]" time="0.0487" asserts="0" success="True" result="Success" executed="True" />
                  <test-case description="Rule [PSAvoidUsingConvertToSecureStringWithPlainText]" name="PSScriptAnalyzer rule-sets.Script '/home/mark/Documents/Projects/GogsPS/GogsPS/Private/Invoke-GogsApi.ps1'.Rule [PSAvoidUsingConvertToSecureStringWithPlainText]" time="0.0373" asserts="0" success="True" result="Success" executed="True" />
                  <test-case description="Rule [PSAvoidUsingDeprecatedManifestFields]" name="PSScriptAnalyzer rule-sets.Script '/home/mark/Documents/Projects/GogsPS/GogsPS/Private/Invoke-GogsApi.ps1'.Rule [PSAvoidUsingDeprecatedManifestFields]" time="0.0576" asserts="0" success="True" result="Success" executed="True" />
                  <test-case description="Rule [PSAvoidUsingInvokeExpression]" name="PSScriptAnalyzer rule-sets.Script '/home/mark/Documents/Projects/GogsPS/GogsPS/Private/Invoke-GogsApi.ps1'.Rule [PSAvoidUsingInvokeExpression]" time="0.0487" asserts="0" success="True" result="Success" executed="True" />
                  <test-case description="Rule [PSAvoidUsingPlainTextForPassword]" name="PSScriptAnalyzer rule-sets.Script '/home/mark/Documents/Projects/GogsPS/GogsPS/Private/Invoke-GogsApi.ps1'.Rule [PSAvoidUsingPlainTextForPassword]" time="0.0356" asserts="0" success="True" result="Success" executed="True" />
                  <test-case description="Rule [PSAvoidUsingWMICmdlet]" name="PSScriptAnalyzer rule-sets.Script '/home/mark/Documents/Projects/GogsPS/GogsPS/Private/Invoke-GogsApi.ps1'.Rule [PSAvoidUsingWMICmdlet]" time="0.0483" asserts="0" success="True" result="Success" executed="True" />
                  <test-case description="Rule [PSAvoidUsingWriteHost]" name="PSScriptAnalyzer rule-sets.Script '/home/mark/Documents/Projects/GogsPS/GogsPS/Private/Invoke-GogsApi.ps1'.Rule [PSAvoidUsingWriteHost]" time="0.0468" asserts="0" success="True" result="Success" executed="True" />
                  <test-case description="Rule [PSMisleadingBacktick]" name="PSScriptAnalyzer rule-sets.Script '/home/mark/Documents/Projects/GogsPS/GogsPS/Private/Invoke-GogsApi.ps1'.Rule [PSMisleadingBacktick]" time="0.0542" asserts="0" success="True" result="Success" executed="True" />
                  <test-case description="Rule [PSMissingModuleManifestField]" name="PSScriptAnalyzer rule-sets.Script '/home/mark/Documents/Projects/GogsPS/GogsPS/Private/Invoke-GogsApi.ps1'.Rule [PSMissingModuleManifestField]" time="0.0512" asserts="0" success="True" result="Success" executed="True" />
                  <test-case description="Rule [PSPlaceCloseBrace]" name="PSScriptAnalyzer rule-sets.Script '/home/mark/Documents/Projects/GogsPS/GogsPS/Private/Invoke-GogsApi.ps1'.Rule [PSPlaceCloseBrace]" time="0.0489" asserts="0" success="True" result="Success" executed="True" />
                  <test-case description="Rule [PSPlaceOpenBrace]" name="PSScriptAnalyzer rule-sets.Script '/home/mark/Documents/Projects/GogsPS/GogsPS/Private/Invoke-GogsApi.ps1'.Rule [PSPlaceOpenBrace]" time="0.051" asserts="0" success="True" result="Success" executed="True" />
                  <test-case description="Rule [PSPossibleIncorrectComparisonWithNull]" name="PSScriptAnalyzer rule-sets.Script '/home/mark/Documents/Projects/GogsPS/GogsPS/Private/Invoke-GogsApi.ps1'.Rule [PSPossibleIncorrectComparisonWithNull]" time="0.0583" asserts="0" success="True" result="Success" executed="True" />
                  <test-case description="Rule [PSPossibleIncorrectUsageOfAssignmentOperator]" name="PSScriptAnalyzer rule-sets.Script '/home/mark/Documents/Projects/GogsPS/GogsPS/Private/Invoke-GogsApi.ps1'.Rule [PSPossibleIncorrectUsageOfAssignmentOperator]" time="0.048" asserts="0" success="True" result="Success" executed="True" />
                  <test-case description="Rule [PSPossibleIncorrectUsageOfRedirectionOperator]" name="PSScriptAnalyzer rule-sets.Script '/home/mark/Documents/Projects/GogsPS/GogsPS/Private/Invoke-GogsApi.ps1'.Rule [PSPossibleIncorrectUsageOfRedirectionOperator]" time="0.0432" asserts="0" success="True" result="Success" executed="True" />
                  <test-case description="Rule [PSProvideCommentHelp]" name="PSScriptAnalyzer rule-sets.Script '/home/mark/Documents/Projects/GogsPS/GogsPS/Private/Invoke-GogsApi.ps1'.Rule [PSProvideCommentHelp]" time="0.0592" asserts="0" success="True" result="Success" executed="True" />
                  <test-case description="Rule [PSUseApprovedVerbs]" name="PSScriptAnalyzer rule-sets.Script '/home/mark/Documents/Projects/GogsPS/GogsPS/Private/Invoke-GogsApi.ps1'.Rule [PSUseApprovedVerbs]" time="0.0501" asserts="0" success="True" result="Success" executed="True" />
                  <test-case description="Rule [PSUseBOMForUnicodeEncodedFile]" name="PSScriptAnalyzer rule-sets.Script '/home/mark/Documents/Projects/GogsPS/GogsPS/Private/Invoke-GogsApi.ps1'.Rule [PSUseBOMForUnicodeEncodedFile]" time="0.0475" asserts="0" success="True" result="Success" executed="True" />
                  <test-case description="Rule [PSUseCmdletCorrectly]" name="PSScriptAnalyzer rule-sets.Script '/home/mark/Documents/Projects/GogsPS/GogsPS/Private/Invoke-GogsApi.ps1'.Rule [PSUseCmdletCorrectly]" time="0.0391" asserts="0" success="True" result="Success" executed="True" />
                  <test-case description="Rule [PSUseCompatibleCmdlets]" name="PSScriptAnalyzer rule-sets.Script '/home/mark/Documents/Projects/GogsPS/GogsPS/Private/Invoke-GogsApi.ps1'.Rule [PSUseCompatibleCmdlets]" time="0.0467" asserts="0" success="True" result="Success" executed="True" />
                  <test-case description="Rule [PSUseConsistentIndentation]" name="PSScriptAnalyzer rule-sets.Script '/home/mark/Documents/Projects/GogsPS/GogsPS/Private/Invoke-GogsApi.ps1'.Rule [PSUseConsistentIndentation]" time="0.0351" asserts="0" success="True" result="Success" executed="True" />
                  <test-case description="Rule [PSUseConsistentWhitespace]" name="PSScriptAnalyzer rule-sets.Script '/home/mark/Documents/Projects/GogsPS/GogsPS/Private/Invoke-GogsApi.ps1'.Rule [PSUseConsistentWhitespace]" time="0.0475" asserts="0" success="True" result="Success" executed="True" />
                  <test-case description="Rule [PSUseDeclaredVarsMoreThanAssignments]" name="PSScriptAnalyzer rule-sets.Script '/home/mark/Documents/Projects/GogsPS/GogsPS/Private/Invoke-GogsApi.ps1'.Rule [PSUseDeclaredVarsMoreThanAssignments]" time="0.0493" asserts="0" success="True" result="Success" executed="True" />
                  <test-case description="Rule [PSUseLiteralInitializerForHashtable]" name="PSScriptAnalyzer rule-sets.Script '/home/mark/Documents/Projects/GogsPS/GogsPS/Private/Invoke-GogsApi.ps1'.Rule [PSUseLiteralInitializerForHashtable]" time="0.0461" asserts="0" success="True" result="Success" executed="True" />
                  <test-case description="Rule [PSUseOutputTypeCorrectly]" name="PSScriptAnalyzer rule-sets.Script '/home/mark/Documents/Projects/GogsPS/GogsPS/Private/Invoke-GogsApi.ps1'.Rule [PSUseOutputTypeCorrectly]" time="0.0496" asserts="0" success="True" result="Success" executed="True" />
                  <test-case description="Rule [PSUsePSCredentialType]" name="PSScriptAnalyzer rule-sets.Script '/home/mark/Documents/Projects/GogsPS/GogsPS/Private/Invoke-GogsApi.ps1'.Rule [PSUsePSCredentialType]" time="0.0424" asserts="0" success="True" result="Success" executed="True" />
                  <test-case description="Rule [PSShouldProcess]" name="PSScriptAnalyzer rule-sets.Script '/home/mark/Documents/Projects/GogsPS/GogsPS/Private/Invoke-GogsApi.ps1'.Rule [PSShouldProcess]" time="0.0575" asserts="0" success="True" result="Success" executed="True" />
                  <test-case description="Rule [PSUseShouldProcessForStateChangingFunctions]" name="PSScriptAnalyzer rule-sets.Script '/home/mark/Documents/Projects/GogsPS/GogsPS/Private/Invoke-GogsApi.ps1'.Rule [PSUseShouldProcessForStateChangingFunctions]" time="0.0477" asserts="0" success="True" result="Success" executed="True" />
                  <test-case description="Rule [PSUseSupportsShouldProcess]" name="PSScriptAnalyzer rule-sets.Script '/home/mark/Documents/Projects/GogsPS/GogsPS/Private/Invoke-GogsApi.ps1'.Rule [PSUseSupportsShouldProcess]" time="0.0469" asserts="0" success="True" result="Success" executed="True" />
                  <test-case description="Rule [PSUseUTF8EncodingForHelpFile]" name="PSScriptAnalyzer rule-sets.Script '/home/mark/Documents/Projects/GogsPS/GogsPS/Private/Invoke-GogsApi.ps1'.Rule [PSUseUTF8EncodingForHelpFile]" time="0.0475" asserts="0" success="True" result="Success" executed="True" />
                  <test-case description="Rule [PSDSCDscExamplesPresent]" name="PSScriptAnalyzer rule-sets.Script '/home/mark/Documents/Projects/GogsPS/GogsPS/Private/Invoke-GogsApi.ps1'.Rule [PSDSCDscExamplesPresent]" time="0.0453" asserts="0" success="True" result="Success" executed="True" />
                  <test-case description="Rule [PSDSCDscTestsPresent]" name="PSScriptAnalyzer rule-sets.Script '/home/mark/Documents/Projects/GogsPS/GogsPS/Private/Invoke-GogsApi.ps1'.Rule [PSDSCDscTestsPresent]" time="0.0393" asserts="0" success="True" result="Success" executed="True" />
                  <test-case description="Rule [PSDSCReturnCorrectTypesForDSCFunctions]" name="PSScriptAnalyzer rule-sets.Script '/home/mark/Documents/Projects/GogsPS/GogsPS/Private/Invoke-GogsApi.ps1'.Rule [PSDSCReturnCorrectTypesForDSCFunctions]" time="0.0465" asserts="0" success="True" result="Success" executed="True" />
                  <test-case description="Rule [PSDSCUseIdenticalMandatoryParametersForDSC]" name="PSScriptAnalyzer rule-sets.Script '/home/mark/Documents/Projects/GogsPS/GogsPS/Private/Invoke-GogsApi.ps1'.Rule [PSDSCUseIdenticalMandatoryParametersForDSC]" time="0.056" asserts="0" success="True" result="Success" executed="True" />
                  <test-case description="Rule [PSDSCUseIdenticalParametersForDSC]" name="PSScriptAnalyzer rule-sets.Script '/home/mark/Documents/Projects/GogsPS/GogsPS/Private/Invoke-GogsApi.ps1'.Rule [PSDSCUseIdenticalParametersForDSC]" time="0.0623" asserts="0" success="True" result="Success" executed="True" />
                  <test-case description="Rule [PSDSCStandardDSCFunctionsInResource]" name="PSScriptAnalyzer rule-sets.Script '/home/mark/Documents/Projects/GogsPS/GogsPS/Private/Invoke-GogsApi.ps1'.Rule [PSDSCStandardDSCFunctionsInResource]" time="0.0517" asserts="0" success="True" result="Success" executed="True" />
                  <test-case description="Rule [PSDSCUseVerboseMessageInDSCResource]" name="PSScriptAnalyzer rule-sets.Script '/home/mark/Documents/Projects/GogsPS/GogsPS/Private/Invoke-GogsApi.ps1'.Rule [PSDSCUseVerboseMessageInDSCResource]" time="0.0389" asserts="0" success="True" result="Success" executed="True" />
                </results>
              </test-suite>
              <test-suite type="TestFixture" name="Script '/home/mark/Documents/Projects/GogsPS/GogsPS/Public/Get-GogsUser.ps1'" executed="True" result="Success" success="True" time="2.7615" asserts="0" description="Script '/home/mark/Documents/Projects/GogsPS/GogsPS/Public/Get-GogsUser.ps1'">
                <results>
                  <test-case description="Rule [PSAlignAssignmentStatement]" name="PSScriptAnalyzer rule-sets.Script '/home/mark/Documents/Projects/GogsPS/GogsPS/Public/Get-GogsUser.ps1'.Rule [PSAlignAssignmentStatement]" time="0.113" asserts="0" success="True" result="Success" executed="True" />
                  <test-case description="Rule [PSAvoidUsingCmdletAliases]" name="PSScriptAnalyzer rule-sets.Script '/home/mark/Documents/Projects/GogsPS/GogsPS/Public/Get-GogsUser.ps1'.Rule [PSAvoidUsingCmdletAliases]" time="0.1338" asserts="0" success="True" result="Success" executed="True" />
                  <test-case description="Rule [PSAvoidAssignmentToAutomaticVariable]" name="PSScriptAnalyzer rule-sets.Script '/home/mark/Documents/Projects/GogsPS/GogsPS/Public/Get-GogsUser.ps1'.Rule [PSAvoidAssignmentToAutomaticVariable]" time="0.0645" asserts="0" success="True" result="Success" executed="True" />
                  <test-case description="Rule [PSAvoidDefaultValueSwitchParameter]" name="PSScriptAnalyzer rule-sets.Script '/home/mark/Documents/Projects/GogsPS/GogsPS/Public/Get-GogsUser.ps1'.Rule [PSAvoidDefaultValueSwitchParameter]" time="0.0364" asserts="0" success="True" result="Success" executed="True" />
                  <test-case description="Rule [PSAvoidDefaultValueForMandatoryParameter]" name="PSScriptAnalyzer rule-sets.Script '/home/mark/Documents/Projects/GogsPS/GogsPS/Public/Get-GogsUser.ps1'.Rule [PSAvoidDefaultValueForMandatoryParameter]" time="0.0377" asserts="0" success="True" result="Success" executed="True" />
                  <test-case description="Rule [PSAvoidUsingEmptyCatchBlock]" name="PSScriptAnalyzer rule-sets.Script '/home/mark/Documents/Projects/GogsPS/GogsPS/Public/Get-GogsUser.ps1'.Rule [PSAvoidUsingEmptyCatchBlock]" time="0.0489" asserts="0" success="True" result="Success" executed="True" />
                  <test-case description="Rule [PSAvoidGlobalAliases]" name="PSScriptAnalyzer rule-sets.Script '/home/mark/Documents/Projects/GogsPS/GogsPS/Public/Get-GogsUser.ps1'.Rule [PSAvoidGlobalAliases]" time="0.0458" asserts="0" success="True" result="Success" executed="True" />
                  <test-case description="Rule [PSAvoidGlobalFunctions]" name="PSScriptAnalyzer rule-sets.Script '/home/mark/Documents/Projects/GogsPS/GogsPS/Public/Get-GogsUser.ps1'.Rule [PSAvoidGlobalFunctions]" time="0.0442" asserts="0" success="True" result="Success" executed="True" />
                  <test-case description="Rule [PSAvoidGlobalVars]" name="PSScriptAnalyzer rule-sets.Script '/home/mark/Documents/Projects/GogsPS/GogsPS/Public/Get-GogsUser.ps1'.Rule [PSAvoidGlobalVars]" time="0.0462" asserts="0" success="True" result="Success" executed="True" />
                  <test-case description="Rule [PSAvoidInvokingEmptyMembers]" name="PSScriptAnalyzer rule-sets.Script '/home/mark/Documents/Projects/GogsPS/GogsPS/Public/Get-GogsUser.ps1'.Rule [PSAvoidInvokingEmptyMembers]" time="0.062" asserts="0" success="True" result="Success" executed="True" />
                  <test-case description="Rule [PSAvoidNullOrEmptyHelpMessageAttribute]" name="PSScriptAnalyzer rule-sets.Script '/home/mark/Documents/Projects/GogsPS/GogsPS/Public/Get-GogsUser.ps1'.Rule [PSAvoidNullOrEmptyHelpMessageAttribute]" time="0.0441" asserts="0" success="True" result="Success" executed="True" />
                  <test-case description="Rule [PSAvoidUsingPositionalParameters]" name="PSScriptAnalyzer rule-sets.Script '/home/mark/Documents/Projects/GogsPS/GogsPS/Public/Get-GogsUser.ps1'.Rule [PSAvoidUsingPositionalParameters]" time="0.0444" asserts="0" success="True" result="Success" executed="True" />
                  <test-case description="Rule [PSReservedCmdletChar]" name="PSScriptAnalyzer rule-sets.Script '/home/mark/Documents/Projects/GogsPS/GogsPS/Public/Get-GogsUser.ps1'.Rule [PSReservedCmdletChar]" time="0.0444" asserts="0" success="True" result="Success" executed="True" />
                  <test-case description="Rule [PSReservedParams]" name="PSScriptAnalyzer rule-sets.Script '/home/mark/Documents/Projects/GogsPS/GogsPS/Public/Get-GogsUser.ps1'.Rule [PSReservedParams]" time="0.0436" asserts="0" success="True" result="Success" executed="True" />
                  <test-case description="Rule [PSAvoidShouldContinueWithoutForce]" name="PSScriptAnalyzer rule-sets.Script '/home/mark/Documents/Projects/GogsPS/GogsPS/Public/Get-GogsUser.ps1'.Rule [PSAvoidShouldContinueWithoutForce]" time="0.0619" asserts="0" success="True" result="Success" executed="True" />
                  <test-case description="Rule [PSAvoidTrailingWhitespace]" name="PSScriptAnalyzer rule-sets.Script '/home/mark/Documents/Projects/GogsPS/GogsPS/Public/Get-GogsUser.ps1'.Rule [PSAvoidTrailingWhitespace]" time="0.0534" asserts="0" success="True" result="Success" executed="True" />
                  <test-case description="Rule [PSAvoidUsingUserNameAndPassWordParams]" name="PSScriptAnalyzer rule-sets.Script '/home/mark/Documents/Projects/GogsPS/GogsPS/Public/Get-GogsUser.ps1'.Rule [PSAvoidUsingUserNameAndPassWordParams]" time="0.0509" asserts="0" success="True" result="Success" executed="True" />
                  <test-case description="Rule [PSAvoidUsingComputerNameHardcoded]" name="PSScriptAnalyzer rule-sets.Script '/home/mark/Documents/Projects/GogsPS/GogsPS/Public/Get-GogsUser.ps1'.Rule [PSAvoidUsingComputerNameHardcoded]" time="0.0473" asserts="0" success="True" result="Success" executed="True" />
                  <test-case description="Rule [PSAvoidUsingConvertToSecureStringWithPlainText]" name="PSScriptAnalyzer rule-sets.Script '/home/mark/Documents/Projects/GogsPS/GogsPS/Public/Get-GogsUser.ps1'.Rule [PSAvoidUsingConvertToSecureStringWithPlainText]" time="0.0361" asserts="0" success="True" result="Success" executed="True" />
                  <test-case description="Rule [PSAvoidUsingDeprecatedManifestFields]" name="PSScriptAnalyzer rule-sets.Script '/home/mark/Documents/Projects/GogsPS/GogsPS/Public/Get-GogsUser.ps1'.Rule [PSAvoidUsingDeprecatedManifestFields]" time="0.0651" asserts="0" success="True" result="Success" executed="True" />
                  <test-case description="Rule [PSAvoidUsingInvokeExpression]" name="PSScriptAnalyzer rule-sets.Script '/home/mark/Documents/Projects/GogsPS/GogsPS/Public/Get-GogsUser.ps1'.Rule [PSAvoidUsingInvokeExpression]" time="0.0455" asserts="0" success="True" result="Success" executed="True" />
                  <test-case description="Rule [PSAvoidUsingPlainTextForPassword]" name="PSScriptAnalyzer rule-sets.Script '/home/mark/Documents/Projects/GogsPS/GogsPS/Public/Get-GogsUser.ps1'.Rule [PSAvoidUsingPlainTextForPassword]" time="0.0466" asserts="0" success="True" result="Success" executed="True" />
                  <test-case description="Rule [PSAvoidUsingWMICmdlet]" name="PSScriptAnalyzer rule-sets.Script '/home/mark/Documents/Projects/GogsPS/GogsPS/Public/Get-GogsUser.ps1'.Rule [PSAvoidUsingWMICmdlet]" time="0.0333" asserts="0" success="True" result="Success" executed="True" />
                  <test-case description="Rule [PSAvoidUsingWriteHost]" name="PSScriptAnalyzer rule-sets.Script '/home/mark/Documents/Projects/GogsPS/GogsPS/Public/Get-GogsUser.ps1'.Rule [PSAvoidUsingWriteHost]" time="0.068" asserts="0" success="True" result="Success" executed="True" />
                  <test-case description="Rule [PSMisleadingBacktick]" name="PSScriptAnalyzer rule-sets.Script '/home/mark/Documents/Projects/GogsPS/GogsPS/Public/Get-GogsUser.ps1'.Rule [PSMisleadingBacktick]" time="0.0533" asserts="0" success="True" result="Success" executed="True" />
                  <test-case description="Rule [PSMissingModuleManifestField]" name="PSScriptAnalyzer rule-sets.Script '/home/mark/Documents/Projects/GogsPS/GogsPS/Public/Get-GogsUser.ps1'.Rule [PSMissingModuleManifestField]" time="0.0472" asserts="0" success="True" result="Success" executed="True" />
                  <test-case description="Rule [PSPlaceCloseBrace]" name="PSScriptAnalyzer rule-sets.Script '/home/mark/Documents/Projects/GogsPS/GogsPS/Public/Get-GogsUser.ps1'.Rule [PSPlaceCloseBrace]" time="0.0553" asserts="0" success="True" result="Success" executed="True" />
                  <test-case description="Rule [PSPlaceOpenBrace]" name="PSScriptAnalyzer rule-sets.Script '/home/mark/Documents/Projects/GogsPS/GogsPS/Public/Get-GogsUser.ps1'.Rule [PSPlaceOpenBrace]" time="0.0383" asserts="0" success="True" result="Success" executed="True" />
                  <test-case description="Rule [PSPossibleIncorrectComparisonWithNull]" name="PSScriptAnalyzer rule-sets.Script '/home/mark/Documents/Projects/GogsPS/GogsPS/Public/Get-GogsUser.ps1'.Rule [PSPossibleIncorrectComparisonWithNull]" time="0.0423" asserts="0" success="True" result="Success" executed="True" />
                  <test-case description="Rule [PSPossibleIncorrectUsageOfAssignmentOperator]" name="PSScriptAnalyzer rule-sets.Script '/home/mark/Documents/Projects/GogsPS/GogsPS/Public/Get-GogsUser.ps1'.Rule [PSPossibleIncorrectUsageOfAssignmentOperator]" time="0.0572" asserts="0" success="True" result="Success" executed="True" />
                  <test-case description="Rule [PSPossibleIncorrectUsageOfRedirectionOperator]" name="PSScriptAnalyzer rule-sets.Script '/home/mark/Documents/Projects/GogsPS/GogsPS/Public/Get-GogsUser.ps1'.Rule [PSPossibleIncorrectUsageOfRedirectionOperator]" time="0.0423" asserts="0" success="True" result="Success" executed="True" />
                  <test-case description="Rule [PSProvideCommentHelp]" name="PSScriptAnalyzer rule-sets.Script '/home/mark/Documents/Projects/GogsPS/GogsPS/Public/Get-GogsUser.ps1'.Rule [PSProvideCommentHelp]" time="0.0467" asserts="0" success="True" result="Success" executed="True" />
                  <test-case description="Rule [PSUseApprovedVerbs]" name="PSScriptAnalyzer rule-sets.Script '/home/mark/Documents/Projects/GogsPS/GogsPS/Public/Get-GogsUser.ps1'.Rule [PSUseApprovedVerbs]" time="0.046" asserts="0" success="True" result="Success" executed="True" />
                  <test-case description="Rule [PSUseBOMForUnicodeEncodedFile]" name="PSScriptAnalyzer rule-sets.Script '/home/mark/Documents/Projects/GogsPS/GogsPS/Public/Get-GogsUser.ps1'.Rule [PSUseBOMForUnicodeEncodedFile]" time="0.055" asserts="0" success="True" result="Success" executed="True" />
                  <test-case description="Rule [PSUseCmdletCorrectly]" name="PSScriptAnalyzer rule-sets.Script '/home/mark/Documents/Projects/GogsPS/GogsPS/Public/Get-GogsUser.ps1'.Rule [PSUseCmdletCorrectly]" time="0.0531" asserts="0" success="True" result="Success" executed="True" />
                  <test-case description="Rule [PSUseCompatibleCmdlets]" name="PSScriptAnalyzer rule-sets.Script '/home/mark/Documents/Projects/GogsPS/GogsPS/Public/Get-GogsUser.ps1'.Rule [PSUseCompatibleCmdlets]" time="0.0493" asserts="0" success="True" result="Success" executed="True" />
                  <test-case description="Rule [PSUseConsistentIndentation]" name="PSScriptAnalyzer rule-sets.Script '/home/mark/Documents/Projects/GogsPS/GogsPS/Public/Get-GogsUser.ps1'.Rule [PSUseConsistentIndentation]" time="0.0466" asserts="0" success="True" result="Success" executed="True" />
                  <test-case description="Rule [PSUseConsistentWhitespace]" name="PSScriptAnalyzer rule-sets.Script '/home/mark/Documents/Projects/GogsPS/GogsPS/Public/Get-GogsUser.ps1'.Rule [PSUseConsistentWhitespace]" time="0.0444" asserts="0" success="True" result="Success" executed="True" />
                  <test-case description="Rule [PSUseDeclaredVarsMoreThanAssignments]" name="PSScriptAnalyzer rule-sets.Script '/home/mark/Documents/Projects/GogsPS/GogsPS/Public/Get-GogsUser.ps1'.Rule [PSUseDeclaredVarsMoreThanAssignments]" time="0.038" asserts="0" success="True" result="Success" executed="True" />
                  <test-case description="Rule [PSUseLiteralInitializerForHashtable]" name="PSScriptAnalyzer rule-sets.Script '/home/mark/Documents/Projects/GogsPS/GogsPS/Public/Get-GogsUser.ps1'.Rule [PSUseLiteralInitializerForHashtable]" time="0.0671" asserts="0" success="True" result="Success" executed="True" />
                  <test-case description="Rule [PSUseOutputTypeCorrectly]" name="PSScriptAnalyzer rule-sets.Script '/home/mark/Documents/Projects/GogsPS/GogsPS/Public/Get-GogsUser.ps1'.Rule [PSUseOutputTypeCorrectly]" time="0.0608" asserts="0" success="True" result="Success" executed="True" />
                  <test-case description="Rule [PSUsePSCredentialType]" name="PSScriptAnalyzer rule-sets.Script '/home/mark/Documents/Projects/GogsPS/GogsPS/Public/Get-GogsUser.ps1'.Rule [PSUsePSCredentialType]" time="0.0447" asserts="0" success="True" result="Success" executed="True" />
                  <test-case description="Rule [PSShouldProcess]" name="PSScriptAnalyzer rule-sets.Script '/home/mark/Documents/Projects/GogsPS/GogsPS/Public/Get-GogsUser.ps1'.Rule [PSShouldProcess]" time="0.0467" asserts="0" success="True" result="Success" executed="True" />
                  <test-case description="Rule [PSUseShouldProcessForStateChangingFunctions]" name="PSScriptAnalyzer rule-sets.Script '/home/mark/Documents/Projects/GogsPS/GogsPS/Public/Get-GogsUser.ps1'.Rule [PSUseShouldProcessForStateChangingFunctions]" time="0.0585" asserts="0" success="True" result="Success" executed="True" />
                  <test-case description="Rule [PSUseSupportsShouldProcess]" name="PSScriptAnalyzer rule-sets.Script '/home/mark/Documents/Projects/GogsPS/GogsPS/Public/Get-GogsUser.ps1'.Rule [PSUseSupportsShouldProcess]" time="0.0584" asserts="0" success="True" result="Success" executed="True" />
                  <test-case description="Rule [PSUseUTF8EncodingForHelpFile]" name="PSScriptAnalyzer rule-sets.Script '/home/mark/Documents/Projects/GogsPS/GogsPS/Public/Get-GogsUser.ps1'.Rule [PSUseUTF8EncodingForHelpFile]" time="0.0526" asserts="0" success="True" result="Success" executed="True" />
                  <test-case description="Rule [PSDSCDscExamplesPresent]" name="PSScriptAnalyzer rule-sets.Script '/home/mark/Documents/Projects/GogsPS/GogsPS/Public/Get-GogsUser.ps1'.Rule [PSDSCDscExamplesPresent]" time="0.0412" asserts="0" success="True" result="Success" executed="True" />
                  <test-case description="Rule [PSDSCDscTestsPresent]" name="PSScriptAnalyzer rule-sets.Script '/home/mark/Documents/Projects/GogsPS/GogsPS/Public/Get-GogsUser.ps1'.Rule [PSDSCDscTestsPresent]" time="0.044" asserts="0" success="True" result="Success" executed="True" />
                  <test-case description="Rule [PSDSCReturnCorrectTypesForDSCFunctions]" name="PSScriptAnalyzer rule-sets.Script '/home/mark/Documents/Projects/GogsPS/GogsPS/Public/Get-GogsUser.ps1'.Rule [PSDSCReturnCorrectTypesForDSCFunctions]" time="0.0632" asserts="0" success="True" result="Success" executed="True" />
                  <test-case description="Rule [PSDSCUseIdenticalMandatoryParametersForDSC]" name="PSScriptAnalyzer rule-sets.Script '/home/mark/Documents/Projects/GogsPS/GogsPS/Public/Get-GogsUser.ps1'.Rule [PSDSCUseIdenticalMandatoryParametersForDSC]" time="0.0353" asserts="0" success="True" result="Success" executed="True" />
                  <test-case description="Rule [PSDSCUseIdenticalParametersForDSC]" name="PSScriptAnalyzer rule-sets.Script '/home/mark/Documents/Projects/GogsPS/GogsPS/Public/Get-GogsUser.ps1'.Rule [PSDSCUseIdenticalParametersForDSC]" time="0.0558" asserts="0" success="True" result="Success" executed="True" />
                  <test-case description="Rule [PSDSCStandardDSCFunctionsInResource]" name="PSScriptAnalyzer rule-sets.Script '/home/mark/Documents/Projects/GogsPS/GogsPS/Public/Get-GogsUser.ps1'.Rule [PSDSCStandardDSCFunctionsInResource]" time="0.0568" asserts="0" success="True" result="Success" executed="True" />
                  <test-case description="Rule [PSDSCUseVerboseMessageInDSCResource]" name="PSScriptAnalyzer rule-sets.Script '/home/mark/Documents/Projects/GogsPS/GogsPS/Public/Get-GogsUser.ps1'.Rule [PSDSCUseVerboseMessageInDSCResource]" time="0.0446" asserts="0" success="True" result="Success" executed="True" />
                </results>
              </test-suite>
              <test-suite type="TestFixture" name="Script '/home/mark/Documents/Projects/GogsPS/GogsPS/Public/New-GogsUser.ps1'" executed="True" result="Success" success="True" time="2.7881" asserts="0" description="Script '/home/mark/Documents/Projects/GogsPS/GogsPS/Public/New-GogsUser.ps1'">
                <results>
                  <test-case description="Rule [PSAlignAssignmentStatement]" name="PSScriptAnalyzer rule-sets.Script '/home/mark/Documents/Projects/GogsPS/GogsPS/Public/New-GogsUser.ps1'.Rule [PSAlignAssignmentStatement]" time="0.0976" asserts="0" success="True" result="Success" executed="True" />
                  <test-case description="Rule [PSAvoidUsingCmdletAliases]" name="PSScriptAnalyzer rule-sets.Script '/home/mark/Documents/Projects/GogsPS/GogsPS/Public/New-GogsUser.ps1'.Rule [PSAvoidUsingCmdletAliases]" time="0.154" asserts="0" success="True" result="Success" executed="True" />
                  <test-case description="Rule [PSAvoidAssignmentToAutomaticVariable]" name="PSScriptAnalyzer rule-sets.Script '/home/mark/Documents/Projects/GogsPS/GogsPS/Public/New-GogsUser.ps1'.Rule [PSAvoidAssignmentToAutomaticVariable]" time="0.0731" asserts="0" success="True" result="Success" executed="True" />
                  <test-case description="Rule [PSAvoidDefaultValueSwitchParameter]" name="PSScriptAnalyzer rule-sets.Script '/home/mark/Documents/Projects/GogsPS/GogsPS/Public/New-GogsUser.ps1'.Rule [PSAvoidDefaultValueSwitchParameter]" time="0.056" asserts="0" success="True" result="Success" executed="True" />
                  <test-case description="Rule [PSAvoidDefaultValueForMandatoryParameter]" name="PSScriptAnalyzer rule-sets.Script '/home/mark/Documents/Projects/GogsPS/GogsPS/Public/New-GogsUser.ps1'.Rule [PSAvoidDefaultValueForMandatoryParameter]" time="0.0502" asserts="0" success="True" result="Success" executed="True" />
                  <test-case description="Rule [PSAvoidUsingEmptyCatchBlock]" name="PSScriptAnalyzer rule-sets.Script '/home/mark/Documents/Projects/GogsPS/GogsPS/Public/New-GogsUser.ps1'.Rule [PSAvoidUsingEmptyCatchBlock]" time="0.0409" asserts="0" success="True" result="Success" executed="True" />
                  <test-case description="Rule [PSAvoidGlobalAliases]" name="PSScriptAnalyzer rule-sets.Script '/home/mark/Documents/Projects/GogsPS/GogsPS/Public/New-GogsUser.ps1'.Rule [PSAvoidGlobalAliases]" time="0.0748" asserts="0" success="True" result="Success" executed="True" />
                  <test-case description="Rule [PSAvoidGlobalFunctions]" name="PSScriptAnalyzer rule-sets.Script '/home/mark/Documents/Projects/GogsPS/GogsPS/Public/New-GogsUser.ps1'.Rule [PSAvoidGlobalFunctions]" time="0.0504" asserts="0" success="True" result="Success" executed="True" />
                  <test-case description="Rule [PSAvoidGlobalVars]" name="PSScriptAnalyzer rule-sets.Script '/home/mark/Documents/Projects/GogsPS/GogsPS/Public/New-GogsUser.ps1'.Rule [PSAvoidGlobalVars]" time="0.0403" asserts="0" success="True" result="Success" executed="True" />
                  <test-case description="Rule [PSAvoidInvokingEmptyMembers]" name="PSScriptAnalyzer rule-sets.Script '/home/mark/Documents/Projects/GogsPS/GogsPS/Public/New-GogsUser.ps1'.Rule [PSAvoidInvokingEmptyMembers]" time="0.0502" asserts="0" success="True" result="Success" executed="True" />
                  <test-case description="Rule [PSAvoidNullOrEmptyHelpMessageAttribute]" name="PSScriptAnalyzer rule-sets.Script '/home/mark/Documents/Projects/GogsPS/GogsPS/Public/New-GogsUser.ps1'.Rule [PSAvoidNullOrEmptyHelpMessageAttribute]" time="0.0505" asserts="0" success="True" result="Success" executed="True" />
                  <test-case description="Rule [PSAvoidUsingPositionalParameters]" name="PSScriptAnalyzer rule-sets.Script '/home/mark/Documents/Projects/GogsPS/GogsPS/Public/New-GogsUser.ps1'.Rule [PSAvoidUsingPositionalParameters]" time="0.0374" asserts="0" success="True" result="Success" executed="True" />
                  <test-case description="Rule [PSReservedCmdletChar]" name="PSScriptAnalyzer rule-sets.Script '/home/mark/Documents/Projects/GogsPS/GogsPS/Public/New-GogsUser.ps1'.Rule [PSReservedCmdletChar]" time="0.0485" asserts="0" success="True" result="Success" executed="True" />
                  <test-case description="Rule [PSReservedParams]" name="PSScriptAnalyzer rule-sets.Script '/home/mark/Documents/Projects/GogsPS/GogsPS/Public/New-GogsUser.ps1'.Rule [PSReservedParams]" time="0.0354" asserts="0" success="True" result="Success" executed="True" />
                  <test-case description="Rule [PSAvoidShouldContinueWithoutForce]" name="PSScriptAnalyzer rule-sets.Script '/home/mark/Documents/Projects/GogsPS/GogsPS/Public/New-GogsUser.ps1'.Rule [PSAvoidShouldContinueWithoutForce]" time="0.0517" asserts="0" success="True" result="Success" executed="True" />
                  <test-case description="Rule [PSAvoidTrailingWhitespace]" name="PSScriptAnalyzer rule-sets.Script '/home/mark/Documents/Projects/GogsPS/GogsPS/Public/New-GogsUser.ps1'.Rule [PSAvoidTrailingWhitespace]" time="0.049" asserts="0" success="True" result="Success" executed="True" />
                  <test-case description="Rule [PSAvoidUsingUserNameAndPassWordParams]" name="PSScriptAnalyzer rule-sets.Script '/home/mark/Documents/Projects/GogsPS/GogsPS/Public/New-GogsUser.ps1'.Rule [PSAvoidUsingUserNameAndPassWordParams]" time="0.049" asserts="0" success="True" result="Success" executed="True" />
                  <test-case description="Rule [PSAvoidUsingComputerNameHardcoded]" name="PSScriptAnalyzer rule-sets.Script '/home/mark/Documents/Projects/GogsPS/GogsPS/Public/New-GogsUser.ps1'.Rule [PSAvoidUsingComputerNameHardcoded]" time="0.0385" asserts="0" success="True" result="Success" executed="True" />
                  <test-case description="Rule [PSAvoidUsingConvertToSecureStringWithPlainText]" name="PSScriptAnalyzer rule-sets.Script '/home/mark/Documents/Projects/GogsPS/GogsPS/Public/New-GogsUser.ps1'.Rule [PSAvoidUsingConvertToSecureStringWithPlainText]" time="0.0559" asserts="0" success="True" result="Success" executed="True" />
                  <test-case description="Rule [PSAvoidUsingDeprecatedManifestFields]" name="PSScriptAnalyzer rule-sets.Script '/home/mark/Documents/Projects/GogsPS/GogsPS/Public/New-GogsUser.ps1'.Rule [PSAvoidUsingDeprecatedManifestFields]" time="0.0692" asserts="0" success="True" result="Success" executed="True" />
                  <test-case description="Rule [PSAvoidUsingInvokeExpression]" name="PSScriptAnalyzer rule-sets.Script '/home/mark/Documents/Projects/GogsPS/GogsPS/Public/New-GogsUser.ps1'.Rule [PSAvoidUsingInvokeExpression]" time="0.0568" asserts="0" success="True" result="Success" executed="True" />
                  <test-case description="Rule [PSAvoidUsingPlainTextForPassword]" name="PSScriptAnalyzer rule-sets.Script '/home/mark/Documents/Projects/GogsPS/GogsPS/Public/New-GogsUser.ps1'.Rule [PSAvoidUsingPlainTextForPassword]" time="0.0422" asserts="0" success="True" result="Success" executed="True" />
                  <test-case description="Rule [PSAvoidUsingWMICmdlet]" name="PSScriptAnalyzer rule-sets.Script '/home/mark/Documents/Projects/GogsPS/GogsPS/Public/New-GogsUser.ps1'.Rule [PSAvoidUsingWMICmdlet]" time="0.0549" asserts="0" success="True" result="Success" executed="True" />
                  <test-case description="Rule [PSAvoidUsingWriteHost]" name="PSScriptAnalyzer rule-sets.Script '/home/mark/Documents/Projects/GogsPS/GogsPS/Public/New-GogsUser.ps1'.Rule [PSAvoidUsingWriteHost]" time="0.0474" asserts="0" success="True" result="Success" executed="True" />
                  <test-case description="Rule [PSMisleadingBacktick]" name="PSScriptAnalyzer rule-sets.Script '/home/mark/Documents/Projects/GogsPS/GogsPS/Public/New-GogsUser.ps1'.Rule [PSMisleadingBacktick]" time="0.0477" asserts="0" success="True" result="Success" executed="True" />
                  <test-case description="Rule [PSMissingModuleManifestField]" name="PSScriptAnalyzer rule-sets.Script '/home/mark/Documents/Projects/GogsPS/GogsPS/Public/New-GogsUser.ps1'.Rule [PSMissingModuleManifestField]" time="0.0659" asserts="0" success="True" result="Success" executed="True" />
                  <test-case description="Rule [PSPlaceCloseBrace]" name="PSScriptAnalyzer rule-sets.Script '/home/mark/Documents/Projects/GogsPS/GogsPS/Public/New-GogsUser.ps1'.Rule [PSPlaceCloseBrace]" time="0.0479" asserts="0" success="True" result="Success" executed="True" />
                  <test-case description="Rule [PSPlaceOpenBrace]" name="PSScriptAnalyzer rule-sets.Script '/home/mark/Documents/Projects/GogsPS/GogsPS/Public/New-GogsUser.ps1'.Rule [PSPlaceOpenBrace]" time="0.0483" asserts="0" success="True" result="Success" executed="True" />
                  <test-case description="Rule [PSPossibleIncorrectComparisonWithNull]" name="PSScriptAnalyzer rule-sets.Script '/home/mark/Documents/Projects/GogsPS/GogsPS/Public/New-GogsUser.ps1'.Rule [PSPossibleIncorrectComparisonWithNull]" time="0.0363" asserts="0" success="True" result="Success" executed="True" />
                  <test-case description="Rule [PSPossibleIncorrectUsageOfAssignmentOperator]" name="PSScriptAnalyzer rule-sets.Script '/home/mark/Documents/Projects/GogsPS/GogsPS/Public/New-GogsUser.ps1'.Rule [PSPossibleIncorrectUsageOfAssignmentOperator]" time="0.0474" asserts="0" success="True" result="Success" executed="True" />
                  <test-case description="Rule [PSPossibleIncorrectUsageOfRedirectionOperator]" name="PSScriptAnalyzer rule-sets.Script '/home/mark/Documents/Projects/GogsPS/GogsPS/Public/New-GogsUser.ps1'.Rule [PSPossibleIncorrectUsageOfRedirectionOperator]" time="0.0454" asserts="0" success="True" result="Success" executed="True" />
                  <test-case description="Rule [PSProvideCommentHelp]" name="PSScriptAnalyzer rule-sets.Script '/home/mark/Documents/Projects/GogsPS/GogsPS/Public/New-GogsUser.ps1'.Rule [PSProvideCommentHelp]" time="0.0361" asserts="0" success="True" result="Success" executed="True" />
                  <test-case description="Rule [PSUseApprovedVerbs]" name="PSScriptAnalyzer rule-sets.Script '/home/mark/Documents/Projects/GogsPS/GogsPS/Public/New-GogsUser.ps1'.Rule [PSUseApprovedVerbs]" time="0.0565" asserts="0" success="True" result="Success" executed="True" />
                  <test-case description="Rule [PSUseBOMForUnicodeEncodedFile]" name="PSScriptAnalyzer rule-sets.Script '/home/mark/Documents/Projects/GogsPS/GogsPS/Public/New-GogsUser.ps1'.Rule [PSUseBOMForUnicodeEncodedFile]" time="0.0496" asserts="0" success="True" result="Success" executed="True" />
                  <test-case description="Rule [PSUseCmdletCorrectly]" name="PSScriptAnalyzer rule-sets.Script '/home/mark/Documents/Projects/GogsPS/GogsPS/Public/New-GogsUser.ps1'.Rule [PSUseCmdletCorrectly]" time="0.0381" asserts="0" success="True" result="Success" executed="True" />
                  <test-case description="Rule [PSUseCompatibleCmdlets]" name="PSScriptAnalyzer rule-sets.Script '/home/mark/Documents/Projects/GogsPS/GogsPS/Public/New-GogsUser.ps1'.Rule [PSUseCompatibleCmdlets]" time="0.0598" asserts="0" success="True" result="Success" executed="True" />
                  <test-case description="Rule [PSUseConsistentIndentation]" name="PSScriptAnalyzer rule-sets.Script '/home/mark/Documents/Projects/GogsPS/GogsPS/Public/New-GogsUser.ps1'.Rule [PSUseConsistentIndentation]" time="0.0491" asserts="0" success="True" result="Success" executed="True" />
                  <test-case description="Rule [PSUseConsistentWhitespace]" name="PSScriptAnalyzer rule-sets.Script '/home/mark/Documents/Projects/GogsPS/GogsPS/Public/New-GogsUser.ps1'.Rule [PSUseConsistentWhitespace]" time="0.0468" asserts="0" success="True" result="Success" executed="True" />
                  <test-case description="Rule [PSUseDeclaredVarsMoreThanAssignments]" name="PSScriptAnalyzer rule-sets.Script '/home/mark/Documents/Projects/GogsPS/GogsPS/Public/New-GogsUser.ps1'.Rule [PSUseDeclaredVarsMoreThanAssignments]" time="0.0406" asserts="0" success="True" result="Success" executed="True" />
                  <test-case description="Rule [PSUseLiteralInitializerForHashtable]" name="PSScriptAnalyzer rule-sets.Script '/home/mark/Documents/Projects/GogsPS/GogsPS/Public/New-GogsUser.ps1'.Rule [PSUseLiteralInitializerForHashtable]" time="0.0521" asserts="0" success="True" result="Success" executed="True" />
                  <test-case description="Rule [PSUseOutputTypeCorrectly]" name="PSScriptAnalyzer rule-sets.Script '/home/mark/Documents/Projects/GogsPS/GogsPS/Public/New-GogsUser.ps1'.Rule [PSUseOutputTypeCorrectly]" time="0.0446" asserts="0" success="True" result="Success" executed="True" />
                  <test-case description="Rule [PSUsePSCredentialType]" name="PSScriptAnalyzer rule-sets.Script '/home/mark/Documents/Projects/GogsPS/GogsPS/Public/New-GogsUser.ps1'.Rule [PSUsePSCredentialType]" time="0.0523" asserts="0" success="True" result="Success" executed="True" />
                  <test-case description="Rule [PSShouldProcess]" name="PSScriptAnalyzer rule-sets.Script '/home/mark/Documents/Projects/GogsPS/GogsPS/Public/New-GogsUser.ps1'.Rule [PSShouldProcess]" time="0.0573" asserts="0" success="True" result="Success" executed="True" />
                  <test-case description="Rule [PSUseShouldProcessForStateChangingFunctions]" name="PSScriptAnalyzer rule-sets.Script '/home/mark/Documents/Projects/GogsPS/GogsPS/Public/New-GogsUser.ps1'.Rule [PSUseShouldProcessForStateChangingFunctions]" time="0.0528" asserts="0" success="True" result="Success" executed="True" />
                  <test-case description="Rule [PSUseSupportsShouldProcess]" name="PSScriptAnalyzer rule-sets.Script '/home/mark/Documents/Projects/GogsPS/GogsPS/Public/New-GogsUser.ps1'.Rule [PSUseSupportsShouldProcess]" time="0.055" asserts="0" success="True" result="Success" executed="True" />
                  <test-case description="Rule [PSUseUTF8EncodingForHelpFile]" name="PSScriptAnalyzer rule-sets.Script '/home/mark/Documents/Projects/GogsPS/GogsPS/Public/New-GogsUser.ps1'.Rule [PSUseUTF8EncodingForHelpFile]" time="0.0586" asserts="0" success="True" result="Success" executed="True" />
                  <test-case description="Rule [PSDSCDscExamplesPresent]" name="PSScriptAnalyzer rule-sets.Script '/home/mark/Documents/Projects/GogsPS/GogsPS/Public/New-GogsUser.ps1'.Rule [PSDSCDscExamplesPresent]" time="0.0473" asserts="0" success="True" result="Success" executed="True" />
                  <test-case description="Rule [PSDSCDscTestsPresent]" name="PSScriptAnalyzer rule-sets.Script '/home/mark/Documents/Projects/GogsPS/GogsPS/Public/New-GogsUser.ps1'.Rule [PSDSCDscTestsPresent]" time="0.0401" asserts="0" success="True" result="Success" executed="True" />
                  <test-case description="Rule [PSDSCReturnCorrectTypesForDSCFunctions]" name="PSScriptAnalyzer rule-sets.Script '/home/mark/Documents/Projects/GogsPS/GogsPS/Public/New-GogsUser.ps1'.Rule [PSDSCReturnCorrectTypesForDSCFunctions]" time="0.057" asserts="0" success="True" result="Success" executed="True" />
                  <test-case description="Rule [PSDSCUseIdenticalMandatoryParametersForDSC]" name="PSScriptAnalyzer rule-sets.Script '/home/mark/Documents/Projects/GogsPS/GogsPS/Public/New-GogsUser.ps1'.Rule [PSDSCUseIdenticalMandatoryParametersForDSC]" time="0.0335" asserts="0" success="True" result="Success" executed="True" />
                  <test-case description="Rule [PSDSCUseIdenticalParametersForDSC]" name="PSScriptAnalyzer rule-sets.Script '/home/mark/Documents/Projects/GogsPS/GogsPS/Public/New-GogsUser.ps1'.Rule [PSDSCUseIdenticalParametersForDSC]" time="0.0513" asserts="0" success="True" result="Success" executed="True" />
                  <test-case description="Rule [PSDSCStandardDSCFunctionsInResource]" name="PSScriptAnalyzer rule-sets.Script '/home/mark/Documents/Projects/GogsPS/GogsPS/Public/New-GogsUser.ps1'.Rule [PSDSCStandardDSCFunctionsInResource]" time="0.0506" asserts="0" success="True" result="Success" executed="True" />
                  <test-case description="Rule [PSDSCUseVerboseMessageInDSCResource]" name="PSScriptAnalyzer rule-sets.Script '/home/mark/Documents/Projects/GogsPS/GogsPS/Public/New-GogsUser.ps1'.Rule [PSDSCUseVerboseMessageInDSCResource]" time="0.0461" asserts="0" success="True" result="Success" executed="True" />
                </results>
              </test-suite>
              <test-suite type="TestFixture" name="Script '/home/mark/Documents/Projects/GogsPS/GogsPS/Public/Remove-GogsUser.ps1'" executed="True" result="Success" success="True" time="2.8049" asserts="0" description="Script '/home/mark/Documents/Projects/GogsPS/GogsPS/Public/Remove-GogsUser.ps1'">
                <results>
                  <test-case description="Rule [PSAlignAssignmentStatement]" name="PSScriptAnalyzer rule-sets.Script '/home/mark/Documents/Projects/GogsPS/GogsPS/Public/Remove-GogsUser.ps1'.Rule [PSAlignAssignmentStatement]" time="0.1104" asserts="0" success="True" result="Success" executed="True" />
                  <test-case description="Rule [PSAvoidUsingCmdletAliases]" name="PSScriptAnalyzer rule-sets.Script '/home/mark/Documents/Projects/GogsPS/GogsPS/Public/Remove-GogsUser.ps1'.Rule [PSAvoidUsingCmdletAliases]" time="0.1344" asserts="0" success="True" result="Success" executed="True" />
                  <test-case description="Rule [PSAvoidAssignmentToAutomaticVariable]" name="PSScriptAnalyzer rule-sets.Script '/home/mark/Documents/Projects/GogsPS/GogsPS/Public/Remove-GogsUser.ps1'.Rule [PSAvoidAssignmentToAutomaticVariable]" time="0.0696" asserts="0" success="True" result="Success" executed="True" />
                  <test-case description="Rule [PSAvoidDefaultValueSwitchParameter]" name="PSScriptAnalyzer rule-sets.Script '/home/mark/Documents/Projects/GogsPS/GogsPS/Public/Remove-GogsUser.ps1'.Rule [PSAvoidDefaultValueSwitchParameter]" time="0.0401" asserts="0" success="True" result="Success" executed="True" />
                  <test-case description="Rule [PSAvoidDefaultValueForMandatoryParameter]" name="PSScriptAnalyzer rule-sets.Script '/home/mark/Documents/Projects/GogsPS/GogsPS/Public/Remove-GogsUser.ps1'.Rule [PSAvoidDefaultValueForMandatoryParameter]" time="0.0403" asserts="0" success="True" result="Success" executed="True" />
                  <test-case description="Rule [PSAvoidUsingEmptyCatchBlock]" name="PSScriptAnalyzer rule-sets.Script '/home/mark/Documents/Projects/GogsPS/GogsPS/Public/Remove-GogsUser.ps1'.Rule [PSAvoidUsingEmptyCatchBlock]" time="0.0566" asserts="0" success="True" result="Success" executed="True" />
                  <test-case description="Rule [PSAvoidGlobalAliases]" name="PSScriptAnalyzer rule-sets.Script '/home/mark/Documents/Projects/GogsPS/GogsPS/Public/Remove-GogsUser.ps1'.Rule [PSAvoidGlobalAliases]" time="0.0384" asserts="0" success="True" result="Success" executed="True" />
                  <test-case description="Rule [PSAvoidGlobalFunctions]" name="PSScriptAnalyzer rule-sets.Script '/home/mark/Documents/Projects/GogsPS/GogsPS/Public/Remove-GogsUser.ps1'.Rule [PSAvoidGlobalFunctions]" time="0.0643" asserts="0" success="True" result="Success" executed="True" />
                  <test-case description="Rule [PSAvoidGlobalVars]" name="PSScriptAnalyzer rule-sets.Script '/home/mark/Documents/Projects/GogsPS/GogsPS/Public/Remove-GogsUser.ps1'.Rule [PSAvoidGlobalVars]" time="0.0498" asserts="0" success="True" result="Success" executed="True" />
                  <test-case description="Rule [PSAvoidInvokingEmptyMembers]" name="PSScriptAnalyzer rule-sets.Script '/home/mark/Documents/Projects/GogsPS/GogsPS/Public/Remove-GogsUser.ps1'.Rule [PSAvoidInvokingEmptyMembers]" time="0.0435" asserts="0" success="True" result="Success" executed="True" />
                  <test-case description="Rule [PSAvoidNullOrEmptyHelpMessageAttribute]" name="PSScriptAnalyzer rule-sets.Script '/home/mark/Documents/Projects/GogsPS/GogsPS/Public/Remove-GogsUser.ps1'.Rule [PSAvoidNullOrEmptyHelpMessageAttribute]" time="0.0435" asserts="0" success="True" result="Success" executed="True" />
                  <test-case description="Rule [PSAvoidUsingPositionalParameters]" name="PSScriptAnalyzer rule-sets.Script '/home/mark/Documents/Projects/GogsPS/GogsPS/Public/Remove-GogsUser.ps1'.Rule [PSAvoidUsingPositionalParameters]" time="0.0629" asserts="0" success="True" result="Success" executed="True" />
                  <test-case description="Rule [PSReservedCmdletChar]" name="PSScriptAnalyzer rule-sets.Script '/home/mark/Documents/Projects/GogsPS/GogsPS/Public/Remove-GogsUser.ps1'.Rule [PSReservedCmdletChar]" time="0.0386" asserts="0" success="True" result="Success" executed="True" />
                  <test-case description="Rule [PSReservedParams]" name="PSScriptAnalyzer rule-sets.Script '/home/mark/Documents/Projects/GogsPS/GogsPS/Public/Remove-GogsUser.ps1'.Rule [PSReservedParams]" time="0.0562" asserts="0" success="True" result="Success" executed="True" />
                  <test-case description="Rule [PSAvoidShouldContinueWithoutForce]" name="PSScriptAnalyzer rule-sets.Script '/home/mark/Documents/Projects/GogsPS/GogsPS/Public/Remove-GogsUser.ps1'.Rule [PSAvoidShouldContinueWithoutForce]" time="0.0372" asserts="0" success="True" result="Success" executed="True" />
                  <test-case description="Rule [PSAvoidTrailingWhitespace]" name="PSScriptAnalyzer rule-sets.Script '/home/mark/Documents/Projects/GogsPS/GogsPS/Public/Remove-GogsUser.ps1'.Rule [PSAvoidTrailingWhitespace]" time="0.0576" asserts="0" success="True" result="Success" executed="True" />
                  <test-case description="Rule [PSAvoidUsingUserNameAndPassWordParams]" name="PSScriptAnalyzer rule-sets.Script '/home/mark/Documents/Projects/GogsPS/GogsPS/Public/Remove-GogsUser.ps1'.Rule [PSAvoidUsingUserNameAndPassWordParams]" time="0.0381" asserts="0" success="True" result="Success" executed="True" />
                  <test-case description="Rule [PSAvoidUsingComputerNameHardcoded]" name="PSScriptAnalyzer rule-sets.Script '/home/mark/Documents/Projects/GogsPS/GogsPS/Public/Remove-GogsUser.ps1'.Rule [PSAvoidUsingComputerNameHardcoded]" time="0.054" asserts="0" success="True" result="Success" executed="True" />
                  <test-case description="Rule [PSAvoidUsingConvertToSecureStringWithPlainText]" name="PSScriptAnalyzer rule-sets.Script '/home/mark/Documents/Projects/GogsPS/GogsPS/Public/Remove-GogsUser.ps1'.Rule [PSAvoidUsingConvertToSecureStringWithPlainText]" time="0.0601" asserts="0" success="True" result="Success" executed="True" />
                  <test-case description="Rule [PSAvoidUsingDeprecatedManifestFields]" name="PSScriptAnalyzer rule-sets.Script '/home/mark/Documents/Projects/GogsPS/GogsPS/Public/Remove-GogsUser.ps1'.Rule [PSAvoidUsingDeprecatedManifestFields]" time="0.0345" asserts="0" success="True" result="Success" executed="True" />
                  <test-case description="Rule [PSAvoidUsingInvokeExpression]" name="PSScriptAnalyzer rule-sets.Script '/home/mark/Documents/Projects/GogsPS/GogsPS/Public/Remove-GogsUser.ps1'.Rule [PSAvoidUsingInvokeExpression]" time="0.0471" asserts="0" success="True" result="Success" executed="True" />
                  <test-case description="Rule [PSAvoidUsingPlainTextForPassword]" name="PSScriptAnalyzer rule-sets.Script '/home/mark/Documents/Projects/GogsPS/GogsPS/Public/Remove-GogsUser.ps1'.Rule [PSAvoidUsingPlainTextForPassword]" time="0.0474" asserts="0" success="True" result="Success" executed="True" />
                  <test-case description="Rule [PSAvoidUsingWMICmdlet]" name="PSScriptAnalyzer rule-sets.Script '/home/mark/Documents/Projects/GogsPS/GogsPS/Public/Remove-GogsUser.ps1'.Rule [PSAvoidUsingWMICmdlet]" time="0.0374" asserts="0" success="True" result="Success" executed="True" />
                  <test-case description="Rule [PSAvoidUsingWriteHost]" name="PSScriptAnalyzer rule-sets.Script '/home/mark/Documents/Projects/GogsPS/GogsPS/Public/Remove-GogsUser.ps1'.Rule [PSAvoidUsingWriteHost]" time="0.0636" asserts="0" success="True" result="Success" executed="True" />
                  <test-case description="Rule [PSMisleadingBacktick]" name="PSScriptAnalyzer rule-sets.Script '/home/mark/Documents/Projects/GogsPS/GogsPS/Public/Remove-GogsUser.ps1'.Rule [PSMisleadingBacktick]" time="0.0521" asserts="0" success="True" result="Success" executed="True" />
                  <test-case description="Rule [PSMissingModuleManifestField]" name="PSScriptAnalyzer rule-sets.Script '/home/mark/Documents/Projects/GogsPS/GogsPS/Public/Remove-GogsUser.ps1'.Rule [PSMissingModuleManifestField]" time="0.0415" asserts="0" success="True" result="Success" executed="True" />
                  <test-case description="Rule [PSPlaceCloseBrace]" name="PSScriptAnalyzer rule-sets.Script '/home/mark/Documents/Projects/GogsPS/GogsPS/Public/Remove-GogsUser.ps1'.Rule [PSPlaceCloseBrace]" time="0.0451" asserts="0" success="True" result="Success" executed="True" />
                  <test-case description="Rule [PSPlaceOpenBrace]" name="PSScriptAnalyzer rule-sets.Script '/home/mark/Documents/Projects/GogsPS/GogsPS/Public/Remove-GogsUser.ps1'.Rule [PSPlaceOpenBrace]" time="0.0549" asserts="0" success="True" result="Success" executed="True" />
                  <test-case description="Rule [PSPossibleIncorrectComparisonWithNull]" name="PSScriptAnalyzer rule-sets.Script '/home/mark/Documents/Projects/GogsPS/GogsPS/Public/Remove-GogsUser.ps1'.Rule [PSPossibleIncorrectComparisonWithNull]" time="0.0417" asserts="0" success="True" result="Success" executed="True" />
                  <test-case description="Rule [PSPossibleIncorrectUsageOfAssignmentOperator]" name="PSScriptAnalyzer rule-sets.Script '/home/mark/Documents/Projects/GogsPS/GogsPS/Public/Remove-GogsUser.ps1'.Rule [PSPossibleIncorrectUsageOfAssignmentOperator]" time="0.0557" asserts="0" success="True" result="Success" executed="True" />
                  <test-case description="Rule [PSPossibleIncorrectUsageOfRedirectionOperator]" name="PSScriptAnalyzer rule-sets.Script '/home/mark/Documents/Projects/GogsPS/GogsPS/Public/Remove-GogsUser.ps1'.Rule [PSPossibleIncorrectUsageOfRedirectionOperator]" time="0.0662" asserts="0" success="True" result="Success" executed="True" />
                  <test-case description="Rule [PSProvideCommentHelp]" name="PSScriptAnalyzer rule-sets.Script '/home/mark/Documents/Projects/GogsPS/GogsPS/Public/Remove-GogsUser.ps1'.Rule [PSProvideCommentHelp]" time="0.0357" asserts="0" success="True" result="Success" executed="True" />
                  <test-case description="Rule [PSUseApprovedVerbs]" name="PSScriptAnalyzer rule-sets.Script '/home/mark/Documents/Projects/GogsPS/GogsPS/Public/Remove-GogsUser.ps1'.Rule [PSUseApprovedVerbs]" time="0.0592" asserts="0" success="True" result="Success" executed="True" />
                  <test-case description="Rule [PSUseBOMForUnicodeEncodedFile]" name="PSScriptAnalyzer rule-sets.Script '/home/mark/Documents/Projects/GogsPS/GogsPS/Public/Remove-GogsUser.ps1'.Rule [PSUseBOMForUnicodeEncodedFile]" time="0.0414" asserts="0" success="True" result="Success" executed="True" />
                  <test-case description="Rule [PSUseCmdletCorrectly]" name="PSScriptAnalyzer rule-sets.Script '/home/mark/Documents/Projects/GogsPS/GogsPS/Public/Remove-GogsUser.ps1'.Rule [PSUseCmdletCorrectly]" time="0.0644" asserts="0" success="True" result="Success" executed="True" />
                  <test-case description="Rule [PSUseCompatibleCmdlets]" name="PSScriptAnalyzer rule-sets.Script '/home/mark/Documents/Projects/GogsPS/GogsPS/Public/Remove-GogsUser.ps1'.Rule [PSUseCompatibleCmdlets]" time="0.0565" asserts="0" success="True" result="Success" executed="True" />
                  <test-case description="Rule [PSUseConsistentIndentation]" name="PSScriptAnalyzer rule-sets.Script '/home/mark/Documents/Projects/GogsPS/GogsPS/Public/Remove-GogsUser.ps1'.Rule [PSUseConsistentIndentation]" time="0.0381" asserts="0" success="True" result="Success" executed="True" />
[...]
                  <test-case description="Rule [PSShouldProcess]" name="PSScriptAnalyzer rule-sets.Script '/home/mark/Documents/Projects/GogsPS/GogsPS/GogsPS.psd1'.Rule [PSShouldProcess]" time="0.0526" asserts="0" success="True" result="Success" executed="True" />
                  <test-case description="Rule [PSUseShouldProcessForStateChangingFunctions]" name="PSScriptAnalyzer rule-sets.Script '/home/mark/Documents/Projects/GogsPS/GogsPS/GogsPS.psd1'.Rule [PSUseShouldProcessForStateChangingFunctions]" time="0.0448" asserts="0" success="True" result="Success" executed="True" />
                  <test-case description="Rule [PSUseSupportsShouldProcess]" name="PSScriptAnalyzer rule-sets.Script '/home/mark/Documents/Projects/GogsPS/GogsPS/GogsPS.psd1'.Rule [PSUseSupportsShouldProcess]" time="0.0489" asserts="0" success="True" result="Success" executed="True" />
                  <test-case description="Rule [PSUseUTF8EncodingForHelpFile]" name="PSScriptAnalyzer rule-sets.Script '/home/mark/Documents/Projects/GogsPS/GogsPS/GogsPS.psd1'.Rule [PSUseUTF8EncodingForHelpFile]" time="0.0473" asserts="0" success="True" result="Success" executed="True" />
                  <test-case description="Rule [PSDSCDscExamplesPresent]" name="PSScriptAnalyzer rule-sets.Script '/home/mark/Documents/Projects/GogsPS/GogsPS/GogsPS.psd1'.Rule [PSDSCDscExamplesPresent]" time="0.0461" asserts="0" success="True" result="Success" executed="True" />
                  <test-case description="Rule [PSDSCDscTestsPresent]" name="PSScriptAnalyzer rule-sets.Script '/home/mark/Documents/Projects/GogsPS/GogsPS/GogsPS.psd1'.Rule [PSDSCDscTestsPresent]" time="0.0457" asserts="0" success="True" result="Success" executed="True" />
                  <test-case description="Rule [PSDSCReturnCorrectTypesForDSCFunctions]" name="PSScriptAnalyzer rule-sets.Script '/home/mark/Documents/Projects/GogsPS/GogsPS/GogsPS.psd1'.Rule [PSDSCReturnCorrectTypesForDSCFunctions]" time="0.0457" asserts="0" success="True" result="Success" executed="True" />
                  <test-case description="Rule [PSDSCUseIdenticalMandatoryParametersForDSC]" name="PSScriptAnalyzer rule-sets.Script '/home/mark/Documents/Projects/GogsPS/GogsPS/GogsPS.psd1'.Rule [PSDSCUseIdenticalMandatoryParametersForDSC]" time="0.0448" asserts="0" success="True" result="Success" executed="True" />
                  <test-case description="Rule [PSDSCUseIdenticalParametersForDSC]" name="PSScriptAnalyzer rule-sets.Script '/home/mark/Documents/Projects/GogsPS/GogsPS/GogsPS.psd1'.Rule [PSDSCUseIdenticalParametersForDSC]" time="0.0471" asserts="0" success="True" result="Success" executed="True" />
                  <test-case description="Rule [PSDSCStandardDSCFunctionsInResource]" name="PSScriptAnalyzer rule-sets.Script '/home/mark/Documents/Projects/GogsPS/GogsPS/GogsPS.psd1'.Rule [PSDSCStandardDSCFunctionsInResource]" time="0.0456" asserts="0" success="True" result="Success" executed="True" />
                  <test-case description="Rule [PSDSCUseVerboseMessageInDSCResource]" name="PSScriptAnalyzer rule-sets.Script '/home/mark/Documents/Projects/GogsPS/GogsPS/GogsPS.psd1'.Rule [PSDSCUseVerboseMessageInDSCResource]" time="0.0618" asserts="0" success="True" result="Success" executed="True" />
                </results>
              </test-suite>
              <test-suite type="TestFixture" name="Script '/home/mark/Documents/Projects/GogsPS/GogsPS/GogsPS.psm1'" executed="True" result="Success" success="True" time="2.5685" asserts="0" description="Script '/home/mark/Documents/Projects/GogsPS/GogsPS/GogsPS.psm1'">
                <results>
                  <test-case description="Rule [PSAlignAssignmentStatement]" name="PSScriptAnalyzer rule-sets.Script '/home/mark/Documents/Projects/GogsPS/GogsPS/GogsPS.psm1'.Rule [PSAlignAssignmentStatement]" time="0.1133" asserts="0" success="True" result="Success" executed="True" />
                  <test-case description="Rule [PSAvoidUsingCmdletAliases]" name="PSScriptAnalyzer rule-sets.Script '/home/mark/Documents/Projects/GogsPS/GogsPS/GogsPS.psm1'.Rule [PSAvoidUsingCmdletAliases]" time="0.0464" asserts="0" success="True" result="Success" executed="True" />
                  <test-case description="Rule [PSAvoidAssignmentToAutomaticVariable]" name="PSScriptAnalyzer rule-sets.Script '/home/mark/Documents/Projects/GogsPS/GogsPS/GogsPS.psm1'.Rule [PSAvoidAssignmentToAutomaticVariable]" time="0.036" asserts="0" success="True" result="Success" executed="True" />
                  <test-case description="Rule [PSAvoidDefaultValueSwitchParameter]" name="PSScriptAnalyzer rule-sets.Script '/home/mark/Documents/Projects/GogsPS/GogsPS/GogsPS.psm1'.Rule [PSAvoidDefaultValueSwitchParameter]" time="0.0466" asserts="0" success="True" result="Success" executed="True" />
                  <test-case description="Rule [PSAvoidDefaultValueForMandatoryParameter]" name="PSScriptAnalyzer rule-sets.Script '/home/mark/Documents/Projects/GogsPS/GogsPS/GogsPS.psm1'.Rule [PSAvoidDefaultValueForMandatoryParameter]" time="0.0481" asserts="0" success="True" result="Success" executed="True" />
                  <test-case description="Rule [PSAvoidUsingEmptyCatchBlock]" name="PSScriptAnalyzer rule-sets.Script '/home/mark/Documents/Projects/GogsPS/GogsPS/GogsPS.psm1'.Rule [PSAvoidUsingEmptyCatchBlock]" time="0.0536" asserts="0" success="True" result="Success" executed="True" />
                  <test-case description="Rule [PSAvoidGlobalAliases]" name="PSScriptAnalyzer rule-sets.Script '/home/mark/Documents/Projects/GogsPS/GogsPS/GogsPS.psm1'.Rule [PSAvoidGlobalAliases]" time="0.0445" asserts="0" success="True" result="Success" executed="True" />
                  <test-case description="Rule [PSAvoidGlobalFunctions]" name="PSScriptAnalyzer rule-sets.Script '/home/mark/Documents/Projects/GogsPS/GogsPS/GogsPS.psm1'.Rule [PSAvoidGlobalFunctions]" time="0.0324" asserts="0" success="True" result="Success" executed="True" />
                  <test-case description="Rule [PSAvoidGlobalVars]" name="PSScriptAnalyzer rule-sets.Script '/home/mark/Documents/Projects/GogsPS/GogsPS/GogsPS.psm1'.Rule [PSAvoidGlobalVars]" time="0.0573" asserts="0" success="True" result="Success" executed="True" />
                  <test-case description="Rule [PSAvoidInvokingEmptyMembers]" name="PSScriptAnalyzer rule-sets.Script '/home/mark/Documents/Projects/GogsPS/GogsPS/GogsPS.psm1'.Rule [PSAvoidInvokingEmptyMembers]" time="0.0444" asserts="0" success="True" result="Success" executed="True" />
                  <test-case description="Rule [PSAvoidNullOrEmptyHelpMessageAttribute]" name="PSScriptAnalyzer rule-sets.Script '/home/mark/Documents/Projects/GogsPS/GogsPS/GogsPS.psm1'.Rule [PSAvoidNullOrEmptyHelpMessageAttribute]" time="0.0372" asserts="0" success="True" result="Success" executed="True" />
                  <test-case description="Rule [PSAvoidUsingPositionalParameters]" name="PSScriptAnalyzer rule-sets.Script '/home/mark/Documents/Projects/GogsPS/GogsPS/GogsPS.psm1'.Rule [PSAvoidUsingPositionalParameters]" time="0.0646" asserts="0" success="True" result="Success" executed="True" />
                  <test-case description="Rule [PSReservedCmdletChar]" name="PSScriptAnalyzer rule-sets.Script '/home/mark/Documents/Projects/GogsPS/GogsPS/GogsPS.psm1'.Rule [PSReservedCmdletChar]" time="0.0369" asserts="0" success="True" result="Success" executed="True" />
                  <test-case description="Rule [PSReservedParams]" name="PSScriptAnalyzer rule-sets.Script '/home/mark/Documents/Projects/GogsPS/GogsPS/GogsPS.psm1'.Rule [PSReservedParams]" time="0.0552" asserts="0" success="True" result="Success" executed="True" />
                  <test-case description="Rule [PSAvoidShouldContinueWithoutForce]" name="PSScriptAnalyzer rule-sets.Script '/home/mark/Documents/Projects/GogsPS/GogsPS/GogsPS.psm1'.Rule [PSAvoidShouldContinueWithoutForce]" time="0.0493" asserts="0" success="True" result="Success" executed="True" />
                  <test-case description="Rule [PSAvoidTrailingWhitespace]" name="PSScriptAnalyzer rule-sets.Script '/home/mark/Documents/Projects/GogsPS/GogsPS/GogsPS.psm1'.Rule [PSAvoidTrailingWhitespace]" time="0.0353" asserts="0" success="True" result="Success" executed="True" />
                  <test-case description="Rule [PSAvoidUsingUserNameAndPassWordParams]" name="PSScriptAnalyzer rule-sets.Script '/home/mark/Documents/Projects/GogsPS/GogsPS/GogsPS.psm1'.Rule [PSAvoidUsingUserNameAndPassWordParams]" time="0.0548" asserts="0" success="True" result="Success" executed="True" />
                  <test-case description="Rule [PSAvoidUsingComputerNameHardcoded]" name="PSScriptAnalyzer rule-sets.Script '/home/mark/Documents/Projects/GogsPS/GogsPS/GogsPS.psm1'.Rule [PSAvoidUsingComputerNameHardcoded]" time="0.0351" asserts="0" success="True" result="Success" executed="True" />
                  <test-case description="Rule [PSAvoidUsingConvertToSecureStringWithPlainText]" name="PSScriptAnalyzer rule-sets.Script '/home/mark/Documents/Projects/GogsPS/GogsPS/GogsPS.psm1'.Rule [PSAvoidUsingConvertToSecureStringWithPlainText]" time="0.0542" asserts="0" success="True" result="Success" executed="True" />
                  <test-case description="Rule [PSAvoidUsingDeprecatedManifestFields]" name="PSScriptAnalyzer rule-sets.Script '/home/mark/Documents/Projects/GogsPS/GogsPS/GogsPS.psm1'.Rule [PSAvoidUsingDeprecatedManifestFields]" time="0.0392" asserts="0" success="True" result="Success" executed="True" />
                  <test-case description="Rule [PSAvoidUsingInvokeExpression]" name="PSScriptAnalyzer rule-sets.Script '/home/mark/Documents/Projects/GogsPS/GogsPS/GogsPS.psm1'.Rule [PSAvoidUsingInvokeExpression]" time="0.0519" asserts="0" success="True" result="Success" executed="True" />
                  <test-case description="Rule [PSAvoidUsingPlainTextForPassword]" name="PSScriptAnalyzer rule-sets.Script '/home/mark/Documents/Projects/GogsPS/GogsPS/GogsPS.psm1'.Rule [PSAvoidUsingPlainTextForPassword]" time="0.0445" asserts="0" success="True" result="Success" executed="True" />
                  <test-case description="Rule [PSAvoidUsingWMICmdlet]" name="PSScriptAnalyzer rule-sets.Script '/home/mark/Documents/Projects/GogsPS/GogsPS/GogsPS.psm1'.Rule [PSAvoidUsingWMICmdlet]" time="0.044" asserts="0" success="True" result="Success" executed="True" />
                  <test-case description="Rule [PSAvoidUsingWriteHost]" name="PSScriptAnalyzer rule-sets.Script '/home/mark/Documents/Projects/GogsPS/GogsPS/GogsPS.psm1'.Rule [PSAvoidUsingWriteHost]" time="0.0365" asserts="0" success="True" result="Success" executed="True" />
                  <test-case description="Rule [PSMisleadingBacktick]" name="PSScriptAnalyzer rule-sets.Script '/home/mark/Documents/Projects/GogsPS/GogsPS/GogsPS.psm1'.Rule [PSMisleadingBacktick]" time="0.0554" asserts="0" success="True" result="Success" executed="True" />
                  <test-case description="Rule [PSMissingModuleManifestField]" name="PSScriptAnalyzer rule-sets.Script '/home/mark/Documents/Projects/GogsPS/GogsPS/GogsPS.psm1'.Rule [PSMissingModuleManifestField]" time="0.0437" asserts="0" success="True" result="Success" executed="True" />
                  <test-case description="Rule [PSPlaceCloseBrace]" name="PSScriptAnalyzer rule-sets.Script '/home/mark/Documents/Projects/GogsPS/GogsPS/GogsPS.psm1'.Rule [PSPlaceCloseBrace]" time="0.059" asserts="0" success="True" result="Success" executed="True" />
                  <test-case description="Rule [PSPlaceOpenBrace]" name="PSScriptAnalyzer rule-sets.Script '/home/mark/Documents/Projects/GogsPS/GogsPS/GogsPS.psm1'.Rule [PSPlaceOpenBrace]" time="0.0522" asserts="0" success="True" result="Success" executed="True" />
                  <test-case description="Rule [PSPossibleIncorrectComparisonWithNull]" name="PSScriptAnalyzer rule-sets.Script '/home/mark/Documents/Projects/GogsPS/GogsPS/GogsPS.psm1'.Rule [PSPossibleIncorrectComparisonWithNull]" time="0.0387" asserts="0" success="True" result="Success" executed="True" />
                  <test-case description="Rule [PSPossibleIncorrectUsageOfAssignmentOperator]" name="PSScriptAnalyzer rule-sets.Script '/home/mark/Documents/Projects/GogsPS/GogsPS/GogsPS.psm1'.Rule [PSPossibleIncorrectUsageOfAssignmentOperator]" time="0.0608" asserts="0" success="True" result="Success" executed="True" />
                  <test-case description="Rule [PSPossibleIncorrectUsageOfRedirectionOperator]" name="PSScriptAnalyzer rule-sets.Script '/home/mark/Documents/Projects/GogsPS/GogsPS/GogsPS.psm1'.Rule [PSPossibleIncorrectUsageOfRedirectionOperator]" time="0.0396" asserts="0" success="True" result="Success" executed="True" />
                  <test-case description="Rule [PSProvideCommentHelp]" name="PSScriptAnalyzer rule-sets.Script '/home/mark/Documents/Projects/GogsPS/GogsPS/GogsPS.psm1'.Rule [PSProvideCommentHelp]" time="0.0605" asserts="0" success="True" result="Success" executed="True" />
                  <test-case description="Rule [PSUseApprovedVerbs]" name="PSScriptAnalyzer rule-sets.Script '/home/mark/Documents/Projects/GogsPS/GogsPS/GogsPS.psm1'.Rule [PSUseApprovedVerbs]" time="0.0424" asserts="0" success="True" result="Success" executed="True" />
                  <test-case description="Rule [PSUseBOMForUnicodeEncodedFile]" name="PSScriptAnalyzer rule-sets.Script '/home/mark/Documents/Projects/GogsPS/GogsPS/GogsPS.psm1'.Rule [PSUseBOMForUnicodeEncodedFile]" time="0.062" asserts="0" success="True" result="Success" executed="True" />
                  <test-case description="Rule [PSUseCmdletCorrectly]" name="PSScriptAnalyzer rule-sets.Script '/home/mark/Documents/Projects/GogsPS/GogsPS/GogsPS.psm1'.Rule [PSUseCmdletCorrectly]" time="0.052" asserts="0" success="True" result="Success" executed="True" />
                  <test-case description="Rule [PSUseCompatibleCmdlets]" name="PSScriptAnalyzer rule-sets.Script '/home/mark/Documents/Projects/GogsPS/GogsPS/GogsPS.psm1'.Rule [PSUseCompatibleCmdlets]" time="0.0339" asserts="0" success="True" result="Success" executed="True" />
                  <test-case description="Rule [PSUseConsistentIndentation]" name="PSScriptAnalyzer rule-sets.Script '/home/mark/Documents/Projects/GogsPS/GogsPS/GogsPS.psm1'.Rule [PSUseConsistentIndentation]" time="0.0562" asserts="0" success="True" result="Success" executed="True" />
                  <test-case description="Rule [PSUseConsistentWhitespace]" name="PSScriptAnalyzer rule-sets.Script '/home/mark/Documents/Projects/GogsPS/GogsPS/GogsPS.psm1'.Rule [PSUseConsistentWhitespace]" time="0.036" asserts="0" success="True" result="Success" executed="True" />
                  <test-case description="Rule [PSUseDeclaredVarsMoreThanAssignments]" name="PSScriptAnalyzer rule-sets.Script '/home/mark/Documents/Projects/GogsPS/GogsPS/GogsPS.psm1'.Rule [PSUseDeclaredVarsMoreThanAssignments]" time="0.06" asserts="0" success="True" result="Success" executed="True" />
                  <test-case description="Rule [PSUseLiteralInitializerForHashtable]" name="PSScriptAnalyzer rule-sets.Script '/home/mark/Documents/Projects/GogsPS/GogsPS/GogsPS.psm1'.Rule [PSUseLiteralInitializerForHashtable]" time="0.0568" asserts="0" success="True" result="Success" executed="True" />
                  <test-case description="Rule [PSUseOutputTypeCorrectly]" name="PSScriptAnalyzer rule-sets.Script '/home/mark/Documents/Projects/GogsPS/GogsPS/GogsPS.psm1'.Rule [PSUseOutputTypeCorrectly]" time="0.0397" asserts="0" success="True" result="Success" executed="True" />
                  <test-case description="Rule [PSUsePSCredentialType]" name="PSScriptAnalyzer rule-sets.Script '/home/mark/Documents/Projects/GogsPS/GogsPS/GogsPS.psm1'.Rule [PSUsePSCredentialType]" time="0.0535" asserts="0" success="True" result="Success" executed="True" />
                  <test-case description="Rule [PSShouldProcess]" name="PSScriptAnalyzer rule-sets.Script '/home/mark/Documents/Projects/GogsPS/GogsPS/GogsPS.psm1'.Rule [PSShouldProcess]" time="0.0482" asserts="0" success="True" result="Success" executed="True" />
                  <test-case description="Rule [PSUseShouldProcessForStateChangingFunctions]" name="PSScriptAnalyzer rule-sets.Script '/home/mark/Documents/Projects/GogsPS/GogsPS/GogsPS.psm1'.Rule [PSUseShouldProcessForStateChangingFunctions]" time="0.0449" asserts="0" success="True" result="Success" executed="True" />
                  <test-case description="Rule [PSUseSupportsShouldProcess]" name="PSScriptAnalyzer rule-sets.Script '/home/mark/Documents/Projects/GogsPS/GogsPS/GogsPS.psm1'.Rule [PSUseSupportsShouldProcess]" time="0.0322" asserts="0" success="True" result="Success" executed="True" />
                  <test-case description="Rule [PSUseUTF8EncodingForHelpFile]" name="PSScriptAnalyzer rule-sets.Script '/home/mark/Documents/Projects/GogsPS/GogsPS/GogsPS.psm1'.Rule [PSUseUTF8EncodingForHelpFile]" time="0.0567" asserts="0" success="True" result="Success" executed="True" />
                  <test-case description="Rule [PSDSCDscExamplesPresent]" name="PSScriptAnalyzer rule-sets.Script '/home/mark/Documents/Projects/GogsPS/GogsPS/GogsPS.psm1'.Rule [PSDSCDscExamplesPresent]" time="0.0344" asserts="0" success="True" result="Success" executed="True" />
                  <test-case description="Rule [PSDSCDscTestsPresent]" name="PSScriptAnalyzer rule-sets.Script '/home/mark/Documents/Projects/GogsPS/GogsPS/GogsPS.psm1'.Rule [PSDSCDscTestsPresent]" time="0.0549" asserts="0" success="True" result="Success" executed="True" />
                  <test-case description="Rule [PSDSCReturnCorrectTypesForDSCFunctions]" name="PSScriptAnalyzer rule-sets.Script '/home/mark/Documents/Projects/GogsPS/GogsPS/GogsPS.psm1'.Rule [PSDSCReturnCorrectTypesForDSCFunctions]" time="0.0482" asserts="0" success="True" result="Success" executed="True" />
                  <test-case description="Rule [PSDSCUseIdenticalMandatoryParametersForDSC]" name="PSScriptAnalyzer rule-sets.Script '/home/mark/Documents/Projects/GogsPS/GogsPS/GogsPS.psm1'.Rule [PSDSCUseIdenticalMandatoryParametersForDSC]" time="0.0492" asserts="0" success="True" result="Success" executed="True" />
                  <test-case description="Rule [PSDSCUseIdenticalParametersForDSC]" name="PSScriptAnalyzer rule-sets.Script '/home/mark/Documents/Projects/GogsPS/GogsPS/GogsPS.psm1'.Rule [PSDSCUseIdenticalParametersForDSC]" time="0.036" asserts="0" success="True" result="Success" executed="True" />
                  <test-case description="Rule [PSDSCStandardDSCFunctionsInResource]" name="PSScriptAnalyzer rule-sets.Script '/home/mark/Documents/Projects/GogsPS/GogsPS/GogsPS.psm1'.Rule [PSDSCStandardDSCFunctionsInResource]" time="0.0537" asserts="0" success="True" result="Success" executed="True" />
                  <test-case description="Rule [PSDSCUseVerboseMessageInDSCResource]" name="PSScriptAnalyzer rule-sets.Script '/home/mark/Documents/Projects/GogsPS/GogsPS/GogsPS.psm1'.Rule [PSDSCUseVerboseMessageInDSCResource]" time="0.0468" asserts="0" success="True" result="Success" executed="True" />
                </results>
              </test-suite>
            </results>
          </test-suite>
          <test-suite type="TestFixture" name="General project validation: GogsPS" executed="True" result="Success" success="True" time="0.1573" asserts="0" description="General project validation: GogsPS">
            <results>
              <test-case description="Module 'GogsPS' can import cleanly" name="General project validation: GogsPS.Module 'GogsPS' can import cleanly" time="0.1573" asserts="0" success="True" result="Success" executed="True" />
            </results>
          </test-suite>
        </results>
      </test-suite>
    </results>
  </test-suite>
</test-results>