<?xml version="1.0" encoding="utf-8" standalone="no"?>
<test-results xmlns:xsi="http://www.w3.org/2001/XMLSchema-instance" xsi:noNamespaceSchemaLocation="nunit_schema_2.5.xsd" name="Pester" total="379" errors="0" failures="1" not-run="0" inconclusive="0" ignored="0" skipped="0" invalid="0" date="2018-09-21" time="17:31:10">
  <environment os-version="0.0.0.0" cwd="/home/mark/Documents/Projects/GogsPS" machine-name="" clr-version="Unknown" platform="Unknown" user-domain="" nunit-version="2.5.8.0" user="" />
  <culture-info current-culture="en-US" current-uiculture="en-US" />
  <test-suite type="TestFixture" name="Pester" executed="True" result="Failure" success="False" time="17.3538" asserts="0" description="Pester">
    <results>
      <test-suite type="TestFixture" name="/home/mark/Documents/Projects/GogsPS/Tests/Project.Tests.ps1" executed="True" result="Failure" success="False" time="17.3538" asserts="0" description="/home/mark/Documents/Projects/GogsPS/Tests/Project.Tests.ps1">
        <results>
          <test-suite type="TestFixture" name="PSScriptAnalyzer rule-sets" executed="True" result="Failure" success="False" time="17.2175" asserts="0" description="PSScriptAnalyzer rule-sets">
            <results>
              <test-suite type="TestFixture" name="Script '/home/mark/Documents/Projects/GogsPS/GogsPS/Private/ConvertFrom-SecureString.ps1'" executed="True" result="Success" success="True" time="2.5191" asserts="0" description="Script '/home/mark/Documents/Projects/GogsPS/GogsPS/Private/ConvertFrom-SecureString.ps1'">
                <results>
                  <test-case description="Rule [PSAlignAssignmentStatement]" name="PSScriptAnalyzer rule-sets.Script '/home/mark/Documents/Projects/GogsPS/GogsPS/Private/ConvertFrom-SecureString.ps1'.Rule [PSAlignAssignmentStatement]" time="0.2881" asserts="0" success="True" result="Success" executed="True" />
                  <test-case description="Rule [PSAvoidUsingCmdletAliases]" name="PSScriptAnalyzer rule-sets.Script '/home/mark/Documents/Projects/GogsPS/GogsPS/Private/ConvertFrom-SecureString.ps1'.Rule [PSAvoidUsingCmdletAliases]" time="0.0428" asserts="0" success="True" result="Success" executed="True" />
                  <test-case description="Rule [PSAvoidAssignmentToAutomaticVariable]" name="PSScriptAnalyzer rule-sets.Script '/home/mark/Documents/Projects/GogsPS/GogsPS/Private/ConvertFrom-SecureString.ps1'.Rule [PSAvoidAssignmentToAutomaticVariable]" time="0.0473" asserts="0" success="True" result="Success" executed="True" />
                  <test-case description="Rule [PSAvoidDefaultValueSwitchParameter]" name="PSScriptAnalyzer rule-sets.Script '/home/mark/Documents/Projects/GogsPS/GogsPS/Private/ConvertFrom-SecureString.ps1'.Rule [PSAvoidDefaultValueSwitchParameter]" time="0.0475" asserts="0" success="True" result="Success" executed="True" />
                  <test-case description="Rule [PSAvoidDefaultValueForMandatoryParameter]" name="PSScriptAnalyzer rule-sets.Script '/home/mark/Documents/Projects/GogsPS/GogsPS/Private/ConvertFrom-SecureString.ps1'.Rule [PSAvoidDefaultValueForMandatoryParameter]" time="0.046" asserts="0" success="True" result="Success" executed="True" />
                  <test-case description="Rule [PSAvoidUsingEmptyCatchBlock]" name="PSScriptAnalyzer rule-sets.Script '/home/mark/Documents/Projects/GogsPS/GogsPS/Private/ConvertFrom-SecureString.ps1'.Rule [PSAvoidUsingEmptyCatchBlock]" time="0.0382" asserts="0" success="True" result="Success" executed="True" />
                  <test-case description="Rule [PSAvoidGlobalAliases]" name="PSScriptAnalyzer rule-sets.Script '/home/mark/Documents/Projects/GogsPS/GogsPS/Private/ConvertFrom-SecureString.ps1'.Rule [PSAvoidGlobalAliases]" time="0.0312" asserts="0" success="True" result="Success" executed="True" />
                  <test-case description="Rule [PSAvoidGlobalFunctions]" name="PSScriptAnalyzer rule-sets.Script '/home/mark/Documents/Projects/GogsPS/GogsPS/Private/ConvertFrom-SecureString.ps1'.Rule [PSAvoidGlobalFunctions]" time="0.0459" asserts="0" success="True" result="Success" executed="True" />
                  <test-case description="Rule [PSAvoidGlobalVars]" name="PSScriptAnalyzer rule-sets.Script '/home/mark/Documents/Projects/GogsPS/GogsPS/Private/ConvertFrom-SecureString.ps1'.Rule [PSAvoidGlobalVars]" time="0.0378" asserts="0" success="True" result="Success" executed="True" />
                  <test-case description="Rule [PSAvoidInvokingEmptyMembers]" name="PSScriptAnalyzer rule-sets.Script '/home/mark/Documents/Projects/GogsPS/GogsPS/Private/ConvertFrom-SecureString.ps1'.Rule [PSAvoidInvokingEmptyMembers]" time="0.0348" asserts="0" success="True" result="Success" executed="True" />
                  <test-case description="Rule [PSAvoidNullOrEmptyHelpMessageAttribute]" name="PSScriptAnalyzer rule-sets.Script '/home/mark/Documents/Projects/GogsPS/GogsPS/Private/ConvertFrom-SecureString.ps1'.Rule [PSAvoidNullOrEmptyHelpMessageAttribute]" time="0.0485" asserts="0" success="True" result="Success" executed="True" />
                  <test-case description="Rule [PSAvoidUsingPositionalParameters]" name="PSScriptAnalyzer rule-sets.Script '/home/mark/Documents/Projects/GogsPS/GogsPS/Private/ConvertFrom-SecureString.ps1'.Rule [PSAvoidUsingPositionalParameters]" time="0.0396" asserts="0" success="True" result="Success" executed="True" />
                  <test-case description="Rule [PSReservedCmdletChar]" name="PSScriptAnalyzer rule-sets.Script '/home/mark/Documents/Projects/GogsPS/GogsPS/Private/ConvertFrom-SecureString.ps1'.Rule [PSReservedCmdletChar]" time="0.049" asserts="0" success="True" result="Success" executed="True" />
                  <test-case description="Rule [PSReservedParams]" name="PSScriptAnalyzer rule-sets.Script '/home/mark/Documents/Projects/GogsPS/GogsPS/Private/ConvertFrom-SecureString.ps1'.Rule [PSReservedParams]" time="0.0455" asserts="0" success="True" result="Success" executed="True" />
                  <test-case description="Rule [PSAvoidShouldContinueWithoutForce]" name="PSScriptAnalyzer rule-sets.Script '/home/mark/Documents/Projects/GogsPS/GogsPS/Private/ConvertFrom-SecureString.ps1'.Rule [PSAvoidShouldContinueWithoutForce]" time="0.0382" asserts="0" success="True" result="Success" executed="True" />
                  <test-case description="Rule [PSAvoidTrailingWhitespace]" name="PSScriptAnalyzer rule-sets.Script '/home/mark/Documents/Projects/GogsPS/GogsPS/Private/ConvertFrom-SecureString.ps1'.Rule [PSAvoidTrailingWhitespace]" time="0.0496" asserts="0" success="True" result="Success" executed="True" />
                  <test-case description="Rule [PSAvoidUsingUserNameAndPassWordParams]" name="PSScriptAnalyzer rule-sets.Script '/home/mark/Documents/Projects/GogsPS/GogsPS/Private/ConvertFrom-SecureString.ps1'.Rule [PSAvoidUsingUserNameAndPassWordParams]" time="0.0455" asserts="0" success="True" result="Success" executed="True" />
                  <test-case description="Rule [PSAvoidUsingComputerNameHardcoded]" name="PSScriptAnalyzer rule-sets.Script '/home/mark/Documents/Projects/GogsPS/GogsPS/Private/ConvertFrom-SecureString.ps1'.Rule [PSAvoidUsingComputerNameHardcoded]" time="0.0512" asserts="0" success="True" result="Success" executed="True" />
                  <test-case description="Rule [PSAvoidUsingConvertToSecureStringWithPlainText]" name="PSScriptAnalyzer rule-sets.Script '/home/mark/Documents/Projects/GogsPS/GogsPS/Private/ConvertFrom-SecureString.ps1'.Rule [PSAvoidUsingConvertToSecureStringWithPlainText]" time="0.0311" asserts="0" success="True" result="Success" executed="True" />
                  <test-case description="Rule [PSAvoidUsingDeprecatedManifestFields]" name="PSScriptAnalyzer rule-sets.Script '/home/mark/Documents/Projects/GogsPS/GogsPS/Private/ConvertFrom-SecureString.ps1'.Rule [PSAvoidUsingDeprecatedManifestFields]" time="0.0521" asserts="0" success="True" result="Success" executed="True" />
                  <test-case description="Rule [PSAvoidUsingInvokeExpression]" name="PSScriptAnalyzer rule-sets.Script '/home/mark/Documents/Projects/GogsPS/GogsPS/Private/ConvertFrom-SecureString.ps1'.Rule [PSAvoidUsingInvokeExpression]" time="0.0383" asserts="0" success="True" result="Success" executed="True" />
                  <test-case description="Rule [PSAvoidUsingPlainTextForPassword]" name="PSScriptAnalyzer rule-sets.Script '/home/mark/Documents/Projects/GogsPS/GogsPS/Private/ConvertFrom-SecureString.ps1'.Rule [PSAvoidUsingPlainTextForPassword]" time="0.0401" asserts="0" success="True" result="Success" executed="True" />
                  <test-case description="Rule [PSAvoidUsingWMICmdlet]" name="PSScriptAnalyzer rule-sets.Script '/home/mark/Documents/Projects/GogsPS/GogsPS/Private/ConvertFrom-SecureString.ps1'.Rule [PSAvoidUsingWMICmdlet]" time="0.0391" asserts="0" success="True" result="Success" executed="True" />
                  <test-case description="Rule [PSAvoidUsingWriteHost]" name="PSScriptAnalyzer rule-sets.Script '/home/mark/Documents/Projects/GogsPS/GogsPS/Private/ConvertFrom-SecureString.ps1'.Rule [PSAvoidUsingWriteHost]" time="0.0387" asserts="0" success="True" result="Success" executed="True" />
                  <test-case description="Rule [PSMisleadingBacktick]" name="PSScriptAnalyzer rule-sets.Script '/home/mark/Documents/Projects/GogsPS/GogsPS/Private/ConvertFrom-SecureString.ps1'.Rule [PSMisleadingBacktick]" time="0.0475" asserts="0" success="True" result="Success" executed="True" />
                  <test-case description="Rule [PSMissingModuleManifestField]" name="PSScriptAnalyzer rule-sets.Script '/home/mark/Documents/Projects/GogsPS/GogsPS/Private/ConvertFrom-SecureString.ps1'.Rule [PSMissingModuleManifestField]" time="0.0456" asserts="0" success="True" result="Success" executed="True" />
                  <test-case description="Rule [PSPlaceCloseBrace]" name="PSScriptAnalyzer rule-sets.Script '/home/mark/Documents/Projects/GogsPS/GogsPS/Private/ConvertFrom-SecureString.ps1'.Rule [PSPlaceCloseBrace]" time="0.0459" asserts="0" success="True" result="Success" executed="True" />
                  <test-case description="Rule [PSPlaceOpenBrace]" name="PSScriptAnalyzer rule-sets.Script '/home/mark/Documents/Projects/GogsPS/GogsPS/Private/ConvertFrom-SecureString.ps1'.Rule [PSPlaceOpenBrace]" time="0.0414" asserts="0" success="True" result="Success" executed="True" />
                  <test-case description="Rule [PSPossibleIncorrectComparisonWithNull]" name="PSScriptAnalyzer rule-sets.Script '/home/mark/Documents/Projects/GogsPS/GogsPS/Private/ConvertFrom-SecureString.ps1'.Rule [PSPossibleIncorrectComparisonWithNull]" time="0.0388" asserts="0" success="True" result="Success" executed="True" />
                  <test-case description="Rule [PSPossibleIncorrectUsageOfAssignmentOperator]" name="PSScriptAnalyzer rule-sets.Script '/home/mark/Documents/Projects/GogsPS/GogsPS/Private/ConvertFrom-SecureString.ps1'.Rule [PSPossibleIncorrectUsageOfAssignmentOperator]" time="0.0401" asserts="0" success="True" result="Success" executed="True" />
                  <test-case description="Rule [PSPossibleIncorrectUsageOfRedirectionOperator]" name="PSScriptAnalyzer rule-sets.Script '/home/mark/Documents/Projects/GogsPS/GogsPS/Private/ConvertFrom-SecureString.ps1'.Rule [PSPossibleIncorrectUsageOfRedirectionOperator]" time="0.0388" asserts="0" success="True" result="Success" executed="True" />
                  <test-case description="Rule [PSProvideCommentHelp]" name="PSScriptAnalyzer rule-sets.Script '/home/mark/Documents/Projects/GogsPS/GogsPS/Private/ConvertFrom-SecureString.ps1'.Rule [PSProvideCommentHelp]" time="0.0505" asserts="0" success="True" result="Success" executed="True" />
                  <test-case description="Rule [PSUseApprovedVerbs]" name="PSScriptAnalyzer rule-sets.Script '/home/mark/Documents/Projects/GogsPS/GogsPS/Private/ConvertFrom-SecureString.ps1'.Rule [PSUseApprovedVerbs]" time="0.0404" asserts="0" success="True" result="Success" executed="True" />
                  <test-case description="Rule [PSUseBOMForUnicodeEncodedFile]" name="PSScriptAnalyzer rule-sets.Script '/home/mark/Documents/Projects/GogsPS/GogsPS/Private/ConvertFrom-SecureString.ps1'.Rule [PSUseBOMForUnicodeEncodedFile]" time="0.0365" asserts="0" success="True" result="Success" executed="True" />
                  <test-case description="Rule [PSUseCmdletCorrectly]" name="PSScriptAnalyzer rule-sets.Script '/home/mark/Documents/Projects/GogsPS/GogsPS/Private/ConvertFrom-SecureString.ps1'.Rule [PSUseCmdletCorrectly]" time="0.0526" asserts="0" success="True" result="Success" executed="True" />
                  <test-case description="Rule [PSUseCompatibleCmdlets]" name="PSScriptAnalyzer rule-sets.Script '/home/mark/Documents/Projects/GogsPS/GogsPS/Private/ConvertFrom-SecureString.ps1'.Rule [PSUseCompatibleCmdlets]" time="0.0314" asserts="0" success="True" result="Success" executed="True" />
                  <test-case description="Rule [PSUseConsistentIndentation]" name="PSScriptAnalyzer rule-sets.Script '/home/mark/Documents/Projects/GogsPS/GogsPS/Private/ConvertFrom-SecureString.ps1'.Rule [PSUseConsistentIndentation]" time="0.0502" asserts="0" success="True" result="Success" executed="True" />
                  <test-case description="Rule [PSUseConsistentWhitespace]" name="PSScriptAnalyzer rule-sets.Script '/home/mark/Documents/Projects/GogsPS/GogsPS/Private/ConvertFrom-SecureString.ps1'.Rule [PSUseConsistentWhitespace]" time="0.0388" asserts="0" success="True" result="Success" executed="True" />
                  <test-case description="Rule [PSUseDeclaredVarsMoreThanAssignments]" name="PSScriptAnalyzer rule-sets.Script '/home/mark/Documents/Projects/GogsPS/GogsPS/Private/ConvertFrom-SecureString.ps1'.Rule [PSUseDeclaredVarsMoreThanAssignments]" time="0.0416" asserts="0" success="True" result="Success" executed="True" />
                  <test-case description="Rule [PSUseLiteralInitializerForHashtable]" name="PSScriptAnalyzer rule-sets.Script '/home/mark/Documents/Projects/GogsPS/GogsPS/Private/ConvertFrom-SecureString.ps1'.Rule [PSUseLiteralInitializerForHashtable]" time="0.038" asserts="0" success="True" result="Success" executed="True" />
                  <test-case description="Rule [PSUseOutputTypeCorrectly]" name="PSScriptAnalyzer rule-sets.Script '/home/mark/Documents/Projects/GogsPS/GogsPS/Private/ConvertFrom-SecureString.ps1'.Rule [PSUseOutputTypeCorrectly]" time="0.0422" asserts="0" success="True" result="Success" executed="True" />
                  <test-case description="Rule [PSUsePSCredentialType]" name="PSScriptAnalyzer rule-sets.Script '/home/mark/Documents/Projects/GogsPS/GogsPS/Private/ConvertFrom-SecureString.ps1'.Rule [PSUsePSCredentialType]" time="0.0445" asserts="0" success="True" result="Success" executed="True" />
                  <test-case description="Rule [PSShouldProcess]" name="PSScriptAnalyzer rule-sets.Script '/home/mark/Documents/Projects/GogsPS/GogsPS/Private/ConvertFrom-SecureString.ps1'.Rule [PSShouldProcess]" time="0.0334" asserts="0" success="True" result="Success" executed="True" />
                  <test-case description="Rule [PSUseShouldProcessForStateChangingFunctions]" name="PSScriptAnalyzer rule-sets.Script '/home/mark/Documents/Projects/GogsPS/GogsPS/Private/ConvertFrom-SecureString.ps1'.Rule [PSUseShouldProcessForStateChangingFunctions]" time="0.0455" asserts="0" success="True" result="Success" executed="True" />
                  <test-case description="Rule [PSUseSupportsShouldProcess]" name="PSScriptAnalyzer rule-sets.Script '/home/mark/Documents/Projects/GogsPS/GogsPS/Private/ConvertFrom-SecureString.ps1'.Rule [PSUseSupportsShouldProcess]" time="0.038" asserts="0" success="True" result="Success" executed="True" />
                  <test-case description="Rule [PSUseToExportFieldsInManifest]" name="PSScriptAnalyzer rule-sets.Script '/home/mark/Documents/Projects/GogsPS/GogsPS/Private/ConvertFrom-SecureString.ps1'.Rule [PSUseToExportFieldsInManifest]" time="0.0468" asserts="0" success="True" result="Success" executed="True" />
                  <test-case description="Rule [PSUseUTF8EncodingForHelpFile]" name="PSScriptAnalyzer rule-sets.Script '/home/mark/Documents/Projects/GogsPS/GogsPS/Private/ConvertFrom-SecureString.ps1'.Rule [PSUseUTF8EncodingForHelpFile]" time="0.0444" asserts="0" success="True" result="Success" executed="True" />
                  <test-case description="Rule [PSDSCDscExamplesPresent]" name="PSScriptAnalyzer rule-sets.Script '/home/mark/Documents/Projects/GogsPS/GogsPS/Private/ConvertFrom-SecureString.ps1'.Rule [PSDSCDscExamplesPresent]" time="0.0464" asserts="0" success="True" result="Success" executed="True" />
                  <test-case description="Rule [PSDSCDscTestsPresent]" name="PSScriptAnalyzer rule-sets.Script '/home/mark/Documents/Projects/GogsPS/GogsPS/Private/ConvertFrom-SecureString.ps1'.Rule [PSDSCDscTestsPresent]" time="0.0364" asserts="0" success="True" result="Success" executed="True" />
                  <test-case description="Rule [PSDSCReturnCorrectTypesForDSCFunctions]" name="PSScriptAnalyzer rule-sets.Script '/home/mark/Documents/Projects/GogsPS/GogsPS/Private/ConvertFrom-SecureString.ps1'.Rule [PSDSCReturnCorrectTypesForDSCFunctions]" time="0.0377" asserts="0" success="True" result="Success" executed="True" />
                  <test-case description="Rule [PSDSCUseIdenticalMandatoryParametersForDSC]" name="PSScriptAnalyzer rule-sets.Script '/home/mark/Documents/Projects/GogsPS/GogsPS/Private/ConvertFrom-SecureString.ps1'.Rule [PSDSCUseIdenticalMandatoryParametersForDSC]" time="0.0357" asserts="0" success="True" result="Success" executed="True" />
                  <test-case description="Rule [PSDSCUseIdenticalParametersForDSC]" name="PSScriptAnalyzer rule-sets.Script '/home/mark/Documents/Projects/GogsPS/GogsPS/Private/ConvertFrom-SecureString.ps1'.Rule [PSDSCUseIdenticalParametersForDSC]" time="0.0377" asserts="0" success="True" result="Success" executed="True" />
                  <test-case description="Rule [PSDSCStandardDSCFunctionsInResource]" name="PSScriptAnalyzer rule-sets.Script '/home/mark/Documents/Projects/GogsPS/GogsPS/Private/ConvertFrom-SecureString.ps1'.Rule [PSDSCStandardDSCFunctionsInResource]" time="0.0372" asserts="0" success="True" result="Success" executed="True" />
                  <test-case description="Rule [PSDSCUseVerboseMessageInDSCResource]" name="PSScriptAnalyzer rule-sets.Script '/home/mark/Documents/Projects/GogsPS/GogsPS/Private/ConvertFrom-SecureString.ps1'.Rule [PSDSCUseVerboseMessageInDSCResource]" time="0.049" asserts="0" success="True" result="Success" executed="True" />
                </results>
              </test-suite>
              <test-suite type="TestFixture" name="Script '/home/mark/Documents/Projects/GogsPS/GogsPS/Private/Invoke-GogsApi.ps1'" executed="True" result="Success" success="True" time="2.4588" asserts="0" description="Script '/home/mark/Documents/Projects/GogsPS/GogsPS/Private/Invoke-GogsApi.ps1'">
                <results>
                  <test-case description="Rule [PSAlignAssignmentStatement]" name="PSScriptAnalyzer rule-sets.Script '/home/mark/Documents/Projects/GogsPS/GogsPS/Private/Invoke-GogsApi.ps1'.Rule [PSAlignAssignmentStatement]" time="0.1122" asserts="0" success="True" result="Success" executed="True" />
                  <test-case description="Rule [PSAvoidUsingCmdletAliases]" name="PSScriptAnalyzer rule-sets.Script '/home/mark/Documents/Projects/GogsPS/GogsPS/Private/Invoke-GogsApi.ps1'.Rule [PSAvoidUsingCmdletAliases]" time="0.0317" asserts="0" success="True" result="Success" executed="True" />
                  <test-case description="Rule [PSAvoidAssignmentToAutomaticVariable]" name="PSScriptAnalyzer rule-sets.Script '/home/mark/Documents/Projects/GogsPS/GogsPS/Private/Invoke-GogsApi.ps1'.Rule [PSAvoidAssignmentToAutomaticVariable]" time="0.0423" asserts="0" success="True" result="Success" executed="True" />
                  <test-case description="Rule [PSAvoidDefaultValueSwitchParameter]" name="PSScriptAnalyzer rule-sets.Script '/home/mark/Documents/Projects/GogsPS/GogsPS/Private/Invoke-GogsApi.ps1'.Rule [PSAvoidDefaultValueSwitchParameter]" time="0.0467" asserts="0" success="True" result="Success" executed="True" />
                  <test-case description="Rule [PSAvoidDefaultValueForMandatoryParameter]" name="PSScriptAnalyzer rule-sets.Script '/home/mark/Documents/Projects/GogsPS/GogsPS/Private/Invoke-GogsApi.ps1'.Rule [PSAvoidDefaultValueForMandatoryParameter]" time="0.0391" asserts="0" success="True" result="Success" executed="True" />
                  <test-case description="Rule [PSAvoidUsingEmptyCatchBlock]" name="PSScriptAnalyzer rule-sets.Script '/home/mark/Documents/Projects/GogsPS/GogsPS/Private/Invoke-GogsApi.ps1'.Rule [PSAvoidUsingEmptyCatchBlock]" time="0.0394" asserts="0" success="True" result="Success" executed="True" />
                  <test-case description="Rule [PSAvoidGlobalAliases]" name="PSScriptAnalyzer rule-sets.Script '/home/mark/Documents/Projects/GogsPS/GogsPS/Private/Invoke-GogsApi.ps1'.Rule [PSAvoidGlobalAliases]" time="0.0435" asserts="0" success="True" result="Success" executed="True" />
                  <test-case description="Rule [PSAvoidGlobalFunctions]" name="PSScriptAnalyzer rule-sets.Script '/home/mark/Documents/Projects/GogsPS/GogsPS/Private/Invoke-GogsApi.ps1'.Rule [PSAvoidGlobalFunctions]" time="0.0478" asserts="0" success="True" result="Success" executed="True" />
                  <test-case description="Rule [PSAvoidGlobalVars]" name="PSScriptAnalyzer rule-sets.Script '/home/mark/Documents/Projects/GogsPS/GogsPS/Private/Invoke-GogsApi.ps1'.Rule [PSAvoidGlobalVars]" time="0.0397" asserts="0" success="True" result="Success" executed="True" />
                  <test-case description="Rule [PSAvoidInvokingEmptyMembers]" name="PSScriptAnalyzer rule-sets.Script '/home/mark/Documents/Projects/GogsPS/GogsPS/Private/Invoke-GogsApi.ps1'.Rule [PSAvoidInvokingEmptyMembers]" time="0.0463" asserts="0" success="True" result="Success" executed="True" />
                  <test-case description="Rule [PSAvoidNullOrEmptyHelpMessageAttribute]" name="PSScriptAnalyzer rule-sets.Script '/home/mark/Documents/Projects/GogsPS/GogsPS/Private/Invoke-GogsApi.ps1'.Rule [PSAvoidNullOrEmptyHelpMessageAttribute]" time="0.0343" asserts="0" success="True" result="Success" executed="True" />
                  <test-case description="Rule [PSAvoidUsingPositionalParameters]" name="PSScriptAnalyzer rule-sets.Script '/home/mark/Documents/Projects/GogsPS/GogsPS/Private/Invoke-GogsApi.ps1'.Rule [PSAvoidUsingPositionalParameters]" time="0.0432" asserts="0" success="True" result="Success" executed="True" />
                  <test-case description="Rule [PSReservedCmdletChar]" name="PSScriptAnalyzer rule-sets.Script '/home/mark/Documents/Projects/GogsPS/GogsPS/Private/Invoke-GogsApi.ps1'.Rule [PSReservedCmdletChar]" time="0.0432" asserts="0" success="True" result="Success" executed="True" />
                  <test-case description="Rule [PSReservedParams]" name="PSScriptAnalyzer rule-sets.Script '/home/mark/Documents/Projects/GogsPS/GogsPS/Private/Invoke-GogsApi.ps1'.Rule [PSReservedParams]" time="0.032" asserts="0" success="True" result="Success" executed="True" />
                  <test-case description="Rule [PSAvoidShouldContinueWithoutForce]" name="PSScriptAnalyzer rule-sets.Script '/home/mark/Documents/Projects/GogsPS/GogsPS/Private/Invoke-GogsApi.ps1'.Rule [PSAvoidShouldContinueWithoutForce]" time="0.0475" asserts="0" success="True" result="Success" executed="True" />
                  <test-case description="Rule [PSAvoidTrailingWhitespace]" name="PSScriptAnalyzer rule-sets.Script '/home/mark/Documents/Projects/GogsPS/GogsPS/Private/Invoke-GogsApi.ps1'.Rule [PSAvoidTrailingWhitespace]" time="0.0478" asserts="0" success="True" result="Success" executed="True" />
                  <test-case description="Rule [PSAvoidUsingUserNameAndPassWordParams]" name="PSScriptAnalyzer rule-sets.Script '/home/mark/Documents/Projects/GogsPS/GogsPS/Private/Invoke-GogsApi.ps1'.Rule [PSAvoidUsingUserNameAndPassWordParams]" time="0.0482" asserts="0" success="True" result="Success" executed="True" />
                  <test-case description="Rule [PSAvoidUsingComputerNameHardcoded]" name="PSScriptAnalyzer rule-sets.Script '/home/mark/Documents/Projects/GogsPS/GogsPS/Private/Invoke-GogsApi.ps1'.Rule [PSAvoidUsingComputerNameHardcoded]" time="0.0339" asserts="0" success="True" result="Success" executed="True" />
                  <test-case description="Rule [PSAvoidUsingConvertToSecureStringWithPlainText]" name="PSScriptAnalyzer rule-sets.Script '/home/mark/Documents/Projects/GogsPS/GogsPS/Private/Invoke-GogsApi.ps1'.Rule [PSAvoidUsingConvertToSecureStringWithPlainText]" time="0.0476" asserts="0" success="True" result="Success" executed="True" />
                  <test-case description="Rule [PSAvoidUsingDeprecatedManifestFields]" name="PSScriptAnalyzer rule-sets.Script '/home/mark/Documents/Projects/GogsPS/GogsPS/Private/Invoke-GogsApi.ps1'.Rule [PSAvoidUsingDeprecatedManifestFields]" time="0.0419" asserts="0" success="True" result="Success" executed="True" />
                  <test-case description="Rule [PSAvoidUsingInvokeExpression]" name="PSScriptAnalyzer rule-sets.Script '/home/mark/Documents/Projects/GogsPS/GogsPS/Private/Invoke-GogsApi.ps1'.Rule [PSAvoidUsingInvokeExpression]" time="0.0481" asserts="0" success="True" result="Success" executed="True" />
                  <test-case description="Rule [PSAvoidUsingPlainTextForPassword]" name="PSScriptAnalyzer rule-sets.Script '/home/mark/Documents/Projects/GogsPS/GogsPS/Private/Invoke-GogsApi.ps1'.Rule [PSAvoidUsingPlainTextForPassword]" time="0.0551" asserts="0" success="True" result="Success" executed="True" />
                  <test-case description="Rule [PSAvoidUsingWMICmdlet]" name="PSScriptAnalyzer rule-sets.Script '/home/mark/Documents/Projects/GogsPS/GogsPS/Private/Invoke-GogsApi.ps1'.Rule [PSAvoidUsingWMICmdlet]" time="0.0555" asserts="0" success="True" result="Success" executed="True" />
                  <test-case description="Rule [PSAvoidUsingWriteHost]" name="PSScriptAnalyzer rule-sets.Script '/home/mark/Documents/Projects/GogsPS/GogsPS/Private/Invoke-GogsApi.ps1'.Rule [PSAvoidUsingWriteHost]" time="0.053" asserts="0" success="True" result="Success" executed="True" />
                  <test-case description="Rule [PSMisleadingBacktick]" name="PSScriptAnalyzer rule-sets.Script '/home/mark/Documents/Projects/GogsPS/GogsPS/Private/Invoke-GogsApi.ps1'.Rule [PSMisleadingBacktick]" time="0.0519" asserts="0" success="True" result="Success" executed="True" />
                  <test-case description="Rule [PSMissingModuleManifestField]" name="PSScriptAnalyzer rule-sets.Script '/home/mark/Documents/Projects/GogsPS/GogsPS/Private/Invoke-GogsApi.ps1'.Rule [PSMissingModuleManifestField]" time="0.0607" asserts="0" success="True" result="Success" executed="True" />
                  <test-case description="Rule [PSPlaceCloseBrace]" name="PSScriptAnalyzer rule-sets.Script '/home/mark/Documents/Projects/GogsPS/GogsPS/Private/Invoke-GogsApi.ps1'.Rule [PSPlaceCloseBrace]" time="0.0439" asserts="0" success="True" result="Success" executed="True" />
                  <test-case description="Rule [PSPlaceOpenBrace]" name="PSScriptAnalyzer rule-sets.Script '/home/mark/Documents/Projects/GogsPS/GogsPS/Private/Invoke-GogsApi.ps1'.Rule [PSPlaceOpenBrace]" time="0.0537" asserts="0" success="True" result="Success" executed="True" />
                  <test-case description="Rule [PSPossibleIncorrectComparisonWithNull]" name="PSScriptAnalyzer rule-sets.Script '/home/mark/Documents/Projects/GogsPS/GogsPS/Private/Invoke-GogsApi.ps1'.Rule [PSPossibleIncorrectComparisonWithNull]" time="0.06" asserts="0" success="True" result="Success" executed="True" />
                  <test-case description="Rule [PSPossibleIncorrectUsageOfAssignmentOperator]" name="PSScriptAnalyzer rule-sets.Script '/home/mark/Documents/Projects/GogsPS/GogsPS/Private/Invoke-GogsApi.ps1'.Rule [PSPossibleIncorrectUsageOfAssignmentOperator]" time="0.0542" asserts="0" success="True" result="Success" executed="True" />
                  <test-case description="Rule [PSPossibleIncorrectUsageOfRedirectionOperator]" name="PSScriptAnalyzer rule-sets.Script '/home/mark/Documents/Projects/GogsPS/GogsPS/Private/Invoke-GogsApi.ps1'.Rule [PSPossibleIncorrectUsageOfRedirectionOperator]" time="0.0401" asserts="0" success="True" result="Success" executed="True" />
                  <test-case description="Rule [PSProvideCommentHelp]" name="PSScriptAnalyzer rule-sets.Script '/home/mark/Documents/Projects/GogsPS/GogsPS/Private/Invoke-GogsApi.ps1'.Rule [PSProvideCommentHelp]" time="0.0406" asserts="0" success="True" result="Success" executed="True" />
                  <test-case description="Rule [PSUseApprovedVerbs]" name="PSScriptAnalyzer rule-sets.Script '/home/mark/Documents/Projects/GogsPS/GogsPS/Private/Invoke-GogsApi.ps1'.Rule [PSUseApprovedVerbs]" time="0.0468" asserts="0" success="True" result="Success" executed="True" />
                  <test-case description="Rule [PSUseBOMForUnicodeEncodedFile]" name="PSScriptAnalyzer rule-sets.Script '/home/mark/Documents/Projects/GogsPS/GogsPS/Private/Invoke-GogsApi.ps1'.Rule [PSUseBOMForUnicodeEncodedFile]" time="0.0477" asserts="0" success="True" result="Success" executed="True" />
                  <test-case description="Rule [PSUseCmdletCorrectly]" name="PSScriptAnalyzer rule-sets.Script '/home/mark/Documents/Projects/GogsPS/GogsPS/Private/Invoke-GogsApi.ps1'.Rule [PSUseCmdletCorrectly]" time="0.0364" asserts="0" success="True" result="Success" executed="True" />
                  <test-case description="Rule [PSUseCompatibleCmdlets]" name="PSScriptAnalyzer rule-sets.Script '/home/mark/Documents/Projects/GogsPS/GogsPS/Private/Invoke-GogsApi.ps1'.Rule [PSUseCompatibleCmdlets]" time="0.0474" asserts="0" success="True" result="Success" executed="True" />
                  <test-case description="Rule [PSUseConsistentIndentation]" name="PSScriptAnalyzer rule-sets.Script '/home/mark/Documents/Projects/GogsPS/GogsPS/Private/Invoke-GogsApi.ps1'.Rule [PSUseConsistentIndentation]" time="0.0512" asserts="0" success="True" result="Success" executed="True" />
                  <test-case description="Rule [PSUseConsistentWhitespace]" name="PSScriptAnalyzer rule-sets.Script '/home/mark/Documents/Projects/GogsPS/GogsPS/Private/Invoke-GogsApi.ps1'.Rule [PSUseConsistentWhitespace]" time="0.0398" asserts="0" success="True" result="Success" executed="True" />
                  <test-case description="Rule [PSUseDeclaredVarsMoreThanAssignments]" name="PSScriptAnalyzer rule-sets.Script '/home/mark/Documents/Projects/GogsPS/GogsPS/Private/Invoke-GogsApi.ps1'.Rule [PSUseDeclaredVarsMoreThanAssignments]" time="0.0364" asserts="0" success="True" result="Success" executed="True" />
                  <test-case description="Rule [PSUseLiteralInitializerForHashtable]" name="PSScriptAnalyzer rule-sets.Script '/home/mark/Documents/Projects/GogsPS/GogsPS/Private/Invoke-GogsApi.ps1'.Rule [PSUseLiteralInitializerForHashtable]" time="0.0425" asserts="0" success="True" result="Success" executed="True" />
                  <test-case description="Rule [PSUseOutputTypeCorrectly]" name="PSScriptAnalyzer rule-sets.Script '/home/mark/Documents/Projects/GogsPS/GogsPS/Private/Invoke-GogsApi.ps1'.Rule [PSUseOutputTypeCorrectly]" time="0.0409" asserts="0" success="True" result="Success" executed="True" />
                  <test-case description="Rule [PSUsePSCredentialType]" name="PSScriptAnalyzer rule-sets.Script '/home/mark/Documents/Projects/GogsPS/GogsPS/Private/Invoke-GogsApi.ps1'.Rule [PSUsePSCredentialType]" time="0.0363" asserts="0" success="True" result="Success" executed="True" />
                  <test-case description="Rule [PSShouldProcess]" name="PSScriptAnalyzer rule-sets.Script '/home/mark/Documents/Projects/GogsPS/GogsPS/Private/Invoke-GogsApi.ps1'.Rule [PSShouldProcess]" time="0.0431" asserts="0" success="True" result="Success" executed="True" />
                  <test-case description="Rule [PSUseShouldProcessForStateChangingFunctions]" name="PSScriptAnalyzer rule-sets.Script '/home/mark/Documents/Projects/GogsPS/GogsPS/Private/Invoke-GogsApi.ps1'.Rule [PSUseShouldProcessForStateChangingFunctions]" time="0.0335" asserts="0" success="True" result="Success" executed="True" />
                  <test-case description="Rule [PSUseSupportsShouldProcess]" name="PSScriptAnalyzer rule-sets.Script '/home/mark/Documents/Projects/GogsPS/GogsPS/Private/Invoke-GogsApi.ps1'.Rule [PSUseSupportsShouldProcess]" time="0.0566" asserts="0" success="True" result="Success" executed="True" />
                  <test-case description="Rule [PSUseToExportFieldsInManifest]" name="PSScriptAnalyzer rule-sets.Script '/home/mark/Documents/Projects/GogsPS/GogsPS/Private/Invoke-GogsApi.ps1'.Rule [PSUseToExportFieldsInManifest]" time="0.0328" asserts="0" success="True" result="Success" executed="True" />
                  <test-case description="Rule [PSUseUTF8EncodingForHelpFile]" name="PSScriptAnalyzer rule-sets.Script '/home/mark/Documents/Projects/GogsPS/GogsPS/Private/Invoke-GogsApi.ps1'.Rule [PSUseUTF8EncodingForHelpFile]" time="0.0478" asserts="0" success="True" result="Success" executed="True" />
                  <test-case description="Rule [PSDSCDscExamplesPresent]" name="PSScriptAnalyzer rule-sets.Script '/home/mark/Documents/Projects/GogsPS/GogsPS/Private/Invoke-GogsApi.ps1'.Rule [PSDSCDscExamplesPresent]" time="0.0414" asserts="0" success="True" result="Success" executed="True" />
                  <test-case description="Rule [PSDSCDscTestsPresent]" name="PSScriptAnalyzer rule-sets.Script '/home/mark/Documents/Projects/GogsPS/GogsPS/Private/Invoke-GogsApi.ps1'.Rule [PSDSCDscTestsPresent]" time="0.0348" asserts="0" success="True" result="Success" executed="True" />
                  <test-case description="Rule [PSDSCReturnCorrectTypesForDSCFunctions]" name="PSScriptAnalyzer rule-sets.Script '/home/mark/Documents/Projects/GogsPS/GogsPS/Private/Invoke-GogsApi.ps1'.Rule [PSDSCReturnCorrectTypesForDSCFunctions]" time="0.0376" asserts="0" success="True" result="Success" executed="True" />
                  <test-case description="Rule [PSDSCUseIdenticalMandatoryParametersForDSC]" name="PSScriptAnalyzer rule-sets.Script '/home/mark/Documents/Projects/GogsPS/GogsPS/Private/Invoke-GogsApi.ps1'.Rule [PSDSCUseIdenticalMandatoryParametersForDSC]" time="0.0425" asserts="0" success="True" result="Success" executed="True" />
                  <test-case description="Rule [PSDSCUseIdenticalParametersForDSC]" name="PSScriptAnalyzer rule-sets.Script '/home/mark/Documents/Projects/GogsPS/GogsPS/Private/Invoke-GogsApi.ps1'.Rule [PSDSCUseIdenticalParametersForDSC]" time="0.0498" asserts="0" success="True" result="Success" executed="True" />
                  <test-case description="Rule [PSDSCStandardDSCFunctionsInResource]" name="PSScriptAnalyzer rule-sets.Script '/home/mark/Documents/Projects/GogsPS/GogsPS/Private/Invoke-GogsApi.ps1'.Rule [PSDSCStandardDSCFunctionsInResource]" time="0.0449" asserts="0" success="True" result="Success" executed="True" />
                  <test-case description="Rule [PSDSCUseVerboseMessageInDSCResource]" name="PSScriptAnalyzer rule-sets.Script '/home/mark/Documents/Projects/GogsPS/GogsPS/Private/Invoke-GogsApi.ps1'.Rule [PSDSCUseVerboseMessageInDSCResource]" time="0.0434" asserts="0" success="True" result="Success" executed="True" />
                </results>
              </test-suite>
              <test-suite type="TestFixture" name="Script '/home/mark/Documents/Projects/GogsPS/GogsPS/Public/Get-GogsUser.ps1'" executed="True" result="Success" success="True" time="2.4206" asserts="0" description="Script '/home/mark/Documents/Projects/GogsPS/GogsPS/Public/Get-GogsUser.ps1'">
                <results>
                  <test-case description="Rule [PSAlignAssignmentStatement]" name="PSScriptAnalyzer rule-sets.Script '/home/mark/Documents/Projects/GogsPS/GogsPS/Public/Get-GogsUser.ps1'.Rule [PSAlignAssignmentStatement]" time="0.1171" asserts="0" success="True" result="Success" executed="True" />
                  <test-case description="Rule [PSAvoidUsingCmdletAliases]" name="PSScriptAnalyzer rule-sets.Script '/home/mark/Documents/Projects/GogsPS/GogsPS/Public/Get-GogsUser.ps1'.Rule [PSAvoidUsingCmdletAliases]" time="0.1186" asserts="0" success="True" result="Success" executed="True" />
                  <test-case description="Rule [PSAvoidAssignmentToAutomaticVariable]" name="PSScriptAnalyzer rule-sets.Script '/home/mark/Documents/Projects/GogsPS/GogsPS/Public/Get-GogsUser.ps1'.Rule [PSAvoidAssignmentToAutomaticVariable]" time="0.0482" asserts="0" success="True" result="Success" executed="True" />
                  <test-case description="Rule [PSAvoidDefaultValueSwitchParameter]" name="PSScriptAnalyzer rule-sets.Script '/home/mark/Documents/Projects/GogsPS/GogsPS/Public/Get-GogsUser.ps1'.Rule [PSAvoidDefaultValueSwitchParameter]" time="0.0471" asserts="0" success="True" result="Success" executed="True" />
                  <test-case description="Rule [PSAvoidDefaultValueForMandatoryParameter]" name="PSScriptAnalyzer rule-sets.Script '/home/mark/Documents/Projects/GogsPS/GogsPS/Public/Get-GogsUser.ps1'.Rule [PSAvoidDefaultValueForMandatoryParameter]" time="0.0324" asserts="0" success="True" result="Success" executed="True" />
                  <test-case description="Rule [PSAvoidUsingEmptyCatchBlock]" name="PSScriptAnalyzer rule-sets.Script '/home/mark/Documents/Projects/GogsPS/GogsPS/Public/Get-GogsUser.ps1'.Rule [PSAvoidUsingEmptyCatchBlock]" time="0.0395" asserts="0" success="True" result="Success" executed="True" />
                  <test-case description="Rule [PSAvoidGlobalAliases]" name="PSScriptAnalyzer rule-sets.Script '/home/mark/Documents/Projects/GogsPS/GogsPS/Public/Get-GogsUser.ps1'.Rule [PSAvoidGlobalAliases]" time="0.0422" asserts="0" success="True" result="Success" executed="True" />
                  <test-case description="Rule [PSAvoidGlobalFunctions]" name="PSScriptAnalyzer rule-sets.Script '/home/mark/Documents/Projects/GogsPS/GogsPS/Public/Get-GogsUser.ps1'.Rule [PSAvoidGlobalFunctions]" time="0.0383" asserts="0" success="True" result="Success" executed="True" />
                  <test-case description="Rule [PSAvoidGlobalVars]" name="PSScriptAnalyzer rule-sets.Script '/home/mark/Documents/Projects/GogsPS/GogsPS/Public/Get-GogsUser.ps1'.Rule [PSAvoidGlobalVars]" time="0.0437" asserts="0" success="True" result="Success" executed="True" />
                  <test-case description="Rule [PSAvoidInvokingEmptyMembers]" name="PSScriptAnalyzer rule-sets.Script '/home/mark/Documents/Projects/GogsPS/GogsPS/Public/Get-GogsUser.ps1'.Rule [PSAvoidInvokingEmptyMembers]" time="0.0408" asserts="0" success="True" result="Success" executed="True" />
                  <test-case description="Rule [PSAvoidNullOrEmptyHelpMessageAttribute]" name="PSScriptAnalyzer rule-sets.Script '/home/mark/Documents/Projects/GogsPS/GogsPS/Public/Get-GogsUser.ps1'.Rule [PSAvoidNullOrEmptyHelpMessageAttribute]" time="0.0363" asserts="0" success="True" result="Success" executed="True" />
                  <test-case description="Rule [PSAvoidUsingPositionalParameters]" name="PSScriptAnalyzer rule-sets.Script '/home/mark/Documents/Projects/GogsPS/GogsPS/Public/Get-GogsUser.ps1'.Rule [PSAvoidUsingPositionalParameters]" time="0.0552" asserts="0" success="True" result="Success" executed="True" />
                  <test-case description="Rule [PSReservedCmdletChar]" name="PSScriptAnalyzer rule-sets.Script '/home/mark/Documents/Projects/GogsPS/GogsPS/Public/Get-GogsUser.ps1'.Rule [PSReservedCmdletChar]" time="0.0381" asserts="0" success="True" result="Success" executed="True" />
                  <test-case description="Rule [PSReservedParams]" name="PSScriptAnalyzer rule-sets.Script '/home/mark/Documents/Projects/GogsPS/GogsPS/Public/Get-GogsUser.ps1'.Rule [PSReservedParams]" time="0.0426" asserts="0" success="True" result="Success" executed="True" />
                  <test-case description="Rule [PSAvoidShouldContinueWithoutForce]" name="PSScriptAnalyzer rule-sets.Script '/home/mark/Documents/Projects/GogsPS/GogsPS/Public/Get-GogsUser.ps1'.Rule [PSAvoidShouldContinueWithoutForce]" time="0.0433" asserts="0" success="True" result="Success" executed="True" />
                  <test-case description="Rule [PSAvoidTrailingWhitespace]" name="PSScriptAnalyzer rule-sets.Script '/home/mark/Documents/Projects/GogsPS/GogsPS/Public/Get-GogsUser.ps1'.Rule [PSAvoidTrailingWhitespace]" time="0.0389" asserts="0" success="True" result="Success" executed="True" />
                  <test-case description="Rule [PSAvoidUsingUserNameAndPassWordParams]" name="PSScriptAnalyzer rule-sets.Script '/home/mark/Documents/Projects/GogsPS/GogsPS/Public/Get-GogsUser.ps1'.Rule [PSAvoidUsingUserNameAndPassWordParams]" time="0.0393" asserts="0" success="True" result="Success" executed="True" />
                  <test-case description="Rule [PSAvoidUsingComputerNameHardcoded]" name="PSScriptAnalyzer rule-sets.Script '/home/mark/Documents/Projects/GogsPS/GogsPS/Public/Get-GogsUser.ps1'.Rule [PSAvoidUsingComputerNameHardcoded]" time="0.0382" asserts="0" success="True" result="Success" executed="True" />
                  <test-case description="Rule [PSAvoidUsingConvertToSecureStringWithPlainText]" name="PSScriptAnalyzer rule-sets.Script '/home/mark/Documents/Projects/GogsPS/GogsPS/Public/Get-GogsUser.ps1'.Rule [PSAvoidUsingConvertToSecureStringWithPlainText]" time="0.055" asserts="0" success="True" result="Success" executed="True" />
                  <test-case description="Rule [PSAvoidUsingDeprecatedManifestFields]" name="PSScriptAnalyzer rule-sets.Script '/home/mark/Documents/Projects/GogsPS/GogsPS/Public/Get-GogsUser.ps1'.Rule [PSAvoidUsingDeprecatedManifestFields]" time="0.0393" asserts="0" success="True" result="Success" executed="True" />
                  <test-case description="Rule [PSAvoidUsingInvokeExpression]" name="PSScriptAnalyzer rule-sets.Script '/home/mark/Documents/Projects/GogsPS/GogsPS/Public/Get-GogsUser.ps1'.Rule [PSAvoidUsingInvokeExpression]" time="0.0523" asserts="0" success="True" result="Success" executed="True" />
                  <test-case description="Rule [PSAvoidUsingPlainTextForPassword]" name="PSScriptAnalyzer rule-sets.Script '/home/mark/Documents/Projects/GogsPS/GogsPS/Public/Get-GogsUser.ps1'.Rule [PSAvoidUsingPlainTextForPassword]" time="0.0415" asserts="0" success="True" result="Success" executed="True" />
                  <test-case description="Rule [PSAvoidUsingWMICmdlet]" name="PSScriptAnalyzer rule-sets.Script '/home/mark/Documents/Projects/GogsPS/GogsPS/Public/Get-GogsUser.ps1'.Rule [PSAvoidUsingWMICmdlet]" time="0.0451" asserts="0" success="True" result="Success" executed="True" />
                  <test-case description="Rule [PSAvoidUsingWriteHost]" name="PSScriptAnalyzer rule-sets.Script '/home/mark/Documents/Projects/GogsPS/GogsPS/Public/Get-GogsUser.ps1'.Rule [PSAvoidUsingWriteHost]" time="0.0369" asserts="0" success="True" result="Success" executed="True" />
                  <test-case description="Rule [PSMisleadingBacktick]" name="PSScriptAnalyzer rule-sets.Script '/home/mark/Documents/Projects/GogsPS/GogsPS/Public/Get-GogsUser.ps1'.Rule [PSMisleadingBacktick]" time="0.034" asserts="0" success="True" result="Success" executed="True" />
                  <test-case description="Rule [PSMissingModuleManifestField]" name="PSScriptAnalyzer rule-sets.Script '/home/mark/Documents/Projects/GogsPS/GogsPS/Public/Get-GogsUser.ps1'.Rule [PSMissingModuleManifestField]" time="0.0402" asserts="0" success="True" result="Success" executed="True" />
                  <test-case description="Rule [PSPlaceCloseBrace]" name="PSScriptAnalyzer rule-sets.Script '/home/mark/Documents/Projects/GogsPS/GogsPS/Public/Get-GogsUser.ps1'.Rule [PSPlaceCloseBrace]" time="0.0417" asserts="0" success="True" result="Success" executed="True" />
                  <test-case description="Rule [PSPlaceOpenBrace]" name="PSScriptAnalyzer rule-sets.Script '/home/mark/Documents/Projects/GogsPS/GogsPS/Public/Get-GogsUser.ps1'.Rule [PSPlaceOpenBrace]" time="0.0307" asserts="0" success="True" result="Success" executed="True" />
                  <test-case description="Rule [PSPossibleIncorrectComparisonWithNull]" name="PSScriptAnalyzer rule-sets.Script '/home/mark/Documents/Projects/GogsPS/GogsPS/Public/Get-GogsUser.ps1'.Rule [PSPossibleIncorrectComparisonWithNull]" time="0.0531" asserts="0" success="True" result="Success" executed="True" />
                  <test-case description="Rule [PSPossibleIncorrectUsageOfAssignmentOperator]" name="PSScriptAnalyzer rule-sets.Script '/home/mark/Documents/Projects/GogsPS/GogsPS/Public/Get-GogsUser.ps1'.Rule [PSPossibleIncorrectUsageOfAssignmentOperator]" time="0.0406" asserts="0" success="True" result="Success" executed="True" />
                  <test-case description="Rule [PSPossibleIncorrectUsageOfRedirectionOperator]" name="PSScriptAnalyzer rule-sets.Script '/home/mark/Documents/Projects/GogsPS/GogsPS/Public/Get-GogsUser.ps1'.Rule [PSPossibleIncorrectUsageOfRedirectionOperator]" time="0.04" asserts="0" success="True" result="Success" executed="True" />
                  <test-case description="Rule [PSProvideCommentHelp]" name="PSScriptAnalyzer rule-sets.Script '/home/mark/Documents/Projects/GogsPS/GogsPS/Public/Get-GogsUser.ps1'.Rule [PSProvideCommentHelp]" time="0.0438" asserts="0" success="True" result="Success" executed="True" />
                  <test-case description="Rule [PSUseApprovedVerbs]" name="PSScriptAnalyzer rule-sets.Script '/home/mark/Documents/Projects/GogsPS/GogsPS/Public/Get-GogsUser.ps1'.Rule [PSUseApprovedVerbs]" time="0.0366" asserts="0" success="True" result="Success" executed="True" />
                  <test-case description="Rule [PSUseBOMForUnicodeEncodedFile]" name="PSScriptAnalyzer rule-sets.Script '/home/mark/Documents/Projects/GogsPS/GogsPS/Public/Get-GogsUser.ps1'.Rule [PSUseBOMForUnicodeEncodedFile]" time="0.0465" asserts="0" success="True" result="Success" executed="True" />
                  <test-case description="Rule [PSUseCmdletCorrectly]" name="PSScriptAnalyzer rule-sets.Script '/home/mark/Documents/Projects/GogsPS/GogsPS/Public/Get-GogsUser.ps1'.Rule [PSUseCmdletCorrectly]" time="0.0484" asserts="0" success="True" result="Success" executed="True" />
                  <test-case description="Rule [PSUseCompatibleCmdlets]" name="PSScriptAnalyzer rule-sets.Script '/home/mark/Documents/Projects/GogsPS/GogsPS/Public/Get-GogsUser.ps1'.Rule [PSUseCompatibleCmdlets]" time="0.0436" asserts="0" success="True" result="Success" executed="True" />
                  <test-case description="Rule [PSUseConsistentIndentation]" name="PSScriptAnalyzer rule-sets.Script '/home/mark/Documents/Projects/GogsPS/GogsPS/Public/Get-GogsUser.ps1'.Rule [PSUseConsistentIndentation]" time="0.0348" asserts="0" success="True" result="Success" executed="True" />
                  <test-case description="Rule [PSUseConsistentWhitespace]" name="PSScriptAnalyzer rule-sets.Script '/home/mark/Documents/Projects/GogsPS/GogsPS/Public/Get-GogsUser.ps1'.Rule [PSUseConsistentWhitespace]" time="0.0452" asserts="0" success="True" result="Success" executed="True" />
                  <test-case description="Rule [PSUseDeclaredVarsMoreThanAssignments]" name="PSScriptAnalyzer rule-sets.Script '/home/mark/Documents/Projects/GogsPS/GogsPS/Public/Get-GogsUser.ps1'.Rule [PSUseDeclaredVarsMoreThanAssignments]" time="0.0481" asserts="0" success="True" result="Success" executed="True" />
                  <test-case description="Rule [PSUseLiteralInitializerForHashtable]" name="PSScriptAnalyzer rule-sets.Script '/home/mark/Documents/Projects/GogsPS/GogsPS/Public/Get-GogsUser.ps1'.Rule [PSUseLiteralInitializerForHashtable]" time="0.0466" asserts="0" success="True" result="Success" executed="True" />
                  <test-case description="Rule [PSUseOutputTypeCorrectly]" name="PSScriptAnalyzer rule-sets.Script '/home/mark/Documents/Projects/GogsPS/GogsPS/Public/Get-GogsUser.ps1'.Rule [PSUseOutputTypeCorrectly]" time="0.0397" asserts="0" success="True" result="Success" executed="True" />
                  <test-case description="Rule [PSUsePSCredentialType]" name="PSScriptAnalyzer rule-sets.Script '/home/mark/Documents/Projects/GogsPS/GogsPS/Public/Get-GogsUser.ps1'.Rule [PSUsePSCredentialType]" time="0.0452" asserts="0" success="True" result="Success" executed="True" />
                  <test-case description="Rule [PSShouldProcess]" name="PSScriptAnalyzer rule-sets.Script '/home/mark/Documents/Projects/GogsPS/GogsPS/Public/Get-GogsUser.ps1'.Rule [PSShouldProcess]" time="0.0351" asserts="0" success="True" result="Success" executed="True" />
                  <test-case description="Rule [PSUseShouldProcessForStateChangingFunctions]" name="PSScriptAnalyzer rule-sets.Script '/home/mark/Documents/Projects/GogsPS/GogsPS/Public/Get-GogsUser.ps1'.Rule [PSUseShouldProcessForStateChangingFunctions]" time="0.0482" asserts="0" success="True" result="Success" executed="True" />
                  <test-case description="Rule [PSUseSupportsShouldProcess]" name="PSScriptAnalyzer rule-sets.Script '/home/mark/Documents/Projects/GogsPS/GogsPS/Public/Get-GogsUser.ps1'.Rule [PSUseSupportsShouldProcess]" time="0.0409" asserts="0" success="True" result="Success" executed="True" />
                  <test-case description="Rule [PSUseToExportFieldsInManifest]" name="PSScriptAnalyzer rule-sets.Script '/home/mark/Documents/Projects/GogsPS/GogsPS/Public/Get-GogsUser.ps1'.Rule [PSUseToExportFieldsInManifest]" time="0.0389" asserts="0" success="True" result="Success" executed="True" />
                  <test-case description="Rule [PSUseUTF8EncodingForHelpFile]" name="PSScriptAnalyzer rule-sets.Script '/home/mark/Documents/Projects/GogsPS/GogsPS/Public/Get-GogsUser.ps1'.Rule [PSUseUTF8EncodingForHelpFile]" time="0.04" asserts="0" success="True" result="Success" executed="True" />
                  <test-case description="Rule [PSDSCDscExamplesPresent]" name="PSScriptAnalyzer rule-sets.Script '/home/mark/Documents/Projects/GogsPS/GogsPS/Public/Get-GogsUser.ps1'.Rule [PSDSCDscExamplesPresent]" time="0.0417" asserts="0" success="True" result="Success" executed="True" />
                  <test-case description="Rule [PSDSCDscTestsPresent]" name="PSScriptAnalyzer rule-sets.Script '/home/mark/Documents/Projects/GogsPS/GogsPS/Public/Get-GogsUser.ps1'.Rule [PSDSCDscTestsPresent]" time="0.043" asserts="0" success="True" result="Success" executed="True" />
                  <test-case description="Rule [PSDSCReturnCorrectTypesForDSCFunctions]" name="PSScriptAnalyzer rule-sets.Script '/home/mark/Documents/Projects/GogsPS/GogsPS/Public/Get-GogsUser.ps1'.Rule [PSDSCReturnCorrectTypesForDSCFunctions]" time="0.0307" asserts="0" success="True" result="Success" executed="True" />
                  <test-case description="Rule [PSDSCUseIdenticalMandatoryParametersForDSC]" name="PSScriptAnalyzer rule-sets.Script '/home/mark/Documents/Projects/GogsPS/GogsPS/Public/Get-GogsUser.ps1'.Rule [PSDSCUseIdenticalMandatoryParametersForDSC]" time="0.0439" asserts="0" success="True" result="Success" executed="True" />
                  <test-case description="Rule [PSDSCUseIdenticalParametersForDSC]" name="PSScriptAnalyzer rule-sets.Script '/home/mark/Documents/Projects/GogsPS/GogsPS/Public/Get-GogsUser.ps1'.Rule [PSDSCUseIdenticalParametersForDSC]" time="0.0405" asserts="0" success="True" result="Success" executed="True" />
                  <test-case description="Rule [PSDSCStandardDSCFunctionsInResource]" name="PSScriptAnalyzer rule-sets.Script '/home/mark/Documents/Projects/GogsPS/GogsPS/Public/Get-GogsUser.ps1'.Rule [PSDSCStandardDSCFunctionsInResource]" time="0.0497" asserts="0" success="True" result="Success" executed="True" />
                  <test-case description="Rule [PSDSCUseVerboseMessageInDSCResource]" name="PSScriptAnalyzer rule-sets.Script '/home/mark/Documents/Projects/GogsPS/GogsPS/Public/Get-GogsUser.ps1'.Rule [PSDSCUseVerboseMessageInDSCResource]" time="0.0389" asserts="0" success="True" result="Success" executed="True" />
                </results>
              </test-suite>
              <test-suite type="TestFixture" name="Script '/home/mark/Documents/Projects/GogsPS/GogsPS/Public/New-GogsUser.ps1'" executed="True" result="Success" success="True" time="2.4311" asserts="0" description="Script '/home/mark/Documents/Projects/GogsPS/GogsPS/Public/New-GogsUser.ps1'">
                <results>
                  <test-case description="Rule [PSAlignAssignmentStatement]" name="PSScriptAnalyzer rule-sets.Script '/home/mark/Documents/Projects/GogsPS/GogsPS/Public/New-GogsUser.ps1'.Rule [PSAlignAssignmentStatement]" time="0.1003" asserts="0" success="True" result="Success" executed="True" />
                  <test-case description="Rule [PSAvoidUsingCmdletAliases]" name="PSScriptAnalyzer rule-sets.Script '/home/mark/Documents/Projects/GogsPS/GogsPS/Public/New-GogsUser.ps1'.Rule [PSAvoidUsingCmdletAliases]" time="0.1208" asserts="0" success="True" result="Success" executed="True" />
                  <test-case description="Rule [PSAvoidAssignmentToAutomaticVariable]" name="PSScriptAnalyzer rule-sets.Script '/home/mark/Documents/Projects/GogsPS/GogsPS/Public/New-GogsUser.ps1'.Rule [PSAvoidAssignmentToAutomaticVariable]" time="0.047" asserts="0" success="True" result="Success" executed="True" />
                  <test-case description="Rule [PSAvoidDefaultValueSwitchParameter]" name="PSScriptAnalyzer rule-sets.Script '/home/mark/Documents/Projects/GogsPS/GogsPS/Public/New-GogsUser.ps1'.Rule [PSAvoidDefaultValueSwitchParameter]" time="0.0433" asserts="0" success="True" result="Success" executed="True" />
                  <test-case description="Rule [PSAvoidDefaultValueForMandatoryParameter]" name="PSScriptAnalyzer rule-sets.Script '/home/mark/Documents/Projects/GogsPS/GogsPS/Public/New-GogsUser.ps1'.Rule [PSAvoidDefaultValueForMandatoryParameter]" time="0.0399" asserts="0" success="True" result="Success" executed="True" />
                  <test-case description="Rule [PSAvoidUsingEmptyCatchBlock]" name="PSScriptAnalyzer rule-sets.Script '/home/mark/Documents/Projects/GogsPS/GogsPS/Public/New-GogsUser.ps1'.Rule [PSAvoidUsingEmptyCatchBlock]" time="0.0338" asserts="0" success="True" result="Success" executed="True" />
                  <test-case description="Rule [PSAvoidGlobalAliases]" name="PSScriptAnalyzer rule-sets.Script '/home/mark/Documents/Projects/GogsPS/GogsPS/Public/New-GogsUser.ps1'.Rule [PSAvoidGlobalAliases]" time="0.043" asserts="0" success="True" result="Success" executed="True" />
                  <test-case description="Rule [PSAvoidGlobalFunctions]" name="PSScriptAnalyzer rule-sets.Script '/home/mark/Documents/Projects/GogsPS/GogsPS/Public/New-GogsUser.ps1'.Rule [PSAvoidGlobalFunctions]" time="0.0431" asserts="0" success="True" result="Success" executed="True" />
                  <test-case description="Rule [PSAvoidGlobalVars]" name="PSScriptAnalyzer rule-sets.Script '/home/mark/Documents/Projects/GogsPS/GogsPS/Public/New-GogsUser.ps1'.Rule [PSAvoidGlobalVars]" time="0.0417" asserts="0" success="True" result="Success" executed="True" />
                  <test-case description="Rule [PSAvoidInvokingEmptyMembers]" name="PSScriptAnalyzer rule-sets.Script '/home/mark/Documents/Projects/GogsPS/GogsPS/Public/New-GogsUser.ps1'.Rule [PSAvoidInvokingEmptyMembers]" time="0.0407" asserts="0" success="True" result="Success" executed="True" />
                  <test-case description="Rule [PSAvoidNullOrEmptyHelpMessageAttribute]" name="PSScriptAnalyzer rule-sets.Script '/home/mark/Documents/Projects/GogsPS/GogsPS/Public/New-GogsUser.ps1'.Rule [PSAvoidNullOrEmptyHelpMessageAttribute]" time="0.0411" asserts="0" success="True" result="Success" executed="True" />
                  <test-case description="Rule [PSAvoidUsingPositionalParameters]" name="PSScriptAnalyzer rule-sets.Script '/home/mark/Documents/Projects/GogsPS/GogsPS/Public/New-GogsUser.ps1'.Rule [PSAvoidUsingPositionalParameters]" time="0.0426" asserts="0" success="True" result="Success" executed="True" />
                  <test-case description="Rule [PSReservedCmdletChar]" name="PSScriptAnalyzer rule-sets.Script '/home/mark/Documents/Projects/GogsPS/GogsPS/Public/New-GogsUser.ps1'.Rule [PSReservedCmdletChar]" time="0.0319" asserts="0" success="True" result="Success" executed="True" />
                  <test-case description="Rule [PSReservedParams]" name="PSScriptAnalyzer rule-sets.Script '/home/mark/Documents/Projects/GogsPS/GogsPS/Public/New-GogsUser.ps1'.Rule [PSReservedParams]" time="0.0454" asserts="0" success="True" result="Success" executed="True" />
                  <test-case description="Rule [PSAvoidShouldContinueWithoutForce]" name="PSScriptAnalyzer rule-sets.Script '/home/mark/Documents/Projects/GogsPS/GogsPS/Public/New-GogsUser.ps1'.Rule [PSAvoidShouldContinueWithoutForce]" time="0.0332" asserts="0" success="True" result="Success" executed="True" />
                  <test-case description="Rule [PSAvoidTrailingWhitespace]" name="PSScriptAnalyzer rule-sets.Script '/home/mark/Documents/Projects/GogsPS/GogsPS/Public/New-GogsUser.ps1'.Rule [PSAvoidTrailingWhitespace]" time="0.0411" asserts="0" success="True" result="Success" executed="True" />
                  <test-case description="Rule [PSAvoidUsingUserNameAndPassWordParams]" name="PSScriptAnalyzer rule-sets.Script '/home/mark/Documents/Projects/GogsPS/GogsPS/Public/New-GogsUser.ps1'.Rule [PSAvoidUsingUserNameAndPassWordParams]" time="0.0334" asserts="0" success="True" result="Success" executed="True" />
                  <test-case description="Rule [PSAvoidUsingComputerNameHardcoded]" name="PSScriptAnalyzer rule-sets.Script '/home/mark/Documents/Projects/GogsPS/GogsPS/Public/New-GogsUser.ps1'.Rule [PSAvoidUsingComputerNameHardcoded]" time="0.0495" asserts="0" success="True" result="Success" executed="True" />
                  <test-case description="Rule [PSAvoidUsingConvertToSecureStringWithPlainText]" name="PSScriptAnalyzer rule-sets.Script '/home/mark/Documents/Projects/GogsPS/GogsPS/Public/New-GogsUser.ps1'.Rule [PSAvoidUsingConvertToSecureStringWithPlainText]" time="0.0508" asserts="0" success="True" result="Success" executed="True" />
                  <test-case description="Rule [PSAvoidUsingDeprecatedManifestFields]" name="PSScriptAnalyzer rule-sets.Script '/home/mark/Documents/Projects/GogsPS/GogsPS/Public/New-GogsUser.ps1'.Rule [PSAvoidUsingDeprecatedManifestFields]" time="0.0366" asserts="0" success="True" result="Success" executed="True" />
                  <test-case description="Rule [PSAvoidUsingInvokeExpression]" name="PSScriptAnalyzer rule-sets.Script '/home/mark/Documents/Projects/GogsPS/GogsPS/Public/New-GogsUser.ps1'.Rule [PSAvoidUsingInvokeExpression]" time="0.0402" asserts="0" success="True" result="Success" executed="True" />
                  <test-case description="Rule [PSAvoidUsingPlainTextForPassword]" name="PSScriptAnalyzer rule-sets.Script '/home/mark/Documents/Projects/GogsPS/GogsPS/Public/New-GogsUser.ps1'.Rule [PSAvoidUsingPlainTextForPassword]" time="0.0428" asserts="0" success="True" result="Success" executed="True" />
                  <test-case description="Rule [PSAvoidUsingWMICmdlet]" name="PSScriptAnalyzer rule-sets.Script '/home/mark/Documents/Projects/GogsPS/GogsPS/Public/New-GogsUser.ps1'.Rule [PSAvoidUsingWMICmdlet]" time="0.0496" asserts="0" success="True" result="Success" executed="True" />
                  <test-case description="Rule [PSAvoidUsingWriteHost]" name="PSScriptAnalyzer rule-sets.Script '/home/mark/Documents/Projects/GogsPS/GogsPS/Public/New-GogsUser.ps1'.Rule [PSAvoidUsingWriteHost]" time="0.0339" asserts="0" success="True" result="Success" executed="True" />
                  <test-case description="Rule [PSMisleadingBacktick]" name="PSScriptAnalyzer rule-sets.Script '/home/mark/Documents/Projects/GogsPS/GogsPS/Public/New-GogsUser.ps1'.Rule [PSMisleadingBacktick]" time="0.0493" asserts="0" success="True" result="Success" executed="True" />
                  <test-case description="Rule [PSMissingModuleManifestField]" name="PSScriptAnalyzer rule-sets.Script '/home/mark/Documents/Projects/GogsPS/GogsPS/Public/New-GogsUser.ps1'.Rule [PSMissingModuleManifestField]" time="0.0406" asserts="0" success="True" result="Success" executed="True" />
                  <test-case description="Rule [PSPlaceCloseBrace]" name="PSScriptAnalyzer rule-sets.Script '/home/mark/Documents/Projects/GogsPS/GogsPS/Public/New-GogsUser.ps1'.Rule [PSPlaceCloseBrace]" time="0.0435" asserts="0" success="True" result="Success" executed="True" />
                  <test-case description="Rule [PSPlaceOpenBrace]" name="PSScriptAnalyzer rule-sets.Script '/home/mark/Documents/Projects/GogsPS/GogsPS/Public/New-GogsUser.ps1'.Rule [PSPlaceOpenBrace]" time="0.0376" asserts="0" success="True" result="Success" executed="True" />
                  <test-case description="Rule [PSPossibleIncorrectComparisonWithNull]" name="PSScriptAnalyzer rule-sets.Script '/home/mark/Documents/Projects/GogsPS/GogsPS/Public/New-GogsUser.ps1'.Rule [PSPossibleIncorrectComparisonWithNull]" time="0.0428" asserts="0" success="True" result="Success" executed="True" />
                  <test-case description="Rule [PSPossibleIncorrectUsageOfAssignmentOperator]" name="PSScriptAnalyzer rule-sets.Script '/home/mark/Documents/Projects/GogsPS/GogsPS/Public/New-GogsUser.ps1'.Rule [PSPossibleIncorrectUsageOfAssignmentOperator]" time="0.0479" asserts="0" success="True" result="Success" executed="True" />
                  <test-case description="Rule [PSPossibleIncorrectUsageOfRedirectionOperator]" name="PSScriptAnalyzer rule-sets.Script '/home/mark/Documents/Projects/GogsPS/GogsPS/Public/New-GogsUser.ps1'.Rule [PSPossibleIncorrectUsageOfRedirectionOperator]" time="0.0352" asserts="0" success="True" result="Success" executed="True" />
                  <test-case description="Rule [PSProvideCommentHelp]" name="PSScriptAnalyzer rule-sets.Script '/home/mark/Documents/Projects/GogsPS/GogsPS/Public/New-GogsUser.ps1'.Rule [PSProvideCommentHelp]" time="0.0444" asserts="0" success="True" result="Success" executed="True" />
                  <test-case description="Rule [PSUseApprovedVerbs]" name="PSScriptAnalyzer rule-sets.Script '/home/mark/Documents/Projects/GogsPS/GogsPS/Public/New-GogsUser.ps1'.Rule [PSUseApprovedVerbs]" time="0.0509" asserts="0" success="True" result="Success" executed="True" />
                  <test-case description="Rule [PSUseBOMForUnicodeEncodedFile]" name="PSScriptAnalyzer rule-sets.Script '/home/mark/Documents/Projects/GogsPS/GogsPS/Public/New-GogsUser.ps1'.Rule [PSUseBOMForUnicodeEncodedFile]" time="0.0571" asserts="0" success="True" result="Success" executed="True" />
                  <test-case description="Rule [PSUseCmdletCorrectly]" name="PSScriptAnalyzer rule-sets.Script '/home/mark/Documents/Projects/GogsPS/GogsPS/Public/New-GogsUser.ps1'.Rule [PSUseCmdletCorrectly]" time="0.0696" asserts="0" success="True" result="Success" executed="True" />
                  <test-case description="Rule [PSUseCompatibleCmdlets]" name="PSScriptAnalyzer rule-sets.Script '/home/mark/Documents/Projects/GogsPS/GogsPS/Public/New-GogsUser.ps1'.Rule [PSUseCompatibleCmdlets]" time="0.0461" asserts="0" success="True" result="Success" executed="True" />
                  <test-case description="Rule [PSUseConsistentIndentation]" name="PSScriptAnalyzer rule-sets.Script '/home/mark/Documents/Projects/GogsPS/GogsPS/Public/New-GogsUser.ps1'.Rule [PSUseConsistentIndentation]" time="0.0437" asserts="0" success="True" result="Success" executed="True" />
                  <test-case description="Rule [PSUseConsistentWhitespace]" name="PSScriptAnalyzer rule-sets.Script '/home/mark/Documents/Projects/GogsPS/GogsPS/Public/New-GogsUser.ps1'.Rule [PSUseConsistentWhitespace]" time="0.0384" asserts="0" success="True" result="Success" executed="True" />
                  <test-case description="Rule [PSUseDeclaredVarsMoreThanAssignments]" name="PSScriptAnalyzer rule-sets.Script '/home/mark/Documents/Projects/GogsPS/GogsPS/Public/New-GogsUser.ps1'.Rule [PSUseDeclaredVarsMoreThanAssignments]" time="0.04" asserts="0" success="True" result="Success" executed="True" />
                  <test-case description="Rule [PSUseLiteralInitializerForHashtable]" name="PSScriptAnalyzer rule-sets.Script '/home/mark/Documents/Projects/GogsPS/GogsPS/Public/New-GogsUser.ps1'.Rule [PSUseLiteralInitializerForHashtable]" time="0.0483" asserts="0" success="True" result="Success" executed="True" />
                  <test-case description="Rule [PSUseOutputTypeCorrectly]" name="PSScriptAnalyzer rule-sets.Script '/home/mark/Documents/Projects/GogsPS/GogsPS/Public/New-GogsUser.ps1'.Rule [PSUseOutputTypeCorrectly]" time="0.0609" asserts="0" success="True" result="Success" executed="True" />
                  <test-case description="Rule [PSUsePSCredentialType]" name="PSScriptAnalyzer rule-sets.Script '/home/mark/Documents/Projects/GogsPS/GogsPS/Public/New-GogsUser.ps1'.Rule [PSUsePSCredentialType]" time="0.0453" asserts="0" success="True" result="Success" executed="True" />
                  <test-case description="Rule [PSShouldProcess]" name="PSScriptAnalyzer rule-sets.Script '/home/mark/Documents/Projects/GogsPS/GogsPS/Public/New-GogsUser.ps1'.Rule [PSShouldProcess]" time="0.033" asserts="0" success="True" result="Success" executed="True" />
                  <test-case description="Rule [PSUseShouldProcessForStateChangingFunctions]" name="PSScriptAnalyzer rule-sets.Script '/home/mark/Documents/Projects/GogsPS/GogsPS/Public/New-GogsUser.ps1'.Rule [PSUseShouldProcessForStateChangingFunctions]" time="0.0463" asserts="0" success="True" result="Success" executed="True" />
                  <test-case description="Rule [PSUseSupportsShouldProcess]" name="PSScriptAnalyzer rule-sets.Script '/home/mark/Documents/Projects/GogsPS/GogsPS/Public/New-GogsUser.ps1'.Rule [PSUseSupportsShouldProcess]" time="0.0352" asserts="0" success="True" result="Success" executed="True" />
                  <test-case description="Rule [PSUseToExportFieldsInManifest]" name="PSScriptAnalyzer rule-sets.Script '/home/mark/Documents/Projects/GogsPS/GogsPS/Public/New-GogsUser.ps1'.Rule [PSUseToExportFieldsInManifest]" time="0.0383" asserts="0" success="True" result="Success" executed="True" />
                  <test-case description="Rule [PSUseUTF8EncodingForHelpFile]" name="PSScriptAnalyzer rule-sets.Script '/home/mark/Documents/Projects/GogsPS/GogsPS/Public/New-GogsUser.ps1'.Rule [PSUseUTF8EncodingForHelpFile]" time="0.0424" asserts="0" success="True" result="Success" executed="True" />
                  <test-case description="Rule [PSDSCDscExamplesPresent]" name="PSScriptAnalyzer rule-sets.Script '/home/mark/Documents/Projects/GogsPS/GogsPS/Public/New-GogsUser.ps1'.Rule [PSDSCDscExamplesPresent]" time="0.0384" asserts="0" success="True" result="Success" executed="True" />
                  <test-case description="Rule [PSDSCDscTestsPresent]" name="PSScriptAnalyzer rule-sets.Script '/home/mark/Documents/Projects/GogsPS/GogsPS/Public/New-GogsUser.ps1'.Rule [PSDSCDscTestsPresent]" time="0.0327" asserts="0" success="True" result="Success" executed="True" />
                  <test-case description="Rule [PSDSCReturnCorrectTypesForDSCFunctions]" name="PSScriptAnalyzer rule-sets.Script '/home/mark/Documents/Projects/GogsPS/GogsPS/Public/New-GogsUser.ps1'.Rule [PSDSCReturnCorrectTypesForDSCFunctions]" time="0.0422" asserts="0" success="True" result="Success" executed="True" />
                  <test-case description="Rule [PSDSCUseIdenticalMandatoryParametersForDSC]" name="PSScriptAnalyzer rule-sets.Script '/home/mark/Documents/Projects/GogsPS/GogsPS/Public/New-GogsUser.ps1'.Rule [PSDSCUseIdenticalMandatoryParametersForDSC]" time="0.0394" asserts="0" success="True" result="Success" executed="True" />
                  <test-case description="Rule [PSDSCUseIdenticalParametersForDSC]" name="PSScriptAnalyzer rule-sets.Script '/home/mark/Documents/Projects/GogsPS/GogsPS/Public/New-GogsUser.ps1'.Rule [PSDSCUseIdenticalParametersForDSC]" time="0.0412" asserts="0" success="True" result="Success" executed="True" />
                  <test-case description="Rule [PSDSCStandardDSCFunctionsInResource]" name="PSScriptAnalyzer rule-sets.Script '/home/mark/Documents/Projects/GogsPS/GogsPS/Public/New-GogsUser.ps1'.Rule [PSDSCStandardDSCFunctionsInResource]" time="0.0407" asserts="0" success="True" result="Success" executed="True" />
                  <test-case description="Rule [PSDSCUseVerboseMessageInDSCResource]" name="PSScriptAnalyzer rule-sets.Script '/home/mark/Documents/Projects/GogsPS/GogsPS/Public/New-GogsUser.ps1'.Rule [PSDSCUseVerboseMessageInDSCResource]" time="0.034" asserts="0" success="True" result="Success" executed="True" />
                </results>
              </test-suite>
              <test-suite type="TestFixture" name="Script '/home/mark/Documents/Projects/GogsPS/GogsPS/Public/Remove-GogsUser.ps1'" executed="True" result="Success" success="True" time="2.4478" asserts="0" description="Script '/home/mark/Documents/Projects/GogsPS/GogsPS/Public/Remove-GogsUser.ps1'">
                <results>
                  <test-case description="Rule [PSAlignAssignmentStatement]" name="PSScriptAnalyzer rule-sets.Script '/home/mark/Documents/Projects/GogsPS/GogsPS/Public/Remove-GogsUser.ps1'.Rule [PSAlignAssignmentStatement]" time="0.1056" asserts="0" success="True" result="Success" executed="True" />
                  <test-case description="Rule [PSAvoidUsingCmdletAliases]" name="PSScriptAnalyzer rule-sets.Script '/home/mark/Documents/Projects/GogsPS/GogsPS/Public/Remove-GogsUser.ps1'.Rule [PSAvoidUsingCmdletAliases]" time="0.1301" asserts="0" success="True" result="Success" executed="True" />
                  <test-case description="Rule [PSAvoidAssignmentToAutomaticVariable]" name="PSScriptAnalyzer rule-sets.Script '/home/mark/Documents/Projects/GogsPS/GogsPS/Public/Remove-GogsUser.ps1'.Rule [PSAvoidAssignmentToAutomaticVariable]" time="0.0468" asserts="0" success="True" result="Success" executed="True" />
                  <test-case description="Rule [PSAvoidDefaultValueSwitchParameter]" name="PSScriptAnalyzer rule-sets.Script '/home/mark/Documents/Projects/GogsPS/GogsPS/Public/Remove-GogsUser.ps1'.Rule [PSAvoidDefaultValueSwitchParameter]" time="0.0445" asserts="0" success="True" result="Success" executed="True" />
                  <test-case description="Rule [PSAvoidDefaultValueForMandatoryParameter]" name="PSScriptAnalyzer rule-sets.Script '/home/mark/Documents/Projects/GogsPS/GogsPS/Public/Remove-GogsUser.ps1'.Rule [PSAvoidDefaultValueForMandatoryParameter]" time="0.0413" asserts="0" success="True" result="Success" executed="True" />
                  <test-case description="Rule [PSAvoidUsingEmptyCatchBlock]" name="PSScriptAnalyzer rule-sets.Script '/home/mark/Documents/Projects/GogsPS/GogsPS/Public/Remove-GogsUser.ps1'.Rule [PSAvoidUsingEmptyCatchBlock]" time="0.0464" asserts="0" success="True" result="Success" executed="True" />
                  <test-case description="Rule [PSAvoidGlobalAliases]" name="PSScriptAnalyzer rule-sets.Script '/home/mark/Documents/Projects/GogsPS/GogsPS/Public/Remove-GogsUser.ps1'.Rule [PSAvoidGlobalAliases]" time="0.0361" asserts="0" success="True" result="Success" executed="True" />
                  <test-case description="Rule [PSAvoidGlobalFunctions]" name="PSScriptAnalyzer rule-sets.Script '/home/mark/Documents/Projects/GogsPS/GogsPS/Public/Remove-GogsUser.ps1'.Rule [PSAvoidGlobalFunctions]" time="0.0446" asserts="0" success="True" result="Success" executed="True" />
                  <test-case description="Rule [PSAvoidGlobalVars]" name="PSScriptAnalyzer rule-sets.Script '/home/mark/Documents/Projects/GogsPS/GogsPS/Public/Remove-GogsUser.ps1'.Rule [PSAvoidGlobalVars]" time="0.0356" asserts="0" success="True" result="Success" executed="True" />
                  <test-case description="Rule [PSAvoidInvokingEmptyMembers]" name="PSScriptAnalyzer rule-sets.Script '/home/mark/Documents/Projects/GogsPS/GogsPS/Public/Remove-GogsUser.ps1'.Rule [PSAvoidInvokingEmptyMembers]" time="0.0479" asserts="0" success="True" result="Success" executed="True" />
                  <test-case description="Rule [PSAvoidNullOrEmptyHelpMessageAttribute]" name="PSScriptAnalyzer rule-sets.Script '/home/mark/Documents/Projects/GogsPS/GogsPS/Public/Remove-GogsUser.ps1'.Rule [PSAvoidNullOrEmptyHelpMessageAttribute]" time="0.0427" asserts="0" success="True" result="Success" executed="True" />
                  <test-case description="Rule [PSAvoidUsingPositionalParameters]" name="PSScriptAnalyzer rule-sets.Script '/home/mark/Documents/Projects/GogsPS/GogsPS/Public/Remove-GogsUser.ps1'.Rule [PSAvoidUsingPositionalParameters]" time="0.0489" asserts="0" success="True" result="Success" executed="True" />
                  <test-case description="Rule [PSReservedCmdletChar]" name="PSScriptAnalyzer rule-sets.Script '/home/mark/Documents/Projects/GogsPS/GogsPS/Public/Remove-GogsUser.ps1'.Rule [PSReservedCmdletChar]" time="0.0365" asserts="0" success="True" result="Success" executed="True" />
                  <test-case description="Rule [PSReservedParams]" name="PSScriptAnalyzer rule-sets.Script '/home/mark/Documents/Projects/GogsPS/GogsPS/Public/Remove-GogsUser.ps1'.Rule [PSReservedParams]" time="0.0421" asserts="0" success="True" result="Success" executed="True" />
                  <test-case description="Rule [PSAvoidShouldContinueWithoutForce]" name="PSScriptAnalyzer rule-sets.Script '/home/mark/Documents/Projects/GogsPS/GogsPS/Public/Remove-GogsUser.ps1'.Rule [PSAvoidShouldContinueWithoutForce]" time="0.0525" asserts="0" success="True" result="Success" executed="True" />
                  <test-case description="Rule [PSAvoidTrailingWhitespace]" name="PSScriptAnalyzer rule-sets.Script '/home/mark/Documents/Projects/GogsPS/GogsPS/Public/Remove-GogsUser.ps1'.Rule [PSAvoidTrailingWhitespace]" time="0.0415" asserts="0" success="True" result="Success" executed="True" />
                  <test-case description="Rule [PSAvoidUsingUserNameAndPassWordParams]" name="PSScriptAnalyzer rule-sets.Script '/home/mark/Documents/Projects/GogsPS/GogsPS/Public/Remove-GogsUser.ps1'.Rule [PSAvoidUsingUserNameAndPassWordParams]" time="0.0434" asserts="0" success="True" result="Success" executed="True" />
                  <test-case description="Rule [PSAvoidUsingComputerNameHardcoded]" name="PSScriptAnalyzer rule-sets.Script '/home/mark/Documents/Projects/GogsPS/GogsPS/Public/Remove-GogsUser.ps1'.Rule [PSAvoidUsingComputerNameHardcoded]" time="0.0454" asserts="0" success="True" result="Success" executed="True" />
                  <test-case description="Rule [PSAvoidUsingConvertToSecureStringWithPlainText]" name="PSScriptAnalyzer rule-sets.Script '/home/mark/Documents/Projects/GogsPS/GogsPS/Public/Remove-GogsUser.ps1'.Rule [PSAvoidUsingConvertToSecureStringWithPlainText]" time="0.0337" asserts="0" success="True" result="Success" executed="True" />
                  <test-case description="Rule [PSAvoidUsingDeprecatedManifestFields]" name="PSScriptAnalyzer rule-sets.Script '/home/mark/Documents/Projects/GogsPS/GogsPS/Public/Remove-GogsUser.ps1'.Rule [PSAvoidUsingDeprecatedManifestFields]" time="0.0442" asserts="0" success="True" result="Success" executed="True" />
                  <test-case description="Rule [PSAvoidUsingInvokeExpression]" name="PSScriptAnalyzer rule-sets.Script '/home/mark/Documents/Projects/GogsPS/GogsPS/Public/Remove-GogsUser.ps1'.Rule [PSAvoidUsingInvokeExpression]" time="0.0339" asserts="0" success="True" result="Success" executed="True" />
                  <test-case description="Rule [PSAvoidUsingPlainTextForPassword]" name="PSScriptAnalyzer rule-sets.Script '/home/mark/Documents/Projects/GogsPS/GogsPS/Public/Remove-GogsUser.ps1'.Rule [PSAvoidUsingPlainTextForPassword]" time="0.0489" asserts="0" success="True" result="Success" executed="True" />
                  <test-case description="Rule [PSAvoidUsingWMICmdlet]" name="PSScriptAnalyzer rule-sets.Script '/home/mark/Documents/Projects/GogsPS/GogsPS/Public/Remove-GogsUser.ps1'.Rule [PSAvoidUsingWMICmdlet]" time="0.0577" asserts="0" success="True" result="Success" executed="True" />
                  <test-case description="Rule [PSAvoidUsingWriteHost]" name="PSScriptAnalyzer rule-sets.Script '/home/mark/Documents/Projects/GogsPS/GogsPS/Public/Remove-GogsUser.ps1'.Rule [PSAvoidUsingWriteHost]" time="0.0515" asserts="0" success="True" result="Success" executed="True" />
                  <test-case description="Rule [PSMisleadingBacktick]" name="PSScriptAnalyzer rule-sets.Script '/home/mark/Documents/Projects/GogsPS/GogsPS/Public/Remove-GogsUser.ps1'.Rule [PSMisleadingBacktick]" time="0.0329" asserts="0" success="True" result="Success" executed="True" />
                  <test-case description="Rule [PSMissingModuleManifestField]" name="PSScriptAnalyzer rule-sets.Script '/home/mark/Documents/Projects/GogsPS/GogsPS/Public/Remove-GogsUser.ps1'.Rule [PSMissingModuleManifestField]" time="0.0463" asserts="0" success="True" result="Success" executed="True" />
                  <test-case description="Rule [PSPlaceCloseBrace]" name="PSScriptAnalyzer rule-sets.Script '/home/mark/Documents/Projects/GogsPS/GogsPS/Public/Remove-GogsUser.ps1'.Rule [PSPlaceCloseBrace]" time="0.0344" asserts="0" success="True" result="Success" executed="True" />
                  <test-case description="Rule [PSPlaceOpenBrace]" name="PSScriptAnalyzer rule-sets.Script '/home/mark/Documents/Projects/GogsPS/GogsPS/Public/Remove-GogsUser.ps1'.Rule [PSPlaceOpenBrace]" time="0.0369" asserts="0" success="True" result="Success" executed="True" />
                  <test-case description="Rule [PSPossibleIncorrectComparisonWithNull]" name="PSScriptAnalyzer rule-sets.Script '/home/mark/Documents/Projects/GogsPS/GogsPS/Public/Remove-GogsUser.ps1'.Rule [PSPossibleIncorrectComparisonWithNull]" time="0.0465" asserts="0" success="True" result="Success" executed="True" />
                  <test-case description="Rule [PSPossibleIncorrectUsageOfAssignmentOperator]" name="PSScriptAnalyzer rule-sets.Script '/home/mark/Documents/Projects/GogsPS/GogsPS/Public/Remove-GogsUser.ps1'.Rule [PSPossibleIncorrectUsageOfAssignmentOperator]" time="0.0481" asserts="0" success="True" result="Success" executed="True" />
                  <test-case description="Rule [PSPossibleIncorrectUsageOfRedirectionOperator]" name="PSScriptAnalyzer rule-sets.Script '/home/mark/Documents/Projects/GogsPS/GogsPS/Public/Remove-GogsUser.ps1'.Rule [PSPossibleIncorrectUsageOfRedirectionOperator]" time="0.0331" asserts="0" success="True" result="Success" executed="True" />
                  <test-case description="Rule [PSProvideCommentHelp]" name="PSScriptAnalyzer rule-sets.Script '/home/mark/Documents/Projects/GogsPS/GogsPS/Public/Remove-GogsUser.ps1'.Rule [PSProvideCommentHelp]" time="0.0399" asserts="0" success="True" result="Success" executed="True" />
                  <test-case description="Rule [PSUseApprovedVerbs]" name="PSScriptAnalyzer rule-sets.Script '/home/mark/Documents/Projects/GogsPS/GogsPS/Public/Remove-GogsUser.ps1'.Rule [PSUseApprovedVerbs]" time="0.054" asserts="0" success="True" result="Success" executed="True" />
[...]
                  <test-case description="Rule [PSUseToExportFieldsInManifest]" name="PSScriptAnalyzer rule-sets.Script '/home/mark/Documents/Projects/GogsPS/GogsPS/GogsPS.psd1'.Rule [PSUseToExportFieldsInManifest]" time="0.1618" asserts="0" success="False" result="Failure" executed="True">
                    <failure>
                      <message>Expected 0, but got 1.</message>
                      <stack-trace>at &lt;ScriptBlock&gt;, /home/mark/Documents/Projects/GogsPS/Tests/Project.Tests.ps1: line 18
18:                     (Invoke-ScriptAnalyzer -Path $script.FullName -IncludeRule $rule.RuleName ).Count | Should Be 0</stack-trace>
                    </failure>
                  </test-case>
                  <test-case description="Rule [PSUseUTF8EncodingForHelpFile]" name="PSScriptAnalyzer rule-sets.Script '/home/mark/Documents/Projects/GogsPS/GogsPS/GogsPS.psd1'.Rule [PSUseUTF8EncodingForHelpFile]" time="0.0796" asserts="0" success="True" result="Success" executed="True" />
                  <test-case description="Rule [PSDSCDscExamplesPresent]" name="PSScriptAnalyzer rule-sets.Script '/home/mark/Documents/Projects/GogsPS/GogsPS/GogsPS.psd1'.Rule [PSDSCDscExamplesPresent]" time="0.0428" asserts="0" success="True" result="Success" executed="True" />
                  <test-case description="Rule [PSDSCDscTestsPresent]" name="PSScriptAnalyzer rule-sets.Script '/home/mark/Documents/Projects/GogsPS/GogsPS/GogsPS.psd1'.Rule [PSDSCDscTestsPresent]" time="0.0397" asserts="0" success="True" result="Success" executed="True" />
                  <test-case description="Rule [PSDSCReturnCorrectTypesForDSCFunctions]" name="PSScriptAnalyzer rule-sets.Script '/home/mark/Documents/Projects/GogsPS/GogsPS/GogsPS.psd1'.Rule [PSDSCReturnCorrectTypesForDSCFunctions]" time="0.039" asserts="0" success="True" result="Success" executed="True" />
                  <test-case description="Rule [PSDSCUseIdenticalMandatoryParametersForDSC]" name="PSScriptAnalyzer rule-sets.Script '/home/mark/Documents/Projects/GogsPS/GogsPS/GogsPS.psd1'.Rule [PSDSCUseIdenticalMandatoryParametersForDSC]" time="0.0381" asserts="0" success="True" result="Success" executed="True" />
                  <test-case description="Rule [PSDSCUseIdenticalParametersForDSC]" name="PSScriptAnalyzer rule-sets.Script '/home/mark/Documents/Projects/GogsPS/GogsPS/GogsPS.psd1'.Rule [PSDSCUseIdenticalParametersForDSC]" time="0.0378" asserts="0" success="True" result="Success" executed="True" />
                  <test-case description="Rule [PSDSCStandardDSCFunctionsInResource]" name="PSScriptAnalyzer rule-sets.Script '/home/mark/Documents/Projects/GogsPS/GogsPS/GogsPS.psd1'.Rule [PSDSCStandardDSCFunctionsInResource]" time="0.0467" asserts="0" success="True" result="Success" executed="True" />
                  <test-case description="Rule [PSDSCUseVerboseMessageInDSCResource]" name="PSScriptAnalyzer rule-sets.Script '/home/mark/Documents/Projects/GogsPS/GogsPS/GogsPS.psd1'.Rule [PSDSCUseVerboseMessageInDSCResource]" time="0.0405" asserts="0" success="True" result="Success" executed="True" />
                </results>
              </test-suite>
              <test-suite type="TestFixture" name="Script '/home/mark/Documents/Projects/GogsPS/GogsPS/GogsPS.psm1'" executed="True" result="Success" success="True" time="2.3226" asserts="0" description="Script '/home/mark/Documents/Projects/GogsPS/GogsPS/GogsPS.psm1'">
                <results>
                  <test-case description="Rule [PSAlignAssignmentStatement]" name="PSScriptAnalyzer rule-sets.Script '/home/mark/Documents/Projects/GogsPS/GogsPS/GogsPS.psm1'.Rule [PSAlignAssignmentStatement]" time="0.1081" asserts="0" success="True" result="Success" executed="True" />
                  <test-case description="Rule [PSAvoidUsingCmdletAliases]" name="PSScriptAnalyzer rule-sets.Script '/home/mark/Documents/Projects/GogsPS/GogsPS/GogsPS.psm1'.Rule [PSAvoidUsingCmdletAliases]" time="0.042" asserts="0" success="True" result="Success" executed="True" />
                  <test-case description="Rule [PSAvoidAssignmentToAutomaticVariable]" name="PSScriptAnalyzer rule-sets.Script '/home/mark/Documents/Projects/GogsPS/GogsPS/GogsPS.psm1'.Rule [PSAvoidAssignmentToAutomaticVariable]" time="0.0321" asserts="0" success="True" result="Success" executed="True" />
                  <test-case description="Rule [PSAvoidDefaultValueSwitchParameter]" name="PSScriptAnalyzer rule-sets.Script '/home/mark/Documents/Projects/GogsPS/GogsPS/GogsPS.psm1'.Rule [PSAvoidDefaultValueSwitchParameter]" time="0.0516" asserts="0" success="True" result="Success" executed="True" />
                  <test-case description="Rule [PSAvoidDefaultValueForMandatoryParameter]" name="PSScriptAnalyzer rule-sets.Script '/home/mark/Documents/Projects/GogsPS/GogsPS/GogsPS.psm1'.Rule [PSAvoidDefaultValueForMandatoryParameter]" time="0.0432" asserts="0" success="True" result="Success" executed="True" />
                  <test-case description="Rule [PSAvoidUsingEmptyCatchBlock]" name="PSScriptAnalyzer rule-sets.Script '/home/mark/Documents/Projects/GogsPS/GogsPS/GogsPS.psm1'.Rule [PSAvoidUsingEmptyCatchBlock]" time="0.0518" asserts="0" success="True" result="Success" executed="True" />
                  <test-case description="Rule [PSAvoidGlobalAliases]" name="PSScriptAnalyzer rule-sets.Script '/home/mark/Documents/Projects/GogsPS/GogsPS/GogsPS.psm1'.Rule [PSAvoidGlobalAliases]" time="0.038" asserts="0" success="True" result="Success" executed="True" />
                  <test-case description="Rule [PSAvoidGlobalFunctions]" name="PSScriptAnalyzer rule-sets.Script '/home/mark/Documents/Projects/GogsPS/GogsPS/GogsPS.psm1'.Rule [PSAvoidGlobalFunctions]" time="0.0379" asserts="0" success="True" result="Success" executed="True" />
                  <test-case description="Rule [PSAvoidGlobalVars]" name="PSScriptAnalyzer rule-sets.Script '/home/mark/Documents/Projects/GogsPS/GogsPS/GogsPS.psm1'.Rule [PSAvoidGlobalVars]" time="0.0372" asserts="0" success="True" result="Success" executed="True" />
                  <test-case description="Rule [PSAvoidInvokingEmptyMembers]" name="PSScriptAnalyzer rule-sets.Script '/home/mark/Documents/Projects/GogsPS/GogsPS/GogsPS.psm1'.Rule [PSAvoidInvokingEmptyMembers]" time="0.0311" asserts="0" success="True" result="Success" executed="True" />
                  <test-case description="Rule [PSAvoidNullOrEmptyHelpMessageAttribute]" name="PSScriptAnalyzer rule-sets.Script '/home/mark/Documents/Projects/GogsPS/GogsPS/GogsPS.psm1'.Rule [PSAvoidNullOrEmptyHelpMessageAttribute]" time="0.0452" asserts="0" success="True" result="Success" executed="True" />
                  <test-case description="Rule [PSAvoidUsingPositionalParameters]" name="PSScriptAnalyzer rule-sets.Script '/home/mark/Documents/Projects/GogsPS/GogsPS/GogsPS.psm1'.Rule [PSAvoidUsingPositionalParameters]" time="0.0344" asserts="0" success="True" result="Success" executed="True" />
                  <test-case description="Rule [PSReservedCmdletChar]" name="PSScriptAnalyzer rule-sets.Script '/home/mark/Documents/Projects/GogsPS/GogsPS/GogsPS.psm1'.Rule [PSReservedCmdletChar]" time="0.0441" asserts="0" success="True" result="Success" executed="True" />
                  <test-case description="Rule [PSReservedParams]" name="PSScriptAnalyzer rule-sets.Script '/home/mark/Documents/Projects/GogsPS/GogsPS/GogsPS.psm1'.Rule [PSReservedParams]" time="0.0355" asserts="0" success="True" result="Success" executed="True" />
                  <test-case description="Rule [PSAvoidShouldContinueWithoutForce]" name="PSScriptAnalyzer rule-sets.Script '/home/mark/Documents/Projects/GogsPS/GogsPS/GogsPS.psm1'.Rule [PSAvoidShouldContinueWithoutForce]" time="0.0485" asserts="0" success="True" result="Success" executed="True" />
                  <test-case description="Rule [PSAvoidTrailingWhitespace]" name="PSScriptAnalyzer rule-sets.Script '/home/mark/Documents/Projects/GogsPS/GogsPS/GogsPS.psm1'.Rule [PSAvoidTrailingWhitespace]" time="0.0415" asserts="0" success="True" result="Success" executed="True" />
                  <test-case description="Rule [PSAvoidUsingUserNameAndPassWordParams]" name="PSScriptAnalyzer rule-sets.Script '/home/mark/Documents/Projects/GogsPS/GogsPS/GogsPS.psm1'.Rule [PSAvoidUsingUserNameAndPassWordParams]" time="0.0374" asserts="0" success="True" result="Success" executed="True" />
                  <test-case description="Rule [PSAvoidUsingComputerNameHardcoded]" name="PSScriptAnalyzer rule-sets.Script '/home/mark/Documents/Projects/GogsPS/GogsPS/GogsPS.psm1'.Rule [PSAvoidUsingComputerNameHardcoded]" time="0.0436" asserts="0" success="True" result="Success" executed="True" />
                  <test-case description="Rule [PSAvoidUsingConvertToSecureStringWithPlainText]" name="PSScriptAnalyzer rule-sets.Script '/home/mark/Documents/Projects/GogsPS/GogsPS/GogsPS.psm1'.Rule [PSAvoidUsingConvertToSecureStringWithPlainText]" time="0.0328" asserts="0" success="True" result="Success" executed="True" />
                  <test-case description="Rule [PSAvoidUsingDeprecatedManifestFields]" name="PSScriptAnalyzer rule-sets.Script '/home/mark/Documents/Projects/GogsPS/GogsPS/GogsPS.psm1'.Rule [PSAvoidUsingDeprecatedManifestFields]" time="0.0494" asserts="0" success="True" result="Success" executed="True" />
                  <test-case description="Rule [PSAvoidUsingInvokeExpression]" name="PSScriptAnalyzer rule-sets.Script '/home/mark/Documents/Projects/GogsPS/GogsPS/GogsPS.psm1'.Rule [PSAvoidUsingInvokeExpression]" time="0.0323" asserts="0" success="True" result="Success" executed="True" />
                  <test-case description="Rule [PSAvoidUsingPlainTextForPassword]" name="PSScriptAnalyzer rule-sets.Script '/home/mark/Documents/Projects/GogsPS/GogsPS/GogsPS.psm1'.Rule [PSAvoidUsingPlainTextForPassword]" time="0.0468" asserts="0" success="True" result="Success" executed="True" />
                  <test-case description="Rule [PSAvoidUsingWMICmdlet]" name="PSScriptAnalyzer rule-sets.Script '/home/mark/Documents/Projects/GogsPS/GogsPS/GogsPS.psm1'.Rule [PSAvoidUsingWMICmdlet]" time="0.0347" asserts="0" success="True" result="Success" executed="True" />
                  <test-case description="Rule [PSAvoidUsingWriteHost]" name="PSScriptAnalyzer rule-sets.Script '/home/mark/Documents/Projects/GogsPS/GogsPS/GogsPS.psm1'.Rule [PSAvoidUsingWriteHost]" time="0.0539" asserts="0" success="True" result="Success" executed="True" />
                  <test-case description="Rule [PSMisleadingBacktick]" name="PSScriptAnalyzer rule-sets.Script '/home/mark/Documents/Projects/GogsPS/GogsPS/GogsPS.psm1'.Rule [PSMisleadingBacktick]" time="0.0387" asserts="0" success="True" result="Success" executed="True" />
                  <test-case description="Rule [PSMissingModuleManifestField]" name="PSScriptAnalyzer rule-sets.Script '/home/mark/Documents/Projects/GogsPS/GogsPS/GogsPS.psm1'.Rule [PSMissingModuleManifestField]" time="0.0377" asserts="0" success="True" result="Success" executed="True" />
                  <test-case description="Rule [PSPlaceCloseBrace]" name="PSScriptAnalyzer rule-sets.Script '/home/mark/Documents/Projects/GogsPS/GogsPS/GogsPS.psm1'.Rule [PSPlaceCloseBrace]" time="0.0463" asserts="0" success="True" result="Success" executed="True" />
                  <test-case description="Rule [PSPlaceOpenBrace]" name="PSScriptAnalyzer rule-sets.Script '/home/mark/Documents/Projects/GogsPS/GogsPS/GogsPS.psm1'.Rule [PSPlaceOpenBrace]" time="0.0393" asserts="0" success="True" result="Success" executed="True" />
                  <test-case description="Rule [PSPossibleIncorrectComparisonWithNull]" name="PSScriptAnalyzer rule-sets.Script '/home/mark/Documents/Projects/GogsPS/GogsPS/GogsPS.psm1'.Rule [PSPossibleIncorrectComparisonWithNull]" time="0.039" asserts="0" success="True" result="Success" executed="True" />
                  <test-case description="Rule [PSPossibleIncorrectUsageOfAssignmentOperator]" name="PSScriptAnalyzer rule-sets.Script '/home/mark/Documents/Projects/GogsPS/GogsPS/GogsPS.psm1'.Rule [PSPossibleIncorrectUsageOfAssignmentOperator]" time="0.0408" asserts="0" success="True" result="Success" executed="True" />
                  <test-case description="Rule [PSPossibleIncorrectUsageOfRedirectionOperator]" name="PSScriptAnalyzer rule-sets.Script '/home/mark/Documents/Projects/GogsPS/GogsPS/GogsPS.psm1'.Rule [PSPossibleIncorrectUsageOfRedirectionOperator]" time="0.05" asserts="0" success="True" result="Success" executed="True" />
                  <test-case description="Rule [PSProvideCommentHelp]" name="PSScriptAnalyzer rule-sets.Script '/home/mark/Documents/Projects/GogsPS/GogsPS/GogsPS.psm1'.Rule [PSProvideCommentHelp]" time="0.038" asserts="0" success="True" result="Success" executed="True" />
                  <test-case description="Rule [PSUseApprovedVerbs]" name="PSScriptAnalyzer rule-sets.Script '/home/mark/Documents/Projects/GogsPS/GogsPS/GogsPS.psm1'.Rule [PSUseApprovedVerbs]" time="0.0542" asserts="0" success="True" result="Success" executed="True" />
                  <test-case description="Rule [PSUseBOMForUnicodeEncodedFile]" name="PSScriptAnalyzer rule-sets.Script '/home/mark/Documents/Projects/GogsPS/GogsPS/GogsPS.psm1'.Rule [PSUseBOMForUnicodeEncodedFile]" time="0.0324" asserts="0" success="True" result="Success" executed="True" />
                  <test-case description="Rule [PSUseCmdletCorrectly]" name="PSScriptAnalyzer rule-sets.Script '/home/mark/Documents/Projects/GogsPS/GogsPS/GogsPS.psm1'.Rule [PSUseCmdletCorrectly]" time="0.0516" asserts="0" success="True" result="Success" executed="True" />
                  <test-case description="Rule [PSUseCompatibleCmdlets]" name="PSScriptAnalyzer rule-sets.Script '/home/mark/Documents/Projects/GogsPS/GogsPS/GogsPS.psm1'.Rule [PSUseCompatibleCmdlets]" time="0.0492" asserts="0" success="True" result="Success" executed="True" />
                  <test-case description="Rule [PSUseConsistentIndentation]" name="PSScriptAnalyzer rule-sets.Script '/home/mark/Documents/Projects/GogsPS/GogsPS/GogsPS.psm1'.Rule [PSUseConsistentIndentation]" time="0.04" asserts="0" success="True" result="Success" executed="True" />
                  <test-case description="Rule [PSUseConsistentWhitespace]" name="PSScriptAnalyzer rule-sets.Script '/home/mark/Documents/Projects/GogsPS/GogsPS/GogsPS.psm1'.Rule [PSUseConsistentWhitespace]" time="0.0542" asserts="0" success="True" result="Success" executed="True" />
                  <test-case description="Rule [PSUseDeclaredVarsMoreThanAssignments]" name="PSScriptAnalyzer rule-sets.Script '/home/mark/Documents/Projects/GogsPS/GogsPS/GogsPS.psm1'.Rule [PSUseDeclaredVarsMoreThanAssignments]" time="0.0396" asserts="0" success="True" result="Success" executed="True" />
                  <test-case description="Rule [PSUseLiteralInitializerForHashtable]" name="PSScriptAnalyzer rule-sets.Script '/home/mark/Documents/Projects/GogsPS/GogsPS/GogsPS.psm1'.Rule [PSUseLiteralInitializerForHashtable]" time="0.0462" asserts="0" success="True" result="Success" executed="True" />
                  <test-case description="Rule [PSUseOutputTypeCorrectly]" name="PSScriptAnalyzer rule-sets.Script '/home/mark/Documents/Projects/GogsPS/GogsPS/GogsPS.psm1'.Rule [PSUseOutputTypeCorrectly]" time="0.0386" asserts="0" success="True" result="Success" executed="True" />
                  <test-case description="Rule [PSUsePSCredentialType]" name="PSScriptAnalyzer rule-sets.Script '/home/mark/Documents/Projects/GogsPS/GogsPS/GogsPS.psm1'.Rule [PSUsePSCredentialType]" time="0.0444" asserts="0" success="True" result="Success" executed="True" />
                  <test-case description="Rule [PSShouldProcess]" name="PSScriptAnalyzer rule-sets.Script '/home/mark/Documents/Projects/GogsPS/GogsPS/GogsPS.psm1'.Rule [PSShouldProcess]" time="0.0418" asserts="0" success="True" result="Success" executed="True" />
                  <test-case description="Rule [PSUseShouldProcessForStateChangingFunctions]" name="PSScriptAnalyzer rule-sets.Script '/home/mark/Documents/Projects/GogsPS/GogsPS/GogsPS.psm1'.Rule [PSUseShouldProcessForStateChangingFunctions]" time="0.0461" asserts="0" success="True" result="Success" executed="True" />
                  <test-case description="Rule [PSUseSupportsShouldProcess]" name="PSScriptAnalyzer rule-sets.Script '/home/mark/Documents/Projects/GogsPS/GogsPS/GogsPS.psm1'.Rule [PSUseSupportsShouldProcess]" time="0.032" asserts="0" success="True" result="Success" executed="True" />
                  <test-case description="Rule [PSUseToExportFieldsInManifest]" name="PSScriptAnalyzer rule-sets.Script '/home/mark/Documents/Projects/GogsPS/GogsPS/GogsPS.psm1'.Rule [PSUseToExportFieldsInManifest]" time="0.0409" asserts="0" success="True" result="Success" executed="True" />
                  <test-case description="Rule [PSUseUTF8EncodingForHelpFile]" name="PSScriptAnalyzer rule-sets.Script '/home/mark/Documents/Projects/GogsPS/GogsPS/GogsPS.psm1'.Rule [PSUseUTF8EncodingForHelpFile]" time="0.0423" asserts="0" success="True" result="Success" executed="True" />
                  <test-case description="Rule [PSDSCDscExamplesPresent]" name="PSScriptAnalyzer rule-sets.Script '/home/mark/Documents/Projects/GogsPS/GogsPS/GogsPS.psm1'.Rule [PSDSCDscExamplesPresent]" time="0.0519" asserts="0" success="True" result="Success" executed="True" />
                  <test-case description="Rule [PSDSCDscTestsPresent]" name="PSScriptAnalyzer rule-sets.Script '/home/mark/Documents/Projects/GogsPS/GogsPS/GogsPS.psm1'.Rule [PSDSCDscTestsPresent]" time="0.0487" asserts="0" success="True" result="Success" executed="True" />
                  <test-case description="Rule [PSDSCReturnCorrectTypesForDSCFunctions]" name="PSScriptAnalyzer rule-sets.Script '/home/mark/Documents/Projects/GogsPS/GogsPS/GogsPS.psm1'.Rule [PSDSCReturnCorrectTypesForDSCFunctions]" time="0.0336" asserts="0" success="True" result="Success" executed="True" />
                  <test-case description="Rule [PSDSCUseIdenticalMandatoryParametersForDSC]" name="PSScriptAnalyzer rule-sets.Script '/home/mark/Documents/Projects/GogsPS/GogsPS/GogsPS.psm1'.Rule [PSDSCUseIdenticalMandatoryParametersForDSC]" time="0.0448" asserts="0" success="True" result="Success" executed="True" />
                  <test-case description="Rule [PSDSCUseIdenticalParametersForDSC]" name="PSScriptAnalyzer rule-sets.Script '/home/mark/Documents/Projects/GogsPS/GogsPS/GogsPS.psm1'.Rule [PSDSCUseIdenticalParametersForDSC]" time="0.0395" asserts="0" success="True" result="Success" executed="True" />
                  <test-case description="Rule [PSDSCStandardDSCFunctionsInResource]" name="PSScriptAnalyzer rule-sets.Script '/home/mark/Documents/Projects/GogsPS/GogsPS/GogsPS.psm1'.Rule [PSDSCStandardDSCFunctionsInResource]" time="0.0373" asserts="0" success="True" result="Success" executed="True" />
                  <test-case description="Rule [PSDSCUseVerboseMessageInDSCResource]" name="PSScriptAnalyzer rule-sets.Script '/home/mark/Documents/Projects/GogsPS/GogsPS/GogsPS.psm1'.Rule [PSDSCUseVerboseMessageInDSCResource]" time="0.0302" asserts="0" success="True" result="Success" executed="True" />
                </results>
              </test-suite>
            </results>
          </test-suite>
          <test-suite type="TestFixture" name="General project validation: GogsPS" executed="True" result="Success" success="True" time="0.1363" asserts="0" description="General project validation: GogsPS">
            <results>
              <test-case description="Module 'GogsPS' can import cleanly" name="General project validation: GogsPS.Module 'GogsPS' can import cleanly" time="0.1363" asserts="0" success="True" result="Success" executed="True" />
            </results>
          </test-suite>
        </results>
      </test-suite>
    </results>
  </test-suite>
</test-results>